#
# A fatal error has been detected by the Java Runtime Environment:
#
#  EXCEPTION_ACCESS_VIOLATION (0xc0000005) at pc=0x000000006440aee7, pid=5036, tid=0x0000000000000a18
#
# JRE version: OpenJDK Runtime Environment (8.0_202-b03) (build 1.8.0_202-release-1483-b03)
# Java VM: OpenJDK 64-Bit Server VM (25.202-b03 mixed mode windows-amd64 compressed oops)
# Problematic frame:
# V  [jvm.dll+0x46aee7]
#
# Failed to write core dump. Minidumps are not enabled by default on client versions of Windows
#
# If you would like to submit a bug report, please visit:
#   http://bugreport.java.com/bugreport/crash.jsp
#

---------------  T H R E A D  ---------------

Current thread (0x000000005875d800):  JavaThread "C2 CompilerThread1" daemon [_thread_in_native, id=2584, stack(0x0000000059260000,0x0000000059360000)]

siginfo: ExceptionCode=0xc0000005, reading address 0x000043005ca77368

Registers:
RAX=0x000043005ca77320, RBX=0x00000000000009bb, RCX=0x0000000000000009, RDX=0x000000005e120050
RSP=0x000000005935c2f0, RBP=0x00000000001564a0, RSI=0x00000000000030e6, RDI=0x000000005e0a9010
R8 =0x0000000005055455, R9 =0x00000000000441d0, R10=0x000000005935c660, R11=0x000000005935c350
R12=0x000000005e120050, R13=0x000000005935c950, R14=0x0000000063fa0000, R15=0x000000006476a650
RIP=0x000000006440aee7, EFLAGS=0x0000000000010207

Top of Stack: (sp=0x000000005935c2f0)
0x000000005935c2f0:   000000000000286d 0000000000000003
0x000000005935c300:   00000000001564a0 00000000000030e6
0x000000005935c310:   000009be00000000 0000000000000006
0x000000005935c320:   000000005a084200 000000000000000a
0x000000005935c330:   000000005a0843f0 000000000000003d
0x000000005935c340:   000000005935c4d0 0000000064447044
0x000000005935c350:   0000000000000001 000000005bd860a8
0x000000005935c360:   0000000059f76750 000000005935c950
0x000000005935c370:   000000005935c950 000000006440c3c8
0x000000005935c380:   00000000001564a0 000000005e276528
0x000000005935c390:   000000005935c480 0000000000000001
0x000000005935c3a0:   0000000200000000 0000000000000007
0x000000005935c3b0:   000000005bd860a8 000030e600000001
0x000000005935c3c0:   0000069400000006 0000000000000001
0x000000005935c3d0:   0000000005055455 0000000000000000
0x000000005935c3e0:   0000000000000000 0000000000000000 

Instructions: (pc=0x000000006440aee7)
0x000000006440aec7:   8b de 48 8d 3c 80 48 c1 e7 05 49 03 7a 10 85 db
0x000000006440aed7:   0f 84 f3 fe ff ff 48 8b 47 08 8b cb 48 c1 e9 08
0x000000006440aee7:   4c 8b 0c c8 4d 3b cf 75 0d 8b d3 48 8b cf e8 16
0x000000006440aef7:   44 00 00 4c 8b c8 8b d3 83 e3 1f 41 b8 01 00 00 


Register to memory mapping:

RAX=0x000043005ca77320 is an unknown value
RBX=0x00000000000009bb is an unknown value
RCX=0x0000000000000009 is an unknown value
RDX=0x000000005e120050 is an unknown value
RSP=0x000000005935c2f0 is pointing into the stack for thread: 0x000000005875d800
RBP=0x00000000001564a0 is an unknown value
RSI=0x00000000000030e6 is an unknown value
RDI=0x000000005e0a9010 is an unknown value
R8 =0x0000000005055455 is an unknown value
R9 =0x00000000000441d0 is an unknown value
R10=0x000000005935c660 is pointing into the stack for thread: 0x000000005875d800
R11=0x000000005935c350 is pointing into the stack for thread: 0x000000005875d800
R12=0x000000005e120050 is an unknown value
R13=0x000000005935c950 is pointing into the stack for thread: 0x000000005875d800
R14=0x0000000063fa0000 is an unknown value
R15=0x000000006476a650 is an unknown value


Stack: [0x0000000059260000,0x0000000059360000],  sp=0x000000005935c2f0,  free space=1008k
Native frames: (J=compiled Java code, j=interpreted, Vv=VM code, C=native code)
V  [jvm.dll+0x46aee7]
V  [jvm.dll+0x46c3c8]
V  [jvm.dll+0x436f58]
V  [jvm.dll+0x4419bb]
V  [jvm.dll+0x4442b8]
V  [jvm.dll+0x4273d2]
V  [jvm.dll+0x8215f]
V  [jvm.dll+0x82abf]
V  [jvm.dll+0x21db7f]
V  [jvm.dll+0x26f5ba]
C  [msvcr100.dll+0x21d9f]
C  [msvcr100.dll+0x21e3b]
C  [kernel32.dll+0x1652d]
C  [ntdll.dll+0x2c521]


Current CompileTask:
C2:   2145 1955       4       java.net.URLClassLoader$1::run (5 bytes)


---------------  P R O C E S S  ---------------

Java Threads: ( => current thread )
  0x00000000587e1000 JavaThread "Service Thread" daemon [_thread_blocked, id=804, stack(0x0000000059450000,0x0000000059550000)]
  0x000000005875e800 JavaThread "C1 CompilerThread2" daemon [_thread_blocked, id=4880, stack(0x0000000058df0000,0x0000000058ef0000)]
=>0x000000005875d800 JavaThread "C2 CompilerThread1" daemon [_thread_in_native, id=2584, stack(0x0000000059260000,0x0000000059360000)]
  0x0000000058756800 JavaThread "C2 CompilerThread0" daemon [_thread_in_native, id=4544, stack(0x0000000059110000,0x0000000059210000)]
  0x000000005739d800 JavaThread "Attach Listener" daemon [_thread_blocked, id=4920, stack(0x0000000058ef0000,0x0000000058ff0000)]
  0x000000005739c000 JavaThread "Signal Dispatcher" daemon [_thread_blocked, id=3036, stack(0x0000000058cb0000,0x0000000058db0000)]
  0x0000000057383800 JavaThread "Finalizer" daemon [_thread_blocked, id=4148, stack(0x0000000058590000,0x0000000058690000)]
  0x000000005737c800 JavaThread "Reference Handler" daemon [_thread_blocked, id=4500, stack(0x0000000058290000,0x0000000058390000)]
  0x0000000002260000 JavaThread "main" [_thread_in_vm, id=3256, stack(0x00000000024e0000,0x00000000025e0000)]

Other Threads:
  0x0000000057334000 VMThread [stack: 0x00000000583e0000,0x00000000584e0000] [id=3848]
  0x00000000587e1800 WatcherThread [stack: 0x0000000059010000,0x0000000059110000] [id=1716]

VM state:not at safepoint (normal execution)

VM Mutex/Monitor currently owned by a thread: None

heap address: 0x0000000084a00000, size: 1974 MB, Compressed Oops mode: 32-bit
Narrow klass base: 0x0000000000000000, Narrow klass shift: 0
Compressed class space size: 1073741824 Address: 0x00000000169a0000

Heap:
 PSYoungGen      total 49664K, used 38189K [0x00000000d6e00000, 0x00000000db600000, 0x0000000100000000)
  eden space 44544K, 74% used [0x00000000d6e00000,0x00000000d8e4bac8,0x00000000d9980000)
  from space 5120K, 99% used [0x00000000db100000,0x00000000db5ffa10,0x00000000db600000)
  to   space 5120K, 0% used [0x00000000dac00000,0x00000000dac00000,0x00000000db100000)
 ParOldGen       total 65536K, used 10912K [0x0000000084a00000, 0x0000000088a00000, 0x00000000d6e00000)
  object space 65536K, 16% used [0x0000000084a00000,0x00000000854a8140,0x0000000088a00000)
 Metaspace       used 29154K, capacity 29696K, committed 29824K, reserved 1075200K
  class space    used 3548K, capacity 3706K, committed 3712K, reserved 1048576K

Card table byte_map: [0x0000000011c70000,0x0000000012050000] byte_map_base: 0x000000001184b000

Marking Bits: (ParMarkBitMap*) 0x0000000064769f30
 Begin Bits: [0x0000000012810000, 0x00000000146e8000)
 End Bits:   [0x00000000146e8000, 0x00000000165c0000)

Polling page: 0x0000000000240000

CodeCache: size=245760Kb used=6758Kb max_used=6758Kb free=239001Kb
 bounds [0x00000000028b0000, 0x0000000002f50000, 0x00000000118b0000]
 total_blobs=2617 nmethods=2197 adapters=333
 compilation: enabled

Compilation events (10 events):
Event: 2.113 Thread 0x000000005875e800 2204       3       java.lang.Class$MethodArray::addInterfaceMethods (44 bytes)
Event: 2.113 Thread 0x000000005875e800 nmethod 2204 0x0000000002f47890 code [0x0000000002f47a20, 0x0000000002f47e28]
Event: 2.113 Thread 0x000000005875e800 2205       3       org.jetbrains.kotlin.container.CacheKt::getSetterInfos (137 bytes)
Event: 2.115 Thread 0x000000005875e800 nmethod 2205 0x0000000002f47fd0 code [0x0000000002f483e0, 0x0000000002f4a2b8]
Event: 2.127 Thread 0x000000005875e800 2206       1       sun.reflect.generics.repository.AbstractRepository::getFactory (5 bytes)
Event: 2.127 Thread 0x000000005875e800 nmethod 2206 0x0000000002f4b890 code [0x0000000002f4b9e0, 0x0000000002f4baf0]
Event: 2.131 Thread 0x000000005875e800 2207       3       java.lang.Class$AnnotationData::<init> (20 bytes)
Event: 2.131 Thread 0x000000005875e800 nmethod 2207 0x0000000002f4bb50 code [0x0000000002f4bca0, 0x0000000002f4be90]
Event: 2.133 Thread 0x000000005875e800 2208       3       java.lang.Class::createAnnotationData (192 bytes)
Event: 2.134 Thread 0x000000005875e800 nmethod 2208 0x0000000002f4bf50 code [0x0000000002f4c260, 0x0000000002f4d758]

GC Heap History (10 events):
Event: 0.565 GC heap before
{Heap before GC invocations=1 (full 0):
 PSYoungGen      total 36864K, used 31744K [0x00000000d6e00000, 0x00000000d9700000, 0x0000000100000000)
  eden space 31744K, 100% used [0x00000000d6e00000,0x00000000d8d00000,0x00000000d8d00000)
  from space 5120K, 0% used [0x00000000d9200000,0x00000000d9200000,0x00000000d9700000)
  to   space 5120K, 0% used [0x00000000d8d00000,0x00000000d8d00000,0x00000000d9200000)
 ParOldGen       total 84992K, used 0K [0x0000000084a00000, 0x0000000089d00000, 0x00000000d6e00000)
  object space 84992K, 0% used [0x0000000084a00000,0x0000000084a00000,0x0000000089d00000)
 Metaspace       used 9802K, capacity 10000K, committed 10112K, reserved 1058816K
  class space    used 1083K, capacity 1150K, committed 1152K, reserved 1048576K
Event: 0.571 GC heap after
Heap after GC invocations=1 (full 0):
 PSYoungGen      total 36864K, used 5101K [0x00000000d6e00000, 0x00000000d9700000, 0x0000000100000000)
  eden space 31744K, 0% used [0x00000000d6e00000,0x00000000d6e00000,0x00000000d8d00000)
  from space 5120K, 99% used [0x00000000d8d00000,0x00000000d91fb500,0x00000000d9200000)
  to   space 5120K, 0% used [0x00000000d9200000,0x00000000d9200000,0x00000000d9700000)
 ParOldGen       total 84992K, used 2376K [0x0000000084a00000, 0x0000000089d00000, 0x00000000d6e00000)
  object space 84992K, 2% used [0x0000000084a00000,0x0000000084c52108,0x0000000089d00000)
 Metaspace       used 9802K, capacity 10000K, committed 10112K, reserved 1058816K
  class space    used 1083K, capacity 1150K, committed 1152K, reserved 1048576K
}
Event: 1.032 GC heap before
{Heap before GC invocations=2 (full 0):
 PSYoungGen      total 36864K, used 36845K [0x00000000d6e00000, 0x00000000d9700000, 0x0000000100000000)
  eden space 31744K, 100% used [0x00000000d6e00000,0x00000000d8d00000,0x00000000d8d00000)
  from space 5120K, 99% used [0x00000000d8d00000,0x00000000d91fb500,0x00000000d9200000)
  to   space 5120K, 0% used [0x00000000d9200000,0x00000000d9200000,0x00000000d9700000)
 ParOldGen       total 84992K, used 2376K [0x0000000084a00000, 0x0000000089d00000, 0x00000000d6e00000)
  object space 84992K, 2% used [0x0000000084a00000,0x0000000084c52108,0x0000000089d00000)
 Metaspace       used 15352K, capacity 15664K, committed 15744K, reserved 1062912K
  class space    used 1788K, capacity 1884K, committed 1920K, reserved 1048576K
Event: 1.039 GC heap after
Heap after GC invocations=2 (full 0):
 PSYoungGen      total 36864K, used 5112K [0x00000000d6e00000, 0x00000000db600000, 0x0000000100000000)
  eden space 31744K, 0% used [0x00000000d6e00000,0x00000000d6e00000,0x00000000d8d00000)
  from space 5120K, 99% used [0x00000000d9200000,0x00000000d96fe288,0x00000000d9700000)
  to   space 5120K, 0% used [0x00000000d8d00000,0x00000000d8d00000,0x00000000d9200000)
 ParOldGen       total 84992K, used 6778K [0x0000000084a00000, 0x0000000089d00000, 0x00000000d6e00000)
  object space 84992K, 7% used [0x0000000084a00000,0x000000008509e838,0x0000000089d00000)
 Metaspace       used 15352K, capacity 15664K, committed 15744K, reserved 1062912K
  class space    used 1788K, capacity 1884K, committed 1920K, reserved 1048576K
}
Event: 1.325 GC heap before
{Heap before GC invocations=3 (full 0):
 PSYoungGen      total 36864K, used 24472K [0x00000000d6e00000, 0x00000000db600000, 0x0000000100000000)
  eden space 31744K, 60% used [0x00000000d6e00000,0x00000000d80e7d80,0x00000000d8d00000)
  from space 5120K, 99% used [0x00000000d9200000,0x00000000d96fe288,0x00000000d9700000)
  to   space 5120K, 0% used [0x00000000d8d00000,0x00000000d8d00000,0x00000000d9200000)
 ParOldGen       total 84992K, used 6778K [0x0000000084a00000, 0x0000000089d00000, 0x00000000d6e00000)
  object space 84992K, 7% used [0x0000000084a00000,0x000000008509e838,0x0000000089d00000)
 Metaspace       used 20724K, capacity 21158K, committed 21296K, reserved 1069056K
  class space    used 2460K, capacity 2630K, committed 2688K, reserved 1048576K
Event: 1.332 GC heap after
Heap after GC invocations=3 (full 0):
 PSYoungGen      total 36864K, used 5092K [0x00000000d6e00000, 0x00000000db600000, 0x0000000100000000)
  eden space 31744K, 0% used [0x00000000d6e00000,0x00000000d6e00000,0x00000000d8d00000)
  from space 5120K, 99% used [0x00000000d8d00000,0x00000000d91f90e0,0x00000000d9200000)
  to   space 5120K, 0% used [0x00000000db100000,0x00000000db100000,0x00000000db600000)
 ParOldGen       total 84992K, used 10903K [0x0000000084a00000, 0x0000000089d00000, 0x00000000d6e00000)
  object space 84992K, 12% used [0x0000000084a00000,0x00000000854a5e30,0x0000000089d00000)
 Metaspace       used 20724K, capacity 21158K, committed 21296K, reserved 1069056K
  class space    used 2460K, capacity 2630K, committed 2688K, reserved 1048576K
}
Event: 1.332 GC heap before
{Heap before GC invocations=4 (full 1):
 PSYoungGen      total 36864K, used 5092K [0x00000000d6e00000, 0x00000000db600000, 0x0000000100000000)
  eden space 31744K, 0% used [0x00000000d6e00000,0x00000000d6e00000,0x00000000d8d00000)
  from space 5120K, 99% used [0x00000000d8d00000,0x00000000d91f90e0,0x00000000d9200000)
  to   space 5120K, 0% used [0x00000000db100000,0x00000000db100000,0x00000000db600000)
 ParOldGen       total 84992K, used 10903K [0x0000000084a00000, 0x0000000089d00000, 0x00000000d6e00000)
  object space 84992K, 12% used [0x0000000084a00000,0x00000000854a5e30,0x0000000089d00000)
 Metaspace       used 20724K, capacity 21158K, committed 21296K, reserved 1069056K
  class space    used 2460K, capacity 2630K, committed 2688K, reserved 1048576K
Event: 1.364 GC heap after
Heap after GC invocations=4 (full 1):
 PSYoungGen      total 36864K, used 0K [0x00000000d6e00000, 0x00000000db600000, 0x0000000100000000)
  eden space 31744K, 0% used [0x00000000d6e00000,0x00000000d6e00000,0x00000000d8d00000)
  from space 5120K, 0% used [0x00000000d8d00000,0x00000000d8d00000,0x00000000d9200000)
  to   space 5120K, 0% used [0x00000000db100000,0x00000000db100000,0x00000000db600000)
 ParOldGen       total 65536K, used 9045K [0x0000000084a00000, 0x0000000088a00000, 0x00000000d6e00000)
  object space 65536K, 13% used [0x0000000084a00000,0x00000000852d56f8,0x0000000088a00000)
 Metaspace       used 20724K, capacity 21158K, committed 21296K, reserved 1069056K
  class space    used 2460K, capacity 2630K, committed 2688K, reserved 1048576K
}
Event: 1.706 GC heap before
{Heap before GC invocations=5 (full 1):
 PSYoungGen      total 36864K, used 31744K [0x00000000d6e00000, 0x00000000db600000, 0x0000000100000000)
  eden space 31744K, 100% used [0x00000000d6e00000,0x00000000d8d00000,0x00000000d8d00000)
  from space 5120K, 0% used [0x00000000d8d00000,0x00000000d8d00000,0x00000000d9200000)
  to   space 5120K, 0% used [0x00000000db100000,0x00000000db100000,0x00000000db600000)
 ParOldGen       total 65536K, used 9045K [0x0000000084a00000, 0x0000000088a00000, 0x00000000d6e00000)
  object space 65536K, 13% used [0x0000000084a00000,0x00000000852d56f8,0x0000000088a00000)
 Metaspace       used 23748K, capacity 24246K, committed 24320K, reserved 1071104K
  class space    used 2853K, capacity 3028K, committed 3072K, reserved 1048576K
Event: 1.713 GC heap after
Heap after GC invocations=5 (full 1):
 PSYoungGen      total 49664K, used 5118K [0x00000000d6e00000, 0x00000000db600000, 0x0000000100000000)
  eden space 44544K, 0% used [0x00000000d6e00000,0x00000000d6e00000,0x00000000d9980000)
  from space 5120K, 99% used [0x00000000db100000,0x00000000db5ffa10,0x00000000db600000)
  to   space 5120K, 0% used [0x00000000dac00000,0x00000000dac00000,0x00000000db100000)
 ParOldGen       total 65536K, used 10912K [0x0000000084a00000, 0x0000000088a00000, 0x00000000d6e00000)
  object space 65536K, 16% used [0x0000000084a00000,0x00000000854a8140,0x0000000088a00000)
 Metaspace       used 23748K, capacity 24246K, committed 24320K, reserved 1071104K
  class space    used 2853K, capacity 3028K, committed 3072K, reserved 1048576K
}

Deoptimization events (10 events):
Event: 1.795 Thread 0x0000000002260000 Uncommon trap: reason=class_check action=maybe_recompile pc=0x0000000002e0cbec method=gnu.trove.TObjectHash.index(Ljava/lang/Object;)I @ 126
Event: 1.796 Thread 0x0000000002260000 Uncommon trap: reason=class_check action=maybe_recompile pc=0x0000000002e6a8d8 method=org.jetbrains.kotlin.protobuf.CodedInputStream.tryRefillBuffer(I)Z @ 177
Event: 1.796 Thread 0x0000000002260000 Uncommon trap: reason=bimorphic action=maybe_recompile pc=0x0000000002e072d4 method=java.util.AbstractList$Itr.hasNext()Z @ 8
Event: 1.796 Thread 0x0000000002260000 Uncommon trap: reason=bimorphic action=maybe_recompile pc=0x0000000002e0c214 method=java.util.AbstractList$Itr.next()Ljava/lang/Object; @ 14
Event: 1.796 Thread 0x0000000002260000 Uncommon trap: reason=bimorphic action=maybe_recompile pc=0x0000000002e0c214 method=java.util.AbstractList$Itr.next()Ljava/lang/Object; @ 14
Event: 1.796 Thread 0x0000000002260000 Uncommon trap: reason=bimorphic action=maybe_recompile pc=0x0000000002e0c214 method=java.util.AbstractList$Itr.next()Ljava/lang/Object; @ 14
Event: 1.798 Thread 0x0000000002260000 Uncommon trap: reason=class_check action=maybe_recompile pc=0x0000000002e0cbec method=gnu.trove.TObjectHash.index(Ljava/lang/Object;)I @ 126
Event: 1.799 Thread 0x0000000002260000 Uncommon trap: reason=class_check action=maybe_recompile pc=0x0000000002e0cbec method=gnu.trove.TObjectHash.index(Ljava/lang/Object;)I @ 126
Event: 1.919 Thread 0x0000000002260000 Uncommon trap: reason=range_check action=make_not_entrant pc=0x0000000002c86cd0 method=sun.reflect.generics.parser.SignatureParser.current()C @ 34
Event: 1.921 Thread 0x0000000002260000 Uncommon trap: reason=unstable_if action=reinterpret pc=0x0000000002e0bdc8 method=org.jetbrains.kotlin.com.intellij.util.SmartList.get(I)Ljava/lang/Object; @ 56

Classes redefined (0 events):
No events

Internal exceptions (10 events):
Event: 2.068 Thread 0x0000000002260000 Exception <a 'java/lang/ArrayIndexOutOfBoundsException'> (0x00000000d887d358) thrown at [D:\src\AOSP-openjdk-cygwin\jdk8u\hotspot\src\share\vm\runtime\sharedRuntime.cpp, line 605]
Event: 2.071 Thread 0x0000000002260000 Exception <a 'java/lang/ArrayIndexOutOfBoundsException'> (0x00000000d8896630) thrown at [D:\src\AOSP-openjdk-cygwin\jdk8u\hotspot\src\share\vm\runtime\sharedRuntime.cpp, line 605]
Event: 2.073 Thread 0x0000000002260000 Exception <a 'java/lang/ArrayIndexOutOfBoundsException'> (0x00000000d88b3770) thrown at [D:\src\AOSP-openjdk-cygwin\jdk8u\hotspot\src\share\vm\runtime\sharedRuntime.cpp, line 605]
Event: 2.091 Thread 0x0000000002260000 Exception <a 'java/lang/ArrayIndexOutOfBoundsException'> (0x00000000d8a24b78) thrown at [D:\src\AOSP-openjdk-cygwin\jdk8u\hotspot\src\share\vm\runtime\sharedRuntime.cpp, line 605]
Event: 2.095 Thread 0x0000000002260000 Exception <a 'java/lang/ArrayIndexOutOfBoundsException'> (0x00000000d8a817d8) thrown at [D:\src\AOSP-openjdk-cygwin\jdk8u\hotspot\src\share\vm\runtime\sharedRuntime.cpp, line 605]
Event: 2.103 Thread 0x0000000002260000 Exception <a 'java/lang/ArrayIndexOutOfBoundsException'> (0x00000000d8b0c668) thrown at [D:\src\AOSP-openjdk-cygwin\jdk8u\hotspot\src\share\vm\runtime\sharedRuntime.cpp, line 605]
Event: 2.105 Thread 0x0000000002260000 Exception <a 'java/lang/ArrayIndexOutOfBoundsException'> (0x00000000d8b1de28) thrown at [D:\src\AOSP-openjdk-cygwin\jdk8u\hotspot\src\share\vm\runtime\sharedRuntime.cpp, line 605]
Event: 2.127 Thread 0x0000000002260000 Exception <a 'java/lang/ArrayIndexOutOfBoundsException'> (0x00000000d8cbd100) thrown at [D:\src\AOSP-openjdk-cygwin\jdk8u\hotspot\src\share\vm\runtime\sharedRuntime.cpp, line 605]
Event: 2.135 Thread 0x0000000002260000 Exception <a 'java/lang/ArrayIndexOutOfBoundsException'> (0x00000000d8d6b3c8) thrown at [D:\src\AOSP-openjdk-cygwin\jdk8u\hotspot\src\share\vm\runtime\sharedRuntime.cpp, line 605]
Event: 2.135 Thread 0x0000000002260000 Exception <a 'java/lang/ArrayIndexOutOfBoundsException'> (0x00000000d8d72ae0) thrown at [D:\src\AOSP-openjdk-cygwin\jdk8u\hotspot\src\share\vm\runtime\sharedRuntime.cpp, line 605]

Events (10 events):
Event: 2.136 loading class org/jetbrains/kotlin/resolve/calls/inference/components/VariableFixationFinder
Event: 2.136 loading class org/jetbrains/kotlin/resolve/calls/inference/components/VariableFixationFinder done
Event: 2.137 loading class org/jetbrains/kotlin/resolve/calls/inference/components/KotlinConstraintSystemCompleter$Context
Event: 2.137 loading class org/jetbrains/kotlin/resolve/calls/inference/components/KotlinConstraintSystemCompleter$Context done
Event: 2.137 loading class org/jetbrains/kotlin/resolve/calls/inference/components/ResultTypeResolver$Context
Event: 2.137 loading class org/jetbrains/kotlin/resolve/calls/inference/components/ResultTypeResolver$Context done
Event: 2.137 loading class org/jetbrains/kotlin/resolve/calls/inference/components/VariableFixationFinder$Context
Event: 2.137 loading class org/jetbrains/kotlin/resolve/calls/inference/components/VariableFixationFinder$Context done
Event: 2.137 loading class org/jetbrains/kotlin/resolve/calls/inference/model/VariableWithConstraints
Event: 2.137 loading class org/jetbrains/kotlin/resolve/calls/inference/model/VariableWithConstraints done


Dynamic libraries:
0x000000013f1b0000 - 0x000000013f1e1000 	C:\Program Files\Android\Android Studio\jre\jre\bin\java.exe
0x0000000077130000 - 0x00000000772d9000 	C:\Windows\SYSTEM32\ntdll.dll
0x0000000077010000 - 0x000000007712f000 	C:\Windows\system32\kernel32.dll
0x000007fefd1d0000 - 0x000007fefd23b000 	C:\Windows\system32\KERNELBASE.dll
0x000007fefee00000 - 0x000007fefeedb000 	C:\Windows\system32\ADVAPI32.dll
0x000007fefe810000 - 0x000007fefe8af000 	C:\Windows\system32\msvcrt.dll
0x000007feff420000 - 0x000007feff43f000 	C:\Windows\SYSTEM32\sechost.dll
0x000007fefef80000 - 0x000007feff0ad000 	C:\Windows\system32\RPCRT4.dll
0x0000000076f10000 - 0x000000007700a000 	C:\Windows\system32\USER32.dll
0x000007fefed90000 - 0x000007fefedf7000 	C:\Windows\system32\GDI32.dll
0x000007fefebc0000 - 0x000007fefebce000 	C:\Windows\system32\LPK.dll
0x000007fefea90000 - 0x000007fefeb59000 	C:\Windows\system32\USP10.dll
0x000007fefb530000 - 0x000007fefb724000 	C:\Windows\WinSxS\amd64_microsoft.windows.common-controls_6595b64144ccf1df_6.0.7601.17514_none_fa396087175ac9ac\COMCTL32.dll
0x000007fefebd0000 - 0x000007fefec41000 	C:\Windows\system32\SHLWAPI.dll
0x000007feff3f0000 - 0x000007feff41e000 	C:\Windows\system32\IMM32.DLL
0x000007fefd450000 - 0x000007fefd559000 	C:\Windows\system32\MSCTF.dll
0x0000000063b90000 - 0x0000000063c62000 	C:\Program Files\Android\Android Studio\jre\jre\bin\msvcr100.dll
0x0000000063fa0000 - 0x00000000647e6000 	C:\Program Files\Android\Android Studio\jre\jre\bin\server\jvm.dll
0x000007fefa830000 - 0x000007fefa839000 	C:\Windows\system32\WSOCK32.dll
0x000007fefe7c0000 - 0x000007fefe80d000 	C:\Windows\system32\WS2_32.dll
0x000007fefe2f0000 - 0x000007fefe2f8000 	C:\Windows\system32\NSI.dll
0x000007fef9f90000 - 0x000007fef9fcb000 	C:\Windows\system32\WINMM.dll
0x000007fefc1e0000 - 0x000007fefc1ec000 	C:\Windows\system32\VERSION.dll
0x00000000772f0000 - 0x00000000772f7000 	C:\Windows\system32\PSAPI.DLL
0x000007fefa840000 - 0x000007fefa84f000 	C:\Program Files\Android\Android Studio\jre\jre\bin\verify.dll
0x000007fefa7d0000 - 0x000007fefa7f9000 	C:\Program Files\Android\Android Studio\jre\jre\bin\java.dll
0x000007fefa810000 - 0x000007fefa826000 	C:\Program Files\Android\Android Studio\jre\jre\bin\zip.dll
0x000007fefd560000 - 0x000007fefe2e8000 	C:\Windows\system32\SHELL32.dll
0x000007fefe430000 - 0x000007fefe633000 	C:\Windows\system32\ole32.dll
0x000007fefd080000 - 0x000007fefd08f000 	C:\Windows\system32\profapi.dll
0x000007fefa7b0000 - 0x000007fefa7ca000 	C:\Program Files\Android\Android Studio\jre\jre\bin\net.dll
0x000007fefc8b0000 - 0x000007fefc905000 	C:\Windows\system32\mswsock.dll
0x000007fefc8a0000 - 0x000007fefc8a7000 	C:\Windows\System32\wship6.dll
0x000007fef2ca0000 - 0x000007fef2cb1000 	C:\Program Files\Android\Android Studio\jre\jre\bin\nio.dll
0x000007fef1f50000 - 0x000007fef2075000 	C:\Windows\system32\dbghelp.dll

VM Arguments:
java_command: org.jetbrains.kotlin.cli.jvm.K2JVMCompiler -Xallow-no-source-files -classpath C:\Users\Lab 1 Kom 64\.gradle\caches\modules-2\files-2.1\org.jetbrains.kotlin\kotlin-android-extensions-runtime\1.3.50\bec16087637a7cafe54894e73d38037977cb30d2\kotlin-android-extensions-runtime-1.3.50.jar;C:\Users\Lab 1 Kom 64\.gradle\caches\modules-2\files-2.1\org.jetbrains.kotlin\kotlin-stdlib-jdk7\1.3.50\50ad05ea1c2595fb31b800e76db464d08d599af3\kotlin-stdlib-jdk7-1.3.50.jar;C:\Users\Lab 1 Kom 64\.gradle\caches\transforms-2\files-2.1\5c88463d0eed036fcfa571f3d6410c54\core-ktx-1.0.2\jars\classes.jar;C:\Users\Lab 1 Kom 64\.gradle\caches\transforms-2\files-2.1\edbf5ab52b8bc327a38ffe855bda09ed\anko-0.10.8\jars\classes.jar;C:\Users\Lab 1 Kom 64\.gradle\caches\transforms-2\files-2.1\6664dbdbab4097bd740c8e516cd23fbf\anko-sqlite-0.10.8\jars\classes.jar;C:\Users\Lab 1 Kom 64\.gradle\caches\transforms-2\files-2.1\ee2e43da10950c01aa54a0943bd924d3\anko-sdk27-0.10.8\jars\classes.jar;C:\Users\Lab 1 Kom 64\.gradle\caches\transforms-2\files-2.1\e0174d949d3955a5ed4f6e9dc7c5d28a\anko-sdk27-coroutines-0.10.8\jars\classes.jar;C:\Users\Lab 1 Kom 64\.gradle\caches\transforms-2\files-2.1\f076cf1c6b5a6f53182a3a25b7b77455\jetified-anko-appcompat-v7-0.10.8\jars\classes.jar;C:\Users\Lab 1 Kom 64\.gradle\caches\transforms-2\files-2.1\3f29df975625fdf4193e837e46e7beb3\jetified-anko-support-v4-0.10.8\jars\classes.jar;C:\Users\Lab 1 Kom 64\.gradle\caches\transforms-2\files-2.1\eb245c0307e6337ab88bb50f869f3b26\jetified-anko-appcompat-v7-coroutines-0.10.8\jars\classes.jar;C:\Users\Lab 1 Kom 64\.gradle\caches\transforms-2\files-2.1\0619de4d4107d5f6a4971f2592e89ba1\anko-appcompat-v7-commons-0.10.8\jars\classes.jar;C:\Users\Lab 1 Kom 64\.gradle\caches\transforms-2\files-2.1\adbb61169b6765cc70166e608b7a0739\anko-support-v4-commons-0.10.8\jars\classes.jar;C:\Users\Lab 1 Kom 64\.gradle\caches\transforms-2\files-2.1\0d1224d4a46a29b3884526992eea1920\anko-commons-0.10.8\jars\classes.jar;C:\Users\Lab 1 Kom 64\.gradl
java_class_path (initial): C:\Users\Lab 1 Kom 64\.gradle\caches\modules-2\files-2.1\org.jetbrains.kotlin\kotlin-compiler-embeddable\1.3.50\1251c1768e5769b06c2487d6f6cf8acf6efb8960\kotlin-compiler-embeddable-1.3.50.jar;C:\Users\Lab 1 Kom 64\.gradle\caches\modules-2\files-2.1\org.jetbrains.kotlin\kotlin-reflect\1.3.50\b499f22fd7c3e9c2e5b6c4005221fa47fc7f9a7a\kotlin-reflect-1.3.50.jar;C:\Users\Lab 1 Kom 64\.gradle\caches\modules-2\files-2.1\org.jetbrains.kotlin\kotlin-stdlib\1.3.50\b529d1738c7e98bbfa36a4134039528f2ce78ebf\kotlin-stdlib-1.3.50.jar;C:\Users\Lab 1 Kom 64\.gradle\caches\modules-2\files-2.1\org.jetbrains.kotlin\kotlin-script-runtime\1.3.50\59492b8dfb92522ba0ddb5dd1c4d0ef0a4fca1af\kotlin-script-runtime-1.3.50.jar;C:\Users\Lab 1 Kom 64\.gradle\caches\modules-2\files-2.1\org.jetbrains.kotlin\kotlin-daemon-embeddable\1.3.50\5cb93bb33f4c6f833ead0beca4c831668e00cf52\kotlin-daemon-embeddable-1.3.50.jar;C:\Users\Lab 1 Kom 64\.gradle\caches\modules-2\files-2.1\org.jetbrains.intellij.deps\trove4j\1.0.20181211\216c2e14b070f334479d800987affe4054cd563f\trove4j-1.0.20181211.jar;C:\Users\Lab 1 Kom 64\.gradle\caches\modules-2\files-2.1\org.jetbrains.kotlin\kotlin-stdlib-common\1.3.50\3d9cd3e1bc7b92e95f43d45be3bfbcf38e36ab87\kotlin-stdlib-common-1.3.50.jar;C:\Users\Lab 1 Kom 64\.gradle\caches\modules-2\files-2.1\org.jetbrains\annotations\13.0\919f0dfe192fb4e063e7dacadee7f8bb9a2672a9\annotations-13.0.jar;C:\Program Files\Android\Android Studio\jre\lib\tools.jar
Launcher Type: SUN_STANDARD

Environment Variables:
PATH=C:\ProgramData\Oracle\Java\javapath;C:\Program Files (x86)\Intel\iCLS Client\;C:\Program Files\Intel\iCLS Client\;C:\Windows\system32;C:\Windows;C:\Windows\System32\Wbem;C:\Windows\System32\WindowsPowerShell\v1.0\;C:\Program Files\Intel\Intel(R) Management Engine Components\DAL;C:\Program Files\Intel\Intel(R) Management Engine Components\IPT;C:\Program Files (x86)\Intel\Intel(R) Management Engine Components\DAL;C:\Program Files (x86)\Intel\Intel(R) Management Engine Components\IPT;c:\Program Files (x86)\Microsoft SQL Server\90\Tools\binn\;;C:\Users\Lab 1 Kom 64\AppData\Local\Programs\Microsoft VS Code\bin
USERNAME=Lab 1 Kom 64
OS=Windows_NT
PROCESSOR_IDENTIFIER=Intel64 Family 6 Model 42 Stepping 7, GenuineIntel



---------------  S Y S T E M  ---------------

OS: Windows 7 , 64 bit Build 7601 (6.1.7601.17514)

CPU:total 4 (initial active 4) (4 cores per cpu, 1 threads per core) family 6 model 42 stepping 7, cmov, cx8, fxsr, mmx, sse, sse2, sse3, ssse3, sse4.1, sse4.2, popcnt, avx, aes, clmul, tsc, tscinvbit

Memory: 4k page, physical 8081136k(3804552k free), swap 16160428k(11352480k free)

vm_info: OpenJDK 64-Bit Server VM (25.202-b03) for windows-amd64 JRE (1.8.0_202-release-1483-b03), built by "builder" with MS VC++ 10.0 (VS2010)

time: Sun Oct 13 08:51:25 2019
timezone: SE Asia Standard Time
elapsed time: 2 seconds (0d 0h 0m 2s)

