#
# A fatal error has been detected by the Java Runtime Environment:
#
#  EXCEPTION_ACCESS_VIOLATION (0xc0000005) at pc=0x000000006436eb96, pid=4252, tid=0x000000000000026c
#
# JRE version: OpenJDK Runtime Environment (8.0_202-b03) (build 1.8.0_202-release-1483-b03)
# Java VM: OpenJDK 64-Bit Server VM (25.202-b03 mixed mode windows-amd64 compressed oops)
# Problematic frame:
# V  [jvm.dll+0x3ceb96]
#
# Failed to write core dump. Minidumps are not enabled by default on client versions of Windows
#
# If you would like to submit a bug report, please visit:
#   http://bugreport.java.com/bugreport/crash.jsp
#

---------------  T H R E A D  ---------------

Current thread (0x00000000021e6800):  GCTaskThread [stack: 0x00000000122f0000,0x00000000123f0000] [id=620]

siginfo: ExceptionCode=0xc0000005, reading address 0xffffffffffffffff

Registers:
RAX=0x006d006f004b0030, RBX=0x00000000d84b79a0, RCX=0x00000000006c0067, RDX=0x00000000006c0060
RSP=0x00000000123ef710, RBP=0x00000000000d800d, RSI=0x00000000573c0640, RDI=0x00000000573c0640
R8 =0x00000000d001d581, R9 =0x1fffffffffffffff, R10=0x0000000000000008, R11=0x00000000d8d790a0
R12=0x00000000645b9290, R13=0x006d006f004b0030, R14=0x0000000000000000, R15=0x00000000021e6aa0
RIP=0x000000006436eb96, EFLAGS=0x0000000000010206

Top of Stack: (sp=0x00000000123ef710)
0x00000000123ef710:   00000000d84bbbf0 0000000000000005
0x00000000123ef720:   00000000573c0640 00000000027d3a70
0x00000000123ef730:   00000000d8d710b0 0000000000001000
0x00000000123ef740:   00000000027d3fe8 0000000000000060
0x00000000123ef750:   0000000000000000 00000000021e5100
0x00000000123ef760:   00000000645b9290 000000006436eef0
0x00000000123ef770:   00000000d8d78194 00000000123ef8d0
0x00000000123ef780:   00000000573c0640 00000000573c0640
0x00000000123ef790:   00000000d8d78194 000000006436fa95
0x00000000123ef7a0:   00000000d71624e8 00000000123ef8d0
0x00000000123ef7b0:   00000000573c0640 0000000064014bca
0x00000000123ef7c0:   00000000021e6aa0 00000000021e6a90
0x00000000123ef7d0:   00000000021e5110 00000000645b9290
0x00000000123ef7e0:   00000000123ef8d0 000000006405e7ac
0x00000000123ef7f0:   00000000027d38d0 00000000027d38d0
0x00000000123ef800:   00000000123ef8a0 0000000000000000 

Instructions: (pc=0x000000006436eb96)
0x000000006436eb76:   48 8b 52 08 48 8b cb e8 ce ca cb ff 48 63 e8 41
0x000000006436eb86:   0f b6 c5 f6 d0 a8 01 49 8b c5 74 06 48 83 e0 fd
0x000000006436eb96:   8b 00 48 c1 e8 03 83 e0 0f 3b 05 93 b4 3f 00 0f
0x000000006436eba6:   83 11 01 00 00 48 8b d5 48 8b ce e8 3a fa ff ff 


Register to memory mapping:

RAX=0x006d006f004b0030 is an unknown value
RBX=0x00000000d84b79a0 is an oop

[error occurred during error reporting (printing register info), id 0xc0000005]

Stack: [0x00000000122f0000,0x00000000123f0000],  sp=0x00000000123ef710,  free space=1021k
Native frames: (J=compiled Java code, j=interpreted, Vv=VM code, C=native code)
V  [jvm.dll+0x3ceb96]
V  [jvm.dll+0x3ceef0]
V  [jvm.dll+0x3cfa95]
V  [jvm.dll+0x3d1c58]
V  [jvm.dll+0x3c0d9e]
V  [jvm.dll+0x26f5ba]
C  [msvcr100.dll+0x21d9f]
C  [msvcr100.dll+0x21e3b]
C  [kernel32.dll+0x1652d]
C  [ntdll.dll+0x2c521]


---------------  P R O C E S S  ---------------

Java Threads: ( => current thread )
  0x00000000588ba800 JavaThread "Service Thread" daemon [_thread_blocked, id=3696, stack(0x0000000058fd0000,0x00000000590d0000)]
  0x000000005883b000 JavaThread "C1 CompilerThread2" daemon [_thread_blocked, id=4728, stack(0x0000000059140000,0x0000000059240000)]
  0x000000005883a000 JavaThread "C2 CompilerThread1" daemon [_thread_blocked, id=3296, stack(0x0000000058eb0000,0x0000000058fb0000)]
  0x000000005742f800 JavaThread "C2 CompilerThread0" daemon [_thread_blocked, id=3184, stack(0x0000000058db0000,0x0000000058eb0000)]
  0x000000005742b800 JavaThread "Attach Listener" daemon [_thread_blocked, id=4908, stack(0x0000000058c50000,0x0000000058d50000)]
  0x000000005742a000 JavaThread "Signal Dispatcher" daemon [_thread_blocked, id=4692, stack(0x0000000058620000,0x0000000058720000)]
  0x0000000057412000 JavaThread "Finalizer" daemon [_thread_blocked, id=4476, stack(0x0000000058730000,0x0000000058830000)]
  0x000000005740b000 JavaThread "Reference Handler" daemon [_thread_blocked, id=4848, stack(0x0000000058340000,0x0000000058440000)]
  0x00000000021d0000 JavaThread "main" [_thread_blocked, id=4256, stack(0x0000000002300000,0x0000000002400000)]

Other Threads:
  0x00000000573c3000 VMThread [stack: 0x00000000584c0000,0x00000000585c0000] [id=4448]
  0x00000000588c3800 WatcherThread [stack: 0x0000000059330000,0x0000000059430000] [id=5008]

=>0x00000000021e6800 (exited) GCTaskThread [stack: 0x00000000122f0000,0x00000000123f0000] [id=620]

VM state:at safepoint (normal execution)

VM Mutex/Monitor currently owned by a thread:  ([mutex/lock_event])
[0x00000000021ce860] Threads_lock - owner thread: 0x00000000573c3000
[0x00000000021ced60] Heap_lock - owner thread: 0x00000000021d0000

heap address: 0x0000000084a00000, size: 1974 MB, Compressed Oops mode: 32-bit
Narrow klass base: 0x0000000000000000, Narrow klass shift: 0
Compressed class space size: 1073741824 Address: 0x0000000016a30000

Heap:
 PSYoungGen      total 36864K, used 31744K [0x00000000d6e00000, 0x00000000d9700000, 0x0000000100000000)
  eden space 31744K, 100% used [0x00000000d6e00000,0x00000000d8d00000,0x00000000d8d00000)
  from space 5120K, 0% used [0x00000000d9200000,0x00000000d9200000,0x00000000d9700000)
  to   space 5120K, 44% used [0x00000000d8d00000,0x00000000d8f3e130,0x00000000d9200000)
 ParOldGen       total 84992K, used 16K [0x0000000084a00000, 0x0000000089d00000, 0x00000000d6e00000)
  object space 84992K, 0% used [0x0000000084a00000,0x0000000084a04000,0x0000000089d00000)
 Metaspace       used 9800K, capacity 10000K, committed 10112K, reserved 1058816K
  class space    used 1083K, capacity 1150K, committed 1152K, reserved 1048576K

Card table byte_map: [0x0000000011a90000,0x0000000011e70000] byte_map_base: 0x000000001166b000

Marking Bits: (ParMarkBitMap*) 0x0000000064769f30
 Begin Bits: [0x00000000128a0000, 0x0000000014778000)
 End Bits:   [0x0000000014778000, 0x0000000016650000)

Polling page: 0x0000000000330000

CodeCache: size=245760Kb used=2781Kb max_used=2788Kb free=242978Kb
 bounds [0x00000000026d0000, 0x0000000002990000, 0x00000000116d0000]
 total_blobs=1074 nmethods=760 adapters=228
 compilation: enabled

Compilation events (10 events):
Event: 0.552 Thread 0x000000005883a000  757       4       java.util.ArrayList::rangeCheck (22 bytes)
Event: 0.552 Thread 0x000000005883a000 nmethod 757 0x0000000002986650 code [0x0000000002986780, 0x00000000029867f8]
Event: 0.552 Thread 0x000000005883a000  758       4       java.util.ArrayList::elementData (7 bytes)
Event: 0.553 Thread 0x000000005883a000 nmethod 758 0x00000000029863d0 code [0x0000000002986500, 0x0000000002986598]
Event: 0.553 Thread 0x000000005883b000 nmethod 756 0x000000000298b2d0 code [0x000000000298b600, 0x000000000298c938]
Event: 0.553 Thread 0x000000005742f800 nmethod 753 0x0000000002985ed0 code [0x0000000002986020, 0x00000000029861d8]
Event: 0.553 Thread 0x000000005883b000  759       3       kotlin.reflect.jvm.internal.impl.protobuf.FieldSet::getField (26 bytes)
Event: 0.553 Thread 0x000000005883b000 nmethod 759 0x0000000002985710 code [0x00000000029858a0, 0x0000000002985d78]
Event: 0.553 Thread 0x000000005883b000  760       3       kotlin.reflect.jvm.internal.impl.protobuf.SmallSortedMap::get (43 bytes)
Event: 0.553 Thread 0x000000005883b000 nmethod 760 0x0000000002987490 code [0x0000000002987640, 0x0000000002987bc8]

GC Heap History (1 events):
Event: 0.554 GC heap before
{Heap before GC invocations=1 (full 0):
 PSYoungGen      total 36864K, used 31744K [0x00000000d6e00000, 0x00000000d9700000, 0x0000000100000000)
  eden space 31744K, 100% used [0x00000000d6e00000,0x00000000d8d00000,0x00000000d8d00000)
  from space 5120K, 0% used [0x00000000d9200000,0x00000000d9200000,0x00000000d9700000)
  to   space 5120K, 0% used [0x00000000d8d00000,0x00000000d8d00000,0x00000000d9200000)
 ParOldGen       total 84992K, used 0K [0x0000000084a00000, 0x0000000089d00000, 0x00000000d6e00000)
  object space 84992K, 0% used [0x0000000084a00000,0x0000000084a00000,0x0000000089d00000)
 Metaspace       used 9800K, capacity 10000K, committed 10112K, reserved 1058816K
  class space    used 1083K, capacity 1150K, committed 1152K, reserved 1048576K

Deoptimization events (4 events):
Event: 0.355 Thread 0x00000000021d0000 Uncommon trap: reason=unstable_if action=reinterpret pc=0x00000000028eaee4 method=sun.misc.MetaIndex.mayContain(Ljava/lang/String;)Z @ 13
Event: 0.486 Thread 0x00000000021d0000 Uncommon trap: reason=unstable_if action=reinterpret pc=0x000000000288c144 method=java.lang.String.indexOf([CII[CIII)I @ 134
Event: 0.501 Thread 0x00000000021d0000 Uncommon trap: reason=unstable_if action=reinterpret pc=0x0000000002904368 method=sun.misc.MetaIndex.mayContain(Ljava/lang/String;)Z @ 13
Event: 0.522 Thread 0x00000000021d0000 Uncommon trap: reason=unstable_if action=reinterpret pc=0x0000000002949c98 method=kotlin.reflect.jvm.internal.impl.protobuf.CodedInputStream.readRawVarint32()I @ 10

Classes redefined (0 events):
No events

Internal exceptions (10 events):
Event: 0.027 Thread 0x00000000021d0000 Exception <a 'java/lang/NoSuchMethodError': Method sun.misc.Unsafe.prefetchRead(Ljava/lang/Object;J)V name or signature does not match> (0x00000000d6e07f98) thrown at [D:\src\AOSP-openjdk-cygwin\jdk8u\hotspot\src\share\vm\prims\jni.cpp, line 4012]
Event: 0.136 Thread 0x00000000021d0000 Exception <a 'java/lang/NoSuchFieldError': method resolution failed> (0x00000000d719f3a0) thrown at [D:\src\AOSP-openjdk-cygwin\jdk8u\hotspot\src\share\vm\prims\methodHandles.cpp, line 1167]
Event: 0.138 Thread 0x00000000021d0000 Exception <a 'java/lang/NoSuchFieldError': method resolution failed> (0x00000000d71ac7d0) thrown at [D:\src\AOSP-openjdk-cygwin\jdk8u\hotspot\src\share\vm\prims\methodHandles.cpp, line 1167]
Event: 0.356 Thread 0x00000000021d0000 Exception <a 'java/security/PrivilegedActionException'> (0x00000000d7f0bd48) thrown at [D:\src\AOSP-openjdk-cygwin\jdk8u\hotspot\src\share\vm\prims\jvm.cpp, line 1508]
Event: 0.356 Thread 0x00000000021d0000 Exception <a 'java/security/PrivilegedActionException'> (0x00000000d7f0c328) thrown at [D:\src\AOSP-openjdk-cygwin\jdk8u\hotspot\src\share\vm\prims\jvm.cpp, line 1508]
Event: 0.356 Thread 0x00000000021d0000 Exception <a 'java/security/PrivilegedActionException'> (0x00000000d7f106d0) thrown at [D:\src\AOSP-openjdk-cygwin\jdk8u\hotspot\src\share\vm\prims\jvm.cpp, line 1508]
Event: 0.356 Thread 0x00000000021d0000 Exception <a 'java/security/PrivilegedActionException'> (0x00000000d7f10cb0) thrown at [D:\src\AOSP-openjdk-cygwin\jdk8u\hotspot\src\share\vm\prims\jvm.cpp, line 1508]
Event: 0.356 Thread 0x00000000021d0000 Exception <a 'java/security/PrivilegedActionException'> (0x00000000d7f12988) thrown at [D:\src\AOSP-openjdk-cygwin\jdk8u\hotspot\src\share\vm\prims\jvm.cpp, line 1508]
Event: 0.356 Thread 0x00000000021d0000 Exception <a 'java/security/PrivilegedActionException'> (0x00000000d7f12f68) thrown at [D:\src\AOSP-openjdk-cygwin\jdk8u\hotspot\src\share\vm\prims\jvm.cpp, line 1508]
Event: 0.494 Thread 0x00000000021d0000 Exception <a 'java/lang/ArrayIndexOutOfBoundsException'> (0x00000000d888ef00) thrown at [D:\src\AOSP-openjdk-cygwin\jdk8u\hotspot\src\share\vm\runtime\sharedRuntime.cpp, line 605]

Events (10 events):
Event: 0.553 loading class kotlin/reflect/jvm/internal/impl/types/TypeSubstitution$Companion done
Event: 0.553 loading class kotlin/reflect/jvm/internal/impl/types/TypeSubstitution$Companion$EMPTY$1
Event: 0.553 loading class kotlin/reflect/jvm/internal/impl/types/TypeSubstitution$Companion$EMPTY$1 done
Event: 0.553 loading class kotlin/reflect/jvm/internal/impl/types/TypeConstructorSubstitution$Companion
Event: 0.553 loading class kotlin/reflect/jvm/internal/impl/types/TypeConstructorSubstitution$Companion done
Event: 0.553 loading class kotlin/reflect/jvm/internal/impl/types/IndexedParametersSubstitution
Event: 0.553 loading class kotlin/reflect/jvm/internal/impl/types/IndexedParametersSubstitution done
Event: 0.554 loading class kotlin/reflect/jvm/internal/impl/types/TypeSubstitutor
Event: 0.554 loading class kotlin/reflect/jvm/internal/impl/types/TypeSubstitutor done
Event: 0.554 Executing VM operation: ParallelGCFailedAllocation


Dynamic libraries:
0x000000013f8a0000 - 0x000000013f8d1000 	C:\Program Files\Android\Android Studio\jre\jre\bin\java.exe
0x0000000077130000 - 0x00000000772d9000 	C:\Windows\SYSTEM32\ntdll.dll
0x0000000077010000 - 0x000000007712f000 	C:\Windows\system32\kernel32.dll
0x000007fefd1d0000 - 0x000007fefd23b000 	C:\Windows\system32\KERNELBASE.dll
0x000007fefee00000 - 0x000007fefeedb000 	C:\Windows\system32\ADVAPI32.dll
0x000007fefe810000 - 0x000007fefe8af000 	C:\Windows\system32\msvcrt.dll
0x000007feff420000 - 0x000007feff43f000 	C:\Windows\SYSTEM32\sechost.dll
0x000007fefef80000 - 0x000007feff0ad000 	C:\Windows\system32\RPCRT4.dll
0x0000000076f10000 - 0x000000007700a000 	C:\Windows\system32\USER32.dll
0x000007fefed90000 - 0x000007fefedf7000 	C:\Windows\system32\GDI32.dll
0x000007fefebc0000 - 0x000007fefebce000 	C:\Windows\system32\LPK.dll
0x000007fefea90000 - 0x000007fefeb59000 	C:\Windows\system32\USP10.dll
0x000007fefb530000 - 0x000007fefb724000 	C:\Windows\WinSxS\amd64_microsoft.windows.common-controls_6595b64144ccf1df_6.0.7601.17514_none_fa396087175ac9ac\COMCTL32.dll
0x000007fefebd0000 - 0x000007fefec41000 	C:\Windows\system32\SHLWAPI.dll
0x000007feff3f0000 - 0x000007feff41e000 	C:\Windows\system32\IMM32.DLL
0x000007fefd450000 - 0x000007fefd559000 	C:\Windows\system32\MSCTF.dll
0x0000000063b90000 - 0x0000000063c62000 	C:\Program Files\Android\Android Studio\jre\jre\bin\msvcr100.dll
0x0000000063fa0000 - 0x00000000647e6000 	C:\Program Files\Android\Android Studio\jre\jre\bin\server\jvm.dll
0x000007fefa830000 - 0x000007fefa839000 	C:\Windows\system32\WSOCK32.dll
0x000007fefe7c0000 - 0x000007fefe80d000 	C:\Windows\system32\WS2_32.dll
0x000007fefe2f0000 - 0x000007fefe2f8000 	C:\Windows\system32\NSI.dll
0x000007fef9f90000 - 0x000007fef9fcb000 	C:\Windows\system32\WINMM.dll
0x000007fefc1e0000 - 0x000007fefc1ec000 	C:\Windows\system32\VERSION.dll
0x00000000772f0000 - 0x00000000772f7000 	C:\Windows\system32\PSAPI.DLL
0x000007fefa840000 - 0x000007fefa84f000 	C:\Program Files\Android\Android Studio\jre\jre\bin\verify.dll
0x000007fefa7d0000 - 0x000007fefa7f9000 	C:\Program Files\Android\Android Studio\jre\jre\bin\java.dll
0x000007fefa810000 - 0x000007fefa826000 	C:\Program Files\Android\Android Studio\jre\jre\bin\zip.dll
0x000007fefd560000 - 0x000007fefe2e8000 	C:\Windows\system32\SHELL32.dll
0x000007fefe430000 - 0x000007fefe633000 	C:\Windows\system32\ole32.dll
0x000007fefd080000 - 0x000007fefd08f000 	C:\Windows\system32\profapi.dll
0x000007fef1f50000 - 0x000007fef2075000 	C:\Windows\system32\dbghelp.dll

VM Arguments:
java_command: org.jetbrains.kotlin.cli.jvm.K2JVMCompiler -Xallow-no-source-files -classpath C:\Users\Lab 1 Kom 64\.gradle\caches\modules-2\files-2.1\org.jetbrains.kotlin\kotlin-android-extensions-runtime\1.3.50\bec16087637a7cafe54894e73d38037977cb30d2\kotlin-android-extensions-runtime-1.3.50.jar;C:\Users\Lab 1 Kom 64\.gradle\caches\modules-2\files-2.1\org.jetbrains.kotlin\kotlin-stdlib-jdk7\1.3.50\50ad05ea1c2595fb31b800e76db464d08d599af3\kotlin-stdlib-jdk7-1.3.50.jar;C:\Users\Lab 1 Kom 64\.gradle\caches\transforms-2\files-2.1\5c88463d0eed036fcfa571f3d6410c54\core-ktx-1.0.2\jars\classes.jar;C:\Users\Lab 1 Kom 64\.gradle\caches\transforms-2\files-2.1\edbf5ab52b8bc327a38ffe855bda09ed\anko-0.10.8\jars\classes.jar;C:\Users\Lab 1 Kom 64\.gradle\caches\transforms-2\files-2.1\6664dbdbab4097bd740c8e516cd23fbf\anko-sqlite-0.10.8\jars\classes.jar;C:\Users\Lab 1 Kom 64\.gradle\caches\transforms-2\files-2.1\ee2e43da10950c01aa54a0943bd924d3\anko-sdk27-0.10.8\jars\classes.jar;C:\Users\Lab 1 Kom 64\.gradle\caches\transforms-2\files-2.1\e0174d949d3955a5ed4f6e9dc7c5d28a\anko-sdk27-coroutines-0.10.8\jars\classes.jar;C:\Users\Lab 1 Kom 64\.gradle\caches\transforms-2\files-2.1\f076cf1c6b5a6f53182a3a25b7b77455\jetified-anko-appcompat-v7-0.10.8\jars\classes.jar;C:\Users\Lab 1 Kom 64\.gradle\caches\transforms-2\files-2.1\3f29df975625fdf4193e837e46e7beb3\jetified-anko-support-v4-0.10.8\jars\classes.jar;C:\Users\Lab 1 Kom 64\.gradle\caches\transforms-2\files-2.1\eb245c0307e6337ab88bb50f869f3b26\jetified-anko-appcompat-v7-coroutines-0.10.8\jars\classes.jar;C:\Users\Lab 1 Kom 64\.gradle\caches\transforms-2\files-2.1\0619de4d4107d5f6a4971f2592e89ba1\anko-appcompat-v7-commons-0.10.8\jars\classes.jar;C:\Users\Lab 1 Kom 64\.gradle\caches\transforms-2\files-2.1\adbb61169b6765cc70166e608b7a0739\anko-support-v4-commons-0.10.8\jars\classes.jar;C:\Users\Lab 1 Kom 64\.gradle\caches\transforms-2\files-2.1\0d1224d4a46a29b3884526992eea1920\anko-commons-0.10.8\jars\classes.jar;C:\Users\Lab 1 Kom 64\.gradl
java_class_path (initial): C:\Users\Lab 1 Kom 64\.gradle\caches\modules-2\files-2.1\org.jetbrains.kotlin\kotlin-compiler-embeddable\1.3.50\1251c1768e5769b06c2487d6f6cf8acf6efb8960\kotlin-compiler-embeddable-1.3.50.jar;C:\Users\Lab 1 Kom 64\.gradle\caches\modules-2\files-2.1\org.jetbrains.kotlin\kotlin-reflect\1.3.50\b499f22fd7c3e9c2e5b6c4005221fa47fc7f9a7a\kotlin-reflect-1.3.50.jar;C:\Users\Lab 1 Kom 64\.gradle\caches\modules-2\files-2.1\org.jetbrains.kotlin\kotlin-stdlib\1.3.50\b529d1738c7e98bbfa36a4134039528f2ce78ebf\kotlin-stdlib-1.3.50.jar;C:\Users\Lab 1 Kom 64\.gradle\caches\modules-2\files-2.1\org.jetbrains.kotlin\kotlin-script-runtime\1.3.50\59492b8dfb92522ba0ddb5dd1c4d0ef0a4fca1af\kotlin-script-runtime-1.3.50.jar;C:\Users\Lab 1 Kom 64\.gradle\caches\modules-2\files-2.1\org.jetbrains.kotlin\kotlin-daemon-embeddable\1.3.50\5cb93bb33f4c6f833ead0beca4c831668e00cf52\kotlin-daemon-embeddable-1.3.50.jar;C:\Users\Lab 1 Kom 64\.gradle\caches\modules-2\files-2.1\org.jetbrains.intellij.deps\trove4j\1.0.20181211\216c2e14b070f334479d800987affe4054cd563f\trove4j-1.0.20181211.jar;C:\Users\Lab 1 Kom 64\.gradle\caches\modules-2\files-2.1\org.jetbrains.kotlin\kotlin-stdlib-common\1.3.50\3d9cd3e1bc7b92e95f43d45be3bfbcf38e36ab87\kotlin-stdlib-common-1.3.50.jar;C:\Users\Lab 1 Kom 64\.gradle\caches\modules-2\files-2.1\org.jetbrains\annotations\13.0\919f0dfe192fb4e063e7dacadee7f8bb9a2672a9\annotations-13.0.jar;C:\Program Files\Android\Android Studio\jre\lib\tools.jar
Launcher Type: SUN_STANDARD

Environment Variables:
PATH=C:\ProgramData\Oracle\Java\javapath;C:\Program Files (x86)\Intel\iCLS Client\;C:\Program Files\Intel\iCLS Client\;C:\Windows\system32;C:\Windows;C:\Windows\System32\Wbem;C:\Windows\System32\WindowsPowerShell\v1.0\;C:\Program Files\Intel\Intel(R) Management Engine Components\DAL;C:\Program Files\Intel\Intel(R) Management Engine Components\IPT;C:\Program Files (x86)\Intel\Intel(R) Management Engine Components\DAL;C:\Program Files (x86)\Intel\Intel(R) Management Engine Components\IPT;c:\Program Files (x86)\Microsoft SQL Server\90\Tools\binn\;;C:\Users\Lab 1 Kom 64\AppData\Local\Programs\Microsoft VS Code\bin
USERNAME=Lab 1 Kom 64
OS=Windows_NT
PROCESSOR_IDENTIFIER=Intel64 Family 6 Model 42 Stepping 7, GenuineIntel



---------------  S Y S T E M  ---------------

OS: Windows 7 , 64 bit Build 7601 (6.1.7601.17514)

CPU:total 4 (initial active 4) (4 cores per cpu, 1 threads per core) family 6 model 42 stepping 7, cmov, cx8, fxsr, mmx, sse, sse2, sse3, ssse3, sse4.1, sse4.2, popcnt, avx, aes, clmul, tsc, tscinvbit

Memory: 4k page, physical 8081136k(3726844k free), swap 16160428k(11306616k free)

vm_info: OpenJDK 64-Bit Server VM (25.202-b03) for windows-amd64 JRE (1.8.0_202-release-1483-b03), built by "builder" with MS VC++ 10.0 (VS2010)

time: Sun Oct 13 08:55:24 2019
timezone: SE Asia Standard Time
elapsed time: 0 seconds (0d 0h 0m 0s)

