#
# A fatal error has been detected by the Java Runtime Environment:
#
#  EXCEPTION_ACCESS_VIOLATION (0xc0000005) at pc=0x000000006440aee7, pid=3272, tid=0x00000000000004b4
#
# JRE version: OpenJDK Runtime Environment (8.0_202-b03) (build 1.8.0_202-release-1483-b03)
# Java VM: OpenJDK 64-Bit Server VM (25.202-b03 mixed mode windows-amd64 compressed oops)
# Problematic frame:
# V  [jvm.dll+0x46aee7]
#
# Failed to write core dump. Minidumps are not enabled by default on client versions of Windows
#
# If you would like to submit a bug report, please visit:
#   http://bugreport.java.com/bugreport/crash.jsp
#

---------------  T H R E A D  ---------------

Current thread (0x00000000587c2000):  JavaThread "C2 CompilerThread0" daemon [_thread_in_native, id=1204, stack(0x00000000590a0000,0x00000000591a0000)]

siginfo: ExceptionCode=0xc0000005, reading address 0xffffffffffffffff

Registers:
RAX=0x0000f9005b2ff130, RBX=0x0000000000000347, RCX=0x0000000000000003, RDX=0x000000005fc61fe0
RSP=0x000000005919c410, RBP=0x00000000000835c0, RSI=0x00000000000012c4, RDI=0x000000005c9d6230
R8 =0x00000000ffffffff, R9 =0x0000000000016f10, R10=0x000000005919c780, R11=0x000000000000000e
R12=0x000000005fc61fe0, R13=0x000000005919ca70, R14=0x0000000063fa0000, R15=0x000000006476a650
RIP=0x000000006440aee7, EFLAGS=0x0000000000010206

Top of Stack: (sp=0x000000005919c410)
0x000000005919c410:   00000000000012c4 0000000000000003
0x000000005919c420:   00000000000835c0 00000000000012c4
0x000000005919c430:   0000034a00000000 0000000000000003
0x000000005919c440:   000000005c171d00 000007fe00000004
0x000000005919c450:   000000005c1720c0 000000000000001a
0x000000005919c460:   000000005919c5f0 0000000064447044
0x000000005919c470:   0000000000000002 000000005bf35cf0
0x000000005919c480:   000000005e862d30 000000005919ca70
0x000000005919c490:   000000005919ca70 000000006440c3c8
0x000000005919c4a0:   00000000000835c0 00000000000012a8
0x000000005919c4b0:   000000005919c5a0 000000005fc7a0a8
0x000000005919c4c0:   0000000800000000 000000000000000f
0x000000005919c4d0:   000000005bf35cf0 000012c400000000
0x000000005919c4e0:   000001fc0000000e 0000000000000007
0x000000005919c4f0:   0000000005155455 0000000000000000
0x000000005919c500:   0000000000000000 0000000000000000 

Instructions: (pc=0x000000006440aee7)
0x000000006440aec7:   8b de 48 8d 3c 80 48 c1 e7 05 49 03 7a 10 85 db
0x000000006440aed7:   0f 84 f3 fe ff ff 48 8b 47 08 8b cb 48 c1 e9 08
0x000000006440aee7:   4c 8b 0c c8 4d 3b cf 75 0d 8b d3 48 8b cf e8 16
0x000000006440aef7:   44 00 00 4c 8b c8 8b d3 83 e3 1f 41 b8 01 00 00 


Register to memory mapping:

RAX=0x0000f9005b2ff130 is an unknown value
RBX=0x0000000000000347 is an unknown value
RCX=0x0000000000000003 is an unknown value
RDX=0x000000005fc61fe0 is an unknown value
RSP=0x000000005919c410 is pointing into the stack for thread: 0x00000000587c2000
RBP=0x00000000000835c0 is an unknown value
RSI=0x00000000000012c4 is an unknown value
RDI=0x000000005c9d6230 is an unknown value
R8 =0x00000000ffffffff is an unallocated location in the heap
R9 =0x0000000000016f10 is an unknown value
R10=0x000000005919c780 is pointing into the stack for thread: 0x00000000587c2000
R11=0x000000000000000e is an unknown value
R12=0x000000005fc61fe0 is an unknown value
R13=0x000000005919ca70 is pointing into the stack for thread: 0x00000000587c2000
R14=0x0000000063fa0000 is an unknown value
R15=0x000000006476a650 is an unknown value


Stack: [0x00000000590a0000,0x00000000591a0000],  sp=0x000000005919c410,  free space=1009k
Native frames: (J=compiled Java code, j=interpreted, Vv=VM code, C=native code)
V  [jvm.dll+0x46aee7]
V  [jvm.dll+0x46c3c8]
V  [jvm.dll+0x436d8d]
V  [jvm.dll+0x4419bb]
V  [jvm.dll+0x4442b8]
V  [jvm.dll+0x4273d2]
V  [jvm.dll+0x8215f]
V  [jvm.dll+0x82abf]
V  [jvm.dll+0x21db7f]
V  [jvm.dll+0x26f5ba]
C  [msvcr100.dll+0x21d9f]
C  [msvcr100.dll+0x21e3b]
C  [kernel32.dll+0x1652d]
C  [ntdll.dll+0x2c521]


Current CompileTask:
C2:   5260 5670       4       org.jetbrains.kotlin.com.intellij.lang.java.parser.ExpressionParser::parseBinary (164 bytes)


---------------  P R O C E S S  ---------------

Java Threads: ( => current thread )
  0x000000005884f800 JavaThread "Service Thread" daemon [_thread_blocked, id=4676, stack(0x00000000593f0000,0x00000000594f0000)]
  0x00000000587ca800 JavaThread "C1 CompilerThread2" daemon [_thread_blocked, id=4952, stack(0x00000000592a0000,0x00000000593a0000)]
  0x00000000587c9000 JavaThread "C2 CompilerThread1" daemon [_thread_in_native, id=2956, stack(0x0000000058c50000,0x0000000058d50000)]
=>0x00000000587c2000 JavaThread "C2 CompilerThread0" daemon [_thread_in_native, id=1204, stack(0x00000000590a0000,0x00000000591a0000)]
  0x000000005738c800 JavaThread "Attach Listener" daemon [_thread_blocked, id=4320, stack(0x0000000058e80000,0x0000000058f80000)]
  0x000000005738b000 JavaThread "Signal Dispatcher" daemon [_thread_blocked, id=4408, stack(0x0000000058d60000,0x0000000058e60000)]
  0x0000000057373800 JavaThread "Finalizer" daemon [_thread_blocked, id=128, stack(0x00000000586c0000,0x00000000587c0000)]
  0x000000005736c800 JavaThread "Reference Handler" daemon [_thread_blocked, id=4388, stack(0x0000000058430000,0x0000000058530000)]
  0x0000000002260000 JavaThread "main" [_thread_in_Java, id=1980, stack(0x0000000002450000,0x0000000002550000)]

Other Threads:
  0x0000000057324800 VMThread [stack: 0x00000000582d0000,0x00000000583d0000] [id=5020]
  0x0000000058851000 WatcherThread [stack: 0x0000000059650000,0x0000000059750000] [id=4252]

VM state:not at safepoint (normal execution)

VM Mutex/Monitor currently owned by a thread: None

heap address: 0x0000000084a00000, size: 1974 MB, Compressed Oops mode: 32-bit
Narrow klass base: 0x0000000000000000, Narrow klass shift: 0
Compressed class space size: 1073741824 Address: 0x0000000016990000

Heap:
 PSYoungGen      total 91136K, used 59231K [0x00000000d6e00000, 0x00000000ddd80000, 0x0000000100000000)
  eden space 76288K, 58% used [0x00000000d6e00000,0x00000000d9958100,0x00000000db880000)
  from space 14848K, 99% used [0x00000000dc980000,0x00000000dd7ffdc8,0x00000000dd800000)
  to   space 17408K, 0% used [0x00000000db880000,0x00000000db880000,0x00000000dc980000)
 ParOldGen       total 113664K, used 20344K [0x0000000084a00000, 0x000000008b900000, 0x00000000d6e00000)
  object space 113664K, 17% used [0x0000000084a00000,0x0000000085dde330,0x000000008b900000)
 Metaspace       used 46556K, capacity 47386K, committed 47488K, reserved 1091584K
  class space    used 5759K, capacity 5995K, committed 6016K, reserved 1048576K

Card table byte_map: [0x0000000011be0000,0x0000000011fc0000] byte_map_base: 0x00000000117bb000

Marking Bits: (ParMarkBitMap*) 0x0000000064769f30
 Begin Bits: [0x0000000012800000, 0x00000000146d8000)
 End Bits:   [0x00000000146d8000, 0x00000000165b0000)

Polling page: 0x0000000000230000

CodeCache: size=245760Kb used=18115Kb max_used=18115Kb free=227645Kb
 bounds [0x0000000002820000, 0x00000000039e0000, 0x0000000011820000]
 total_blobs=6108 nmethods=5649 adapters=371
 compilation: enabled

Compilation events (10 events):
Event: 5.244 Thread 0x00000000587ca800 nmethod 5713 0x00000000039d79d0 code [0x00000000039d7b20, 0x00000000039d7c30]
Event: 5.245 Thread 0x00000000587ca800 5714       2       org.jetbrains.kotlin.com.intellij.psi.impl.source.tree.CompositeElement::setPsi (33 bytes)
Event: 5.246 Thread 0x00000000587ca800 nmethod 5714 0x00000000039d7cd0 code [0x00000000039d7e80, 0x00000000039d8188]
Event: 5.248 Thread 0x00000000587ca800 5715       2       org.jetbrains.kotlin.com.intellij.lang.ASTFactory::lazy (117 bytes)
Event: 5.249 Thread 0x00000000587ca800 nmethod 5715 0x00000000039d8390 code [0x00000000039d8580, 0x00000000039d8a78]
Event: 5.249 Thread 0x00000000587ca800 5716       2       org.jetbrains.kotlin.com.intellij.psi.impl.source.tree.LazyParseableElement$ChameleonLock::<init> (5 bytes)
Event: 5.249 Thread 0x00000000587ca800 nmethod 5716 0x00000000039d8dd0 code [0x00000000039d8f20, 0x00000000039d9070]
Event: 5.249 Thread 0x00000000587ca800 5717       2       org.jetbrains.kotlin.com.intellij.openapi.util.StaticGetter::<init> (10 bytes)
Event: 5.249 Thread 0x00000000587ca800 nmethod 5717 0x00000000039d9110 code [0x00000000039d9260, 0x00000000039d93d0]
Event: 5.249 Thread 0x00000000587ca800 5720   !   2       org.jetbrains.kotlin.com.intellij.psi.impl.source.tree.LazyParseableElement::<init> (89 bytes)

GC Heap History (10 events):
Event: 2.270 GC heap before
{Heap before GC invocations=6 (full 1):
 PSYoungGen      total 47104K, used 47079K [0x00000000d6e00000, 0x00000000db600000, 0x0000000100000000)
  eden space 41984K, 100% used [0x00000000d6e00000,0x00000000d9700000,0x00000000d9700000)
  from space 5120K, 99% used [0x00000000db100000,0x00000000db5f9f08,0x00000000db600000)
  to   space 5120K, 0% used [0x00000000dac00000,0x00000000dac00000,0x00000000db100000)
 ParOldGen       total 68096K, used 11035K [0x0000000084a00000, 0x0000000088c80000, 0x00000000d6e00000)
  object space 68096K, 16% used [0x0000000084a00000,0x00000000854c6ff8,0x0000000088c80000)
 Metaspace       used 30857K, capacity 31312K, committed 31488K, reserved 1077248K
  class space    used 3940K, capacity 4092K, committed 4096K, reserved 1048576K
Event: 2.282 GC heap after
Heap after GC invocations=6 (full 1):
 PSYoungGen      total 60928K, used 5090K [0x00000000d6e00000, 0x00000000dc280000, 0x0000000100000000)
  eden space 55808K, 0% used [0x00000000d6e00000,0x00000000d6e00000,0x00000000da480000)
  from space 5120K, 99% used [0x00000000dac00000,0x00000000db0f8908,0x00000000db100000)
  to   space 15360K, 0% used [0x00000000db380000,0x00000000db380000,0x00000000dc280000)
 ParOldGen       total 68096K, used 21835K [0x0000000084a00000, 0x0000000088c80000, 0x00000000d6e00000)
  object space 68096K, 32% used [0x0000000084a00000,0x0000000085f52e58,0x0000000088c80000)
 Metaspace       used 30857K, capacity 31312K, committed 31488K, reserved 1077248K
  class space    used 3940K, capacity 4092K, committed 4096K, reserved 1048576K
}
Event: 2.723 GC heap before
{Heap before GC invocations=7 (full 1):
 PSYoungGen      total 60928K, used 24983K [0x00000000d6e00000, 0x00000000dc280000, 0x0000000100000000)
  eden space 55808K, 35% used [0x00000000d6e00000,0x00000000d816d658,0x00000000da480000)
  from space 5120K, 99% used [0x00000000dac00000,0x00000000db0f8908,0x00000000db100000)
  to   space 15360K, 0% used [0x00000000db380000,0x00000000db380000,0x00000000dc280000)
 ParOldGen       total 68096K, used 21835K [0x0000000084a00000, 0x0000000088c80000, 0x00000000d6e00000)
  object space 68096K, 32% used [0x0000000084a00000,0x0000000085f52e58,0x0000000088c80000)
 Metaspace       used 34805K, capacity 35340K, committed 35496K, reserved 1081344K
  class space    used 4440K, capacity 4602K, committed 4608K, reserved 1048576K
Event: 2.762 GC heap after
Heap after GC invocations=7 (full 1):
 PSYoungGen      total 71680K, used 10350K [0x00000000d6e00000, 0x00000000ddc00000, 0x0000000100000000)
  eden space 56320K, 0% used [0x00000000d6e00000,0x00000000d6e00000,0x00000000da500000)
  from space 15360K, 67% used [0x00000000db380000,0x00000000dbd9b848,0x00000000dc280000)
  to   space 14848K, 0% used [0x00000000da500000,0x00000000da500000,0x00000000db380000)
 ParOldGen       total 68096K, used 21843K [0x0000000084a00000, 0x0000000088c80000, 0x00000000d6e00000)
  object space 68096K, 32% used [0x0000000084a00000,0x0000000085f54e58,0x0000000088c80000)
 Metaspace       used 34805K, capacity 35340K, committed 35496K, reserved 1081344K
  class space    used 4440K, capacity 4602K, committed 4608K, reserved 1048576K
}
Event: 2.762 GC heap before
{Heap before GC invocations=8 (full 2):
 PSYoungGen      total 71680K, used 10350K [0x00000000d6e00000, 0x00000000ddc00000, 0x0000000100000000)
  eden space 56320K, 0% used [0x00000000d6e00000,0x00000000d6e00000,0x00000000da500000)
  from space 15360K, 67% used [0x00000000db380000,0x00000000dbd9b848,0x00000000dc280000)
  to   space 14848K, 0% used [0x00000000da500000,0x00000000da500000,0x00000000db380000)
 ParOldGen       total 68096K, used 21843K [0x0000000084a00000, 0x0000000088c80000, 0x00000000d6e00000)
  object space 68096K, 32% used [0x0000000084a00000,0x0000000085f54e58,0x0000000088c80000)
 Metaspace       used 34805K, capacity 35340K, committed 35496K, reserved 1081344K
  class space    used 4440K, capacity 4602K, committed 4608K, reserved 1048576K
Event: 2.843 GC heap after
Heap after GC invocations=8 (full 2):
 PSYoungGen      total 71680K, used 0K [0x00000000d6e00000, 0x00000000ddc00000, 0x0000000100000000)
  eden space 56320K, 0% used [0x00000000d6e00000,0x00000000d6e00000,0x00000000da500000)
  from space 15360K, 0% used [0x00000000db380000,0x00000000db380000,0x00000000dc280000)
  to   space 14848K, 0% used [0x00000000da500000,0x00000000da500000,0x00000000db380000)
 ParOldGen       total 113664K, used 18280K [0x0000000084a00000, 0x000000008b900000, 0x00000000d6e00000)
  object space 113664K, 16% used [0x0000000084a00000,0x0000000085bda0b8,0x000000008b900000)
 Metaspace       used 34805K, capacity 35340K, committed 35496K, reserved 1081344K
  class space    used 4440K, capacity 4602K, committed 4608K, reserved 1048576K
}
Event: 3.417 GC heap before
{Heap before GC invocations=9 (full 2):
 PSYoungGen      total 71680K, used 56320K [0x00000000d6e00000, 0x00000000ddc00000, 0x0000000100000000)
  eden space 56320K, 100% used [0x00000000d6e00000,0x00000000da500000,0x00000000da500000)
  from space 15360K, 0% used [0x00000000db380000,0x00000000db380000,0x00000000dc280000)
  to   space 14848K, 0% used [0x00000000da500000,0x00000000da500000,0x00000000db380000)
 ParOldGen       total 113664K, used 18280K [0x0000000084a00000, 0x000000008b900000, 0x00000000d6e00000)
  object space 113664K, 16% used [0x0000000084a00000,0x0000000085bda0b8,0x000000008b900000)
 Metaspace       used 38533K, capacity 39134K, committed 39424K, reserved 1083392K
  class space    used 4841K, capacity 5003K, committed 5120K, reserved 1048576K
Event: 3.428 GC heap after
Heap after GC invocations=9 (full 2):
 PSYoungGen      total 71168K, used 10948K [0x00000000d6e00000, 0x00000000dd800000, 0x0000000100000000)
  eden space 56320K, 0% used [0x00000000d6e00000,0x00000000d6e00000,0x00000000da500000)
  from space 14848K, 73% used [0x00000000da500000,0x00000000dafb1048,0x00000000db380000)
  to   space 14848K, 0% used [0x00000000dc980000,0x00000000dc980000,0x00000000dd800000)
 ParOldGen       total 113664K, used 18288K [0x0000000084a00000, 0x000000008b900000, 0x00000000d6e00000)
  object space 113664K, 16% used [0x0000000084a00000,0x0000000085bdc0b8,0x000000008b900000)
 Metaspace       used 38533K, capacity 39134K, committed 39424K, reserved 1083392K
  class space    used 4841K, capacity 5003K, committed 5120K, reserved 1048576K
}
Event: 4.436 GC heap before
{Heap before GC invocations=10 (full 2):
 PSYoungGen      total 71168K, used 67268K [0x00000000d6e00000, 0x00000000dd800000, 0x0000000100000000)
  eden space 56320K, 100% used [0x00000000d6e00000,0x00000000da500000,0x00000000da500000)
  from space 14848K, 73% used [0x00000000da500000,0x00000000dafb1048,0x00000000db380000)
  to   space 14848K, 0% used [0x00000000dc980000,0x00000000dc980000,0x00000000dd800000)
 ParOldGen       total 113664K, used 18288K [0x0000000084a00000, 0x000000008b900000, 0x00000000d6e00000)
  object space 113664K, 16% used [0x0000000084a00000,0x0000000085bdc0b8,0x000000008b900000)
 Metaspace       used 41708K, capacity 42456K, committed 42752K, reserved 1087488K
  class space    used 5093K, capacity 5286K, committed 5376K, reserved 1048576K
Event: 4.473 GC heap after
Heap after GC invocations=10 (full 2):
 PSYoungGen      total 91136K, used 14847K [0x00000000d6e00000, 0x00000000ddd80000, 0x0000000100000000)
  eden space 76288K, 0% used [0x00000000d6e00000,0x00000000d6e00000,0x00000000db880000)
  from space 14848K, 99% used [0x00000000dc980000,0x00000000dd7ffdc8,0x00000000dd800000)
  to   space 17408K, 0% used [0x00000000db880000,0x00000000db880000,0x00000000dc980000)
 ParOldGen       total 113664K, used 20344K [0x0000000084a00000, 0x000000008b900000, 0x00000000d6e00000)
  object space 113664K, 17% used [0x0000000084a00000,0x0000000085dde330,0x000000008b900000)
 Metaspace       used 41708K, capacity 42456K, committed 42752K, reserved 1087488K
  class space    used 5093K, capacity 5286K, committed 5376K, reserved 1048576K
}

Deoptimization events (10 events):
Event: 4.687 Thread 0x0000000002260000 Uncommon trap: reason=unstable_if action=reinterpret pc=0x0000000002c16048 method=kotlin.jvm.internal.Intrinsics.areEqual(Ljava/lang/Object;Ljava/lang/Object;)Z @ 5
Event: 4.722 Thread 0x0000000002260000 Uncommon trap: reason=unstable_if action=reinterpret pc=0x0000000002fc35ac method=org.jetbrains.kotlin.com.intellij.psi.tree.TokenSet.contains(Lorg/jetbrains/kotlin/com/intellij/psi/tree/IElementType;)Z @ 1
Event: 4.812 Thread 0x0000000002260000 Uncommon trap: reason=predicate action=maybe_recompile pc=0x0000000003822df4 method=org.jetbrains.kotlin.descriptors.impl.FunctionDescriptorImpl.initialize(Lorg/jetbrains/kotlin/descriptors/ReceiverParameterDescriptor;Lorg/jetbrains/kotlin/descriptors/Rec
Event: 4.859 Thread 0x0000000002260000 Uncommon trap: reason=unstable_if action=reinterpret pc=0x00000000037e9f48 method=org.jetbrains.kotlin.descriptors.impl.ValueParameterDescriptorImpl.declaresDefaultValue()Z @ 4
Event: 4.905 Thread 0x0000000002260000 Uncommon trap: reason=range_check action=make_not_entrant pc=0x0000000003937b98 method=org.jetbrains.kotlin.com.intellij.openapi.vfs.CharsetToolkit.guessFromContent(II)Lorg/jetbrains/kotlin/com/intellij/openapi/vfs/CharsetToolkit$GuessedEncoding; @ 59
Event: 4.932 Thread 0x0000000002260000 Uncommon trap: reason=unstable_if action=reinterpret pc=0x000000000392e38c method=org.jetbrains.kotlin.com.intellij.openapi.util.text.StringUtil.assertValidSeparators(Ljava/lang/CharSequence;)V @ 34
Event: 4.933 Thread 0x0000000002260000 Uncommon trap: reason=unstable_if action=reinterpret pc=0x0000000002fa3f6c method=org.jetbrains.kotlin.com.intellij.util.text.ByteArrayCharSequence.toBytesIfPossible(Ljava/lang/CharSequence;)[B @ 93
Event: 4.933 Thread 0x0000000002260000 Uncommon trap: reason=unstable_if action=reinterpret pc=0x00000000038da1fc method=org.jetbrains.kotlin.com.intellij.util.text.CharArrayUtil.getChars(Ljava/lang/CharSequence;[CIII)V @ 73
Event: 5.098 Thread 0x0000000002260000 Uncommon trap: reason=unstable_if action=reinterpret pc=0x0000000003969f78 method=org.jetbrains.kotlin.com.intellij.lang.java.lexer.JavaLexer.getWhitespaces(I)I @ 36
Event: 5.191 Thread 0x0000000002260000 Uncommon trap: reason=unstable_if action=reinterpret pc=0x0000000003996550 method=gnu.trove.TIntObjectHashMap.insertionIndex(I)I @ 168

Classes redefined (0 events):
No events

Internal exceptions (10 events):
Event: 2.180 Thread 0x0000000002260000 Exception <a 'java/lang/ArrayIndexOutOfBoundsException'> (0x00000000d9124380) thrown at [D:\src\AOSP-openjdk-cygwin\jdk8u\hotspot\src\share\vm\runtime\sharedRuntime.cpp, line 605]
Event: 2.552 Thread 0x0000000002260000 Exception <a 'java/lang/NoSuchMethodError': java.lang.Object.lambda$static$0(I)[Lorg/jetbrains/kotlin/psi/KtExpression;> (0x00000000d7abb568) thrown at [D:\src\AOSP-openjdk-cygwin\jdk8u\hotspot\src\share\vm\interpreter\linkResolver.cpp, line 620]
Event: 2.682 Thread 0x0000000002260000 Exception <a 'java/lang/NoSuchMethodError': java.lang.Object.lambda$static$0(I)[Lorg/jetbrains/kotlin/psi/KtDeclaration;> (0x00000000d7e94cd8) thrown at [D:\src\AOSP-openjdk-cygwin\jdk8u\hotspot\src\share\vm\interpreter\linkResolver.cpp, line 620]
Event: 2.711 Thread 0x0000000002260000 Exception <a 'java/lang/NoSuchMethodError': java.lang.Object.lambda$static$0(I)[Lorg/jetbrains/kotlin/psi/KtTypeElement;> (0x00000000d7ff5ac8) thrown at [D:\src\AOSP-openjdk-cygwin\jdk8u\hotspot\src\share\vm\interpreter\linkResolver.cpp, line 620]
Event: 3.174 Thread 0x0000000002260000 Exception <a 'java/lang/NoSuchMethodError': java.lang.Object.lambda$static$0(I)[Lorg/jetbrains/kotlin/com/intellij/psi/PsiClass;> (0x00000000d8ffc968) thrown at [D:\src\AOSP-openjdk-cygwin\jdk8u\hotspot\src\share\vm\interpreter\linkResolver.cpp, line 620]
Event: 4.216 Thread 0x0000000002260000 Implicit null exception at 0x00000000037695a3 to 0x0000000003769ac5
Event: 4.721 Thread 0x0000000002260000 Implicit null exception at 0x0000000002fc34bc to 0x0000000002fc3599
Event: 4.856 Thread 0x0000000002260000 Exception <a 'java/lang/IncompatibleClassChangeError': Found class java.lang.Object, but interface was expected> (0x00000000d82bf388) thrown at [D:\src\AOSP-openjdk-cygwin\jdk8u\hotspot\src\share\vm\interpreter\linkResolver.cpp, line 653]
Event: 5.233 Thread 0x0000000002260000 Exception <a 'java/lang/NoSuchMethodError': java.lang.Object.lambda$static$0(I)[Lorg/jetbrains/kotlin/com/intellij/psi/PsiReference;> (0x00000000d96ae068) thrown at [D:\src\AOSP-openjdk-cygwin\jdk8u\hotspot\src\share\vm\interpreter\linkResolver.cpp, line 
Event: 5.238 Thread 0x0000000002260000 Exception <a 'java/lang/NoSuchMethodError': java.lang.Object.lambda$static$0(I)[Lorg/jetbrains/kotlin/com/intellij/psi/PsiTypeElement;> (0x00000000d96e6ce0) thrown at [D:\src\AOSP-openjdk-cygwin\jdk8u\hotspot\src\share\vm\interpreter\linkResolver.cpp, lin

Events (10 events):
Event: 5.240 loading class org/jetbrains/kotlin/com/intellij/psi/javadoc/PsiDocComment
Event: 5.240 loading class org/jetbrains/kotlin/com/intellij/psi/javadoc/PsiDocComment done
Event: 5.240 loading class org/jetbrains/kotlin/com/intellij/psi/PsiDocCommentBase
Event: 5.240 loading class org/jetbrains/kotlin/com/intellij/psi/PsiDocCommentBase done
Event: 5.242 loading class org/jetbrains/kotlin/com/intellij/psi/javadoc/PsiDocTag
Event: 5.242 loading class org/jetbrains/kotlin/com/intellij/psi/javadoc/PsiDocTag done
Event: 5.242 loading class org/jetbrains/kotlin/com/intellij/psi/javadoc/PsiDocTag
Event: 5.242 loading class org/jetbrains/kotlin/com/intellij/psi/javadoc/PsiDocTag done
Event: 5.242 loading class org/jetbrains/kotlin/com/intellij/util/ArrayFactory
Event: 5.242 loading class org/jetbrains/kotlin/com/intellij/util/ArrayFactory done


Dynamic libraries:
0x000000013ff40000 - 0x000000013ff71000 	C:\Program Files\Android\Android Studio\jre\jre\bin\java.exe
0x0000000077130000 - 0x00000000772d9000 	C:\Windows\SYSTEM32\ntdll.dll
0x0000000077010000 - 0x000000007712f000 	C:\Windows\system32\kernel32.dll
0x000007fefd1d0000 - 0x000007fefd23b000 	C:\Windows\system32\KERNELBASE.dll
0x000007fefee00000 - 0x000007fefeedb000 	C:\Windows\system32\ADVAPI32.dll
0x000007fefe810000 - 0x000007fefe8af000 	C:\Windows\system32\msvcrt.dll
0x000007feff420000 - 0x000007feff43f000 	C:\Windows\SYSTEM32\sechost.dll
0x000007fefef80000 - 0x000007feff0ad000 	C:\Windows\system32\RPCRT4.dll
0x0000000076f10000 - 0x000000007700a000 	C:\Windows\system32\USER32.dll
0x000007fefed90000 - 0x000007fefedf7000 	C:\Windows\system32\GDI32.dll
0x000007fefebc0000 - 0x000007fefebce000 	C:\Windows\system32\LPK.dll
0x000007fefea90000 - 0x000007fefeb59000 	C:\Windows\system32\USP10.dll
0x000007fefb530000 - 0x000007fefb724000 	C:\Windows\WinSxS\amd64_microsoft.windows.common-controls_6595b64144ccf1df_6.0.7601.17514_none_fa396087175ac9ac\COMCTL32.dll
0x000007fefebd0000 - 0x000007fefec41000 	C:\Windows\system32\SHLWAPI.dll
0x000007feff3f0000 - 0x000007feff41e000 	C:\Windows\system32\IMM32.DLL
0x000007fefd450000 - 0x000007fefd559000 	C:\Windows\system32\MSCTF.dll
0x0000000063b90000 - 0x0000000063c62000 	C:\Program Files\Android\Android Studio\jre\jre\bin\msvcr100.dll
0x0000000063fa0000 - 0x00000000647e6000 	C:\Program Files\Android\Android Studio\jre\jre\bin\server\jvm.dll
0x000007fefa830000 - 0x000007fefa839000 	C:\Windows\system32\WSOCK32.dll
0x000007fefe7c0000 - 0x000007fefe80d000 	C:\Windows\system32\WS2_32.dll
0x000007fefe2f0000 - 0x000007fefe2f8000 	C:\Windows\system32\NSI.dll
0x000007fef9f90000 - 0x000007fef9fcb000 	C:\Windows\system32\WINMM.dll
0x000007fefc1e0000 - 0x000007fefc1ec000 	C:\Windows\system32\VERSION.dll
0x00000000772f0000 - 0x00000000772f7000 	C:\Windows\system32\PSAPI.DLL
0x000007fefa840000 - 0x000007fefa84f000 	C:\Program Files\Android\Android Studio\jre\jre\bin\verify.dll
0x000007fefa7d0000 - 0x000007fefa7f9000 	C:\Program Files\Android\Android Studio\jre\jre\bin\java.dll
0x000007fefa810000 - 0x000007fefa826000 	C:\Program Files\Android\Android Studio\jre\jre\bin\zip.dll
0x000007fefd560000 - 0x000007fefe2e8000 	C:\Windows\system32\SHELL32.dll
0x000007fefe430000 - 0x000007fefe633000 	C:\Windows\system32\ole32.dll
0x000007fefd080000 - 0x000007fefd08f000 	C:\Windows\system32\profapi.dll
0x000007fefa7b0000 - 0x000007fefa7ca000 	C:\Program Files\Android\Android Studio\jre\jre\bin\net.dll
0x000007fefc8b0000 - 0x000007fefc905000 	C:\Windows\system32\mswsock.dll
0x000007fefc8a0000 - 0x000007fefc8a7000 	C:\Windows\System32\wship6.dll
0x000007fef2ca0000 - 0x000007fef2cb1000 	C:\Program Files\Android\Android Studio\jre\jre\bin\nio.dll
0x000007fef1f50000 - 0x000007fef2075000 	C:\Windows\system32\dbghelp.dll

VM Arguments:
java_command: org.jetbrains.kotlin.cli.jvm.K2JVMCompiler -Xallow-no-source-files -classpath C:\Users\Lab 1 Kom 64\.gradle\caches\modules-2\files-2.1\org.jetbrains.kotlin\kotlin-android-extensions-runtime\1.3.50\bec16087637a7cafe54894e73d38037977cb30d2\kotlin-android-extensions-runtime-1.3.50.jar;C:\Users\Lab 1 Kom 64\.gradle\caches\modules-2\files-2.1\org.jetbrains.kotlin\kotlin-stdlib-jdk7\1.3.50\50ad05ea1c2595fb31b800e76db464d08d599af3\kotlin-stdlib-jdk7-1.3.50.jar;C:\Users\Lab 1 Kom 64\.gradle\caches\transforms-2\files-2.1\5c88463d0eed036fcfa571f3d6410c54\core-ktx-1.0.2\jars\classes.jar;C:\Users\Lab 1 Kom 64\.gradle\caches\transforms-2\files-2.1\edbf5ab52b8bc327a38ffe855bda09ed\anko-0.10.8\jars\classes.jar;C:\Users\Lab 1 Kom 64\.gradle\caches\transforms-2\files-2.1\6664dbdbab4097bd740c8e516cd23fbf\anko-sqlite-0.10.8\jars\classes.jar;C:\Users\Lab 1 Kom 64\.gradle\caches\transforms-2\files-2.1\ee2e43da10950c01aa54a0943bd924d3\anko-sdk27-0.10.8\jars\classes.jar;C:\Users\Lab 1 Kom 64\.gradle\caches\transforms-2\files-2.1\e0174d949d3955a5ed4f6e9dc7c5d28a\anko-sdk27-coroutines-0.10.8\jars\classes.jar;C:\Users\Lab 1 Kom 64\.gradle\caches\transforms-2\files-2.1\f076cf1c6b5a6f53182a3a25b7b77455\jetified-anko-appcompat-v7-0.10.8\jars\classes.jar;C:\Users\Lab 1 Kom 64\.gradle\caches\transforms-2\files-2.1\3f29df975625fdf4193e837e46e7beb3\jetified-anko-support-v4-0.10.8\jars\classes.jar;C:\Users\Lab 1 Kom 64\.gradle\caches\transforms-2\files-2.1\eb245c0307e6337ab88bb50f869f3b26\jetified-anko-appcompat-v7-coroutines-0.10.8\jars\classes.jar;C:\Users\Lab 1 Kom 64\.gradle\caches\transforms-2\files-2.1\0619de4d4107d5f6a4971f2592e89ba1\anko-appcompat-v7-commons-0.10.8\jars\classes.jar;C:\Users\Lab 1 Kom 64\.gradle\caches\transforms-2\files-2.1\adbb61169b6765cc70166e608b7a0739\anko-support-v4-commons-0.10.8\jars\classes.jar;C:\Users\Lab 1 Kom 64\.gradle\caches\transforms-2\files-2.1\0d1224d4a46a29b3884526992eea1920\anko-commons-0.10.8\jars\classes.jar;C:\Users\Lab 1 Kom 64\.gradl
java_class_path (initial): C:\Users\Lab 1 Kom 64\.gradle\caches\modules-2\files-2.1\org.jetbrains.kotlin\kotlin-compiler-embeddable\1.3.50\1251c1768e5769b06c2487d6f6cf8acf6efb8960\kotlin-compiler-embeddable-1.3.50.jar;C:\Users\Lab 1 Kom 64\.gradle\caches\modules-2\files-2.1\org.jetbrains.kotlin\kotlin-reflect\1.3.50\b499f22fd7c3e9c2e5b6c4005221fa47fc7f9a7a\kotlin-reflect-1.3.50.jar;C:\Users\Lab 1 Kom 64\.gradle\caches\modules-2\files-2.1\org.jetbrains.kotlin\kotlin-stdlib\1.3.50\b529d1738c7e98bbfa36a4134039528f2ce78ebf\kotlin-stdlib-1.3.50.jar;C:\Users\Lab 1 Kom 64\.gradle\caches\modules-2\files-2.1\org.jetbrains.kotlin\kotlin-script-runtime\1.3.50\59492b8dfb92522ba0ddb5dd1c4d0ef0a4fca1af\kotlin-script-runtime-1.3.50.jar;C:\Users\Lab 1 Kom 64\.gradle\caches\modules-2\files-2.1\org.jetbrains.kotlin\kotlin-daemon-embeddable\1.3.50\5cb93bb33f4c6f833ead0beca4c831668e00cf52\kotlin-daemon-embeddable-1.3.50.jar;C:\Users\Lab 1 Kom 64\.gradle\caches\modules-2\files-2.1\org.jetbrains.intellij.deps\trove4j\1.0.20181211\216c2e14b070f334479d800987affe4054cd563f\trove4j-1.0.20181211.jar;C:\Users\Lab 1 Kom 64\.gradle\caches\modules-2\files-2.1\org.jetbrains.kotlin\kotlin-stdlib-common\1.3.50\3d9cd3e1bc7b92e95f43d45be3bfbcf38e36ab87\kotlin-stdlib-common-1.3.50.jar;C:\Users\Lab 1 Kom 64\.gradle\caches\modules-2\files-2.1\org.jetbrains\annotations\13.0\919f0dfe192fb4e063e7dacadee7f8bb9a2672a9\annotations-13.0.jar;C:\Program Files\Android\Android Studio\jre\lib\tools.jar
Launcher Type: SUN_STANDARD

Environment Variables:
PATH=C:\ProgramData\Oracle\Java\javapath;C:\Program Files (x86)\Intel\iCLS Client\;C:\Program Files\Intel\iCLS Client\;C:\Windows\system32;C:\Windows;C:\Windows\System32\Wbem;C:\Windows\System32\WindowsPowerShell\v1.0\;C:\Program Files\Intel\Intel(R) Management Engine Components\DAL;C:\Program Files\Intel\Intel(R) Management Engine Components\IPT;C:\Program Files (x86)\Intel\Intel(R) Management Engine Components\DAL;C:\Program Files (x86)\Intel\Intel(R) Management Engine Components\IPT;c:\Program Files (x86)\Microsoft SQL Server\90\Tools\binn\;;C:\Users\Lab 1 Kom 64\AppData\Local\Programs\Microsoft VS Code\bin
USERNAME=Lab 1 Kom 64
OS=Windows_NT
PROCESSOR_IDENTIFIER=Intel64 Family 6 Model 42 Stepping 7, GenuineIntel



---------------  S Y S T E M  ---------------

OS: Windows 7 , 64 bit Build 7601 (6.1.7601.17514)

CPU:total 4 (initial active 4) (4 cores per cpu, 1 threads per core) family 6 model 42 stepping 7, cmov, cx8, fxsr, mmx, sse, sse2, sse3, ssse3, sse4.1, sse4.2, popcnt, avx, aes, clmul, tsc, tscinvbit

Memory: 4k page, physical 8081136k(3504020k free), swap 16160428k(11073264k free)

vm_info: OpenJDK 64-Bit Server VM (25.202-b03) for windows-amd64 JRE (1.8.0_202-release-1483-b03), built by "builder" with MS VC++ 10.0 (VS2010)

time: Sun Oct 13 08:54:19 2019
timezone: SE Asia Standard Time
elapsed time: 5 seconds (0d 0h 0m 5s)

