#
# A fatal error has been detected by the Java Runtime Environment:
#
#  EXCEPTION_ACCESS_VIOLATION (0xc0000005) at pc=0x000000006a9a490a, pid=3324, tid=0x00000000000004f4
#
# JRE version: OpenJDK Runtime Environment (8.0_202-b03) (build 1.8.0_202-release-1483-b03)
# Java VM: OpenJDK 64-Bit Server VM (25.202-b03 mixed mode windows-amd64 compressed oops)
# Problematic frame:
# V  [jvm.dll+0xe490a]
#
# Failed to write core dump. Minidumps are not enabled by default on client versions of Windows
#
# If you would like to submit a bug report, please visit:
#   http://bugreport.java.com/bugreport/crash.jsp
#

---------------  T H R E A D  ---------------

Current thread (0x0000000057cc5800):  JavaThread "C1 CompilerThread2" daemon [_thread_in_vm, id=1268, stack(0x0000000058440000,0x0000000058540000)]

siginfo: ExceptionCode=0xc0000005, reading address 0xffffffffffffffff

Registers:
RAX=0x0000820015a99238, RBX=0x00000000000fc080, RCX=0x0000820015a99238, RDX=0x0000000004197490
RSP=0x000000005853ede0, RBP=0x000000005853f008, RSI=0x0000000000000050, RDI=0x0000000004197490
R8 =0x0000820015a99238, R9 =0x000000005638db70, R10=0x00000000560603d0, R11=0x0000000000000002
R12=0x0000000000000000, R13=0x00000000000004e0, R14=0x0000000057cc61f0, R15=0x0000000060e6dc00
RIP=0x000000006a9a490a, EFLAGS=0x0000000000010202

Top of Stack: (sp=0x000000005853ede0)
0x000000005853ede0:   0000000060e6dc00 0000000057cc61f0
0x000000005853edf0:   00000000000004e0 0000000000000000
0x000000005853ee00:   0000000004197490 000000006a93a0bd
0x000000005853ee10:   00000000000fc080 0000000000000050
0x000000005853ee20:   0000000004197490 000000005853efc9
0x000000005853ee30:   00000000ffffffff 000000005853f308
0x000000005853ee40:   0000000000000048 0000000057cc61f0
0x000000005853ee50:   0000000060e6dc00 000000005853f328
0x000000005853ee60:   000000000000000c 0000000060e6dbb0
0x000000005853ee70:   000000005853f2d0 000000005853f2e8
0x000000005853ee80:   000000005638af50 0000000000000003
0x000000005853ee90:   0000004800002511 00000003ffffffff
0x000000005853eea0:   000000000000000c 000000005853f328
0x000000005853eeb0:   000000005638af50 000000005853f2e8
0x000000005853eec0:   0000000060e6dbb0 000000005853f2d0
0x000000005853eed0:   0000000000000008 0000000057cc5800 

Instructions: (pc=0x000000006a9a490a)
0x000000006a9a48ea:   7c 24 30 48 8b 5c 24 38 48 8b 6c 24 40 8b c6 48
0x000000006a9a48fa:   83 c4 20 5e c3 cc 48 89 5c 24 08 57 48 83 ec 20
0x000000006a9a490a:   48 8b 81 38 01 00 00 48 8b da 48 8b f9 48 85 c0
0x000000006a9a491a:   74 12 0f 1f 40 00 48 3b 10 74 3f 48 8b 40 10 48 


Register to memory mapping:

RAX=0x0000820015a99238 is an unknown value
RBX=0x00000000000fc080 is an unknown value
RCX=0x0000820015a99238 is an unknown value
RDX=
[error occurred during error reporting (printing register info), id 0xc0000005]

Stack: [0x0000000058440000,0x0000000058540000],  sp=0x000000005853ede0,  free space=1019k
Native frames: (J=compiled Java code, j=interpreted, Vv=VM code, C=native code)
V  [jvm.dll+0xe490a]
V  [jvm.dll+0x7a0bd]
V  [jvm.dll+0xc5fe]
V  [jvm.dll+0x3dbde9]
V  [jvm.dll+0x3dcda4]
V  [jvm.dll+0x3dcf51]
V  [jvm.dll+0x3dd15f]
V  [jvm.dll+0x8215f]
V  [jvm.dll+0x82abf]
V  [jvm.dll+0x21db7f]
V  [jvm.dll+0x26f5ba]
C  [msvcr100.dll+0x21d9f]
C  [msvcr100.dll+0x21e3b]
C  [kernel32.dll+0x1652d]
C  [ntdll.dll+0x2c521]


Current CompileTask:
C1: 476599 9489       3       java.util.ServiceLoader$LazyIterator::<init> (8 bytes)


---------------  P R O C E S S  ---------------

Java Threads: ( => current thread )
  0x000000005a6fc800 JavaThread "Cache worker for execution history cache (C:\Users\Lab 1 Kom 64\SMKCoding\.gradle\5.4.1\executionHistory)" [_thread_blocked, id=732, stack(0x0000000064b00000,0x0000000064c00000)]
  0x000000005a6fb000 JavaThread "Execution worker for ':' Thread 3" [_thread_blocked, id=3556, stack(0x0000000064880000,0x0000000064980000)]
  0x000000005a6fa000 JavaThread "Execution worker for ':' Thread 2" [_thread_blocked, id=2260, stack(0x0000000064670000,0x0000000064770000)]
  0x000000005a6f9000 JavaThread "Execution worker for ':'" [_thread_blocked, id=2496, stack(0x0000000062550000,0x0000000062650000)]
  0x000000005a6f8800 JavaThread "Cache worker for file content cache (C:\Users\Lab 1 Kom 64\SMKCoding\.gradle\5.4.1\fileContent)" [_thread_blocked, id=1368, stack(0x0000000064300000,0x0000000064400000)]
  0x000000005a690800 JavaThread "Cache worker for file content cache (C:\Users\Lab 1 Kom 64\.gradle\caches\5.4.1\fileContent)" [_thread_blocked, id=2476, stack(0x00000000641b0000,0x00000000642b0000)]
  0x000000005a690000 JavaThread "Cache worker for Build Output Cleanup Cache (C:\Users\Lab 1 Kom 64\SMKCoding\.gradle\buildOutputCleanup)" [_thread_blocked, id=3440, stack(0x0000000063f00000,0x0000000064000000)]
  0x000000005a68f000 JavaThread "Build operations Thread 4" [_thread_blocked, id=3472, stack(0x0000000064020000,0x0000000064120000)]
  0x000000005a68e800 JavaThread "Build operations Thread 3" [_thread_blocked, id=2472, stack(0x0000000060d20000,0x0000000060e20000)]
  0x000000005a68c000 JavaThread "Build operations Thread 2" [_thread_blocked, id=4036, stack(0x000000005ef80000,0x000000005f080000)]
  0x000000005a68d000 JavaThread "Build operations" [_thread_blocked, id=2900, stack(0x0000000063df0000,0x0000000063ef0000)]
  0x000000005a68b800 JavaThread "Cache worker for cache directory md-rule (C:\Users\Lab 1 Kom 64\.gradle\caches\5.4.1\md-rule)" [_thread_blocked, id=3156, stack(0x0000000063270000,0x0000000063370000)]
  0x000000005a68d800 JavaThread "Cache worker for cache directory md-supplier (C:\Users\Lab 1 Kom 64\.gradle\caches\5.4.1\md-supplier)" [_thread_blocked, id=1428, stack(0x0000000061f20000,0x0000000062020000)]
  0x000000005923f000 JavaThread "Cache worker for file hash cache (C:\Users\Lab 1 Kom 64\SMKCoding\.gradle\5.4.1\fileHashes)" [_thread_blocked, id=3868, stack(0x000000005c210000,0x000000005c310000)]
  0x0000000059238800 JavaThread "Thread-32" [_thread_blocked, id=672, stack(0x000000005d880000,0x000000005d980000)]
  0x0000000059232000 JavaThread "Stdin handler" [_thread_blocked, id=4072, stack(0x0000000060c00000,0x0000000060d00000)]
  0x000000005923b800 JavaThread "Asynchronous log dispatcher for DefaultDaemonConnection: socket connection from /127.0.0.1:49256 to /127.0.0.1:49271" [_thread_blocked, id=3232, stack(0x000000005e9a0000,0x000000005eaa0000)]
  0x000000005923d000 JavaThread "Daemon worker Thread 2" [_thread_blocked, id=3128, stack(0x000000005bf90000,0x000000005c090000)]
  0x000000005923a800 JavaThread "Cancel handler" [_thread_blocked, id=2648, stack(0x000000005bda0000,0x000000005bea0000)]
  0x000000005923c000 JavaThread "Handler for socket connection from /127.0.0.1:49256 to /127.0.0.1:49271" [_thread_in_native, id=2812, stack(0x000000005b390000,0x000000005b490000)]
  0x0000000059239000 JavaThread "Daemon Thread 2" [_thread_blocked, id=1508, stack(0x000000005b690000,0x000000005b790000)]
  0x000000005a68a800 JavaThread "Memory manager" [_thread_blocked, id=1104, stack(0x00000000636e0000,0x00000000637e0000)]
  0x000000005923a000 JavaThread "Cache worker for execution history cache (C:\Users\Lab 1 Kom 64\.gradle\caches\5.4.1\executionHistory)" [_thread_blocked, id=1048, stack(0x00000000606b0000,0x00000000607b0000)]
  0x0000000059231800 JavaThread "Cache worker for journal cache (C:\Users\Lab 1 Kom 64\.gradle\caches\journal-1)" [_thread_blocked, id=3148, stack(0x000000005c340000,0x000000005c440000)]
  0x0000000059230800 JavaThread "File lock request listener" [_thread_in_native, id=2276, stack(0x000000005c0f0000,0x000000005c1f0000)]
  0x000000005a204000 JavaThread "Cache worker for file hash cache (C:\Users\Lab 1 Kom 64\.gradle\caches\5.4.1\fileHashes)" [_thread_blocked, id=1044, stack(0x000000005bc30000,0x000000005bd30000)]
  0x000000005964c000 JavaThread "Daemon periodic checks" [_thread_blocked, id=1260, stack(0x0000000057570000,0x0000000057670000)]
  0x000000005a2e0000 JavaThread "Incoming local TCP Connector on port 49256" [_thread_in_native, id=4064, stack(0x000000005b4a0000,0x000000005b5a0000)]
  0x000000005938a800 JavaThread "Daemon health stats" [_thread_blocked, id=2772, stack(0x000000005aef0000,0x000000005aff0000)]
  0x0000000057d3f800 JavaThread "Service Thread" daemon [_thread_blocked, id=3244, stack(0x0000000058160000,0x0000000058260000)]
=>0x0000000057cc5800 JavaThread "C1 CompilerThread2" daemon [_thread_in_vm, id=1268, stack(0x0000000058440000,0x0000000058540000)]
  0x0000000056389000 JavaThread "C2 CompilerThread1" daemon [_thread_in_native, id=3008, stack(0x0000000058280000,0x0000000058380000)]
  0x0000000056382000 JavaThread "C2 CompilerThread0" daemon [_thread_in_native, id=388, stack(0x00000000578a0000,0x00000000579a0000)]
  0x000000005637e000 JavaThread "Attach Listener" daemon [_thread_blocked, id=3376, stack(0x0000000057bc0000,0x0000000057cc0000)]
  0x000000005638e000 JavaThread "Signal Dispatcher" daemon [_thread_blocked, id=1836, stack(0x00000000579d0000,0x0000000057ad0000)]
  0x000000005636a800 JavaThread "Finalizer" daemon [_thread_blocked, id=2036, stack(0x0000000057790000,0x0000000057890000)]
  0x0000000056361800 JavaThread "Reference Handler" daemon [_thread_blocked, id=3204, stack(0x0000000057670000,0x0000000057770000)]
  0x00000000000fe800 JavaThread "main" [_thread_blocked, id=3488, stack(0x0000000002400000,0x0000000002500000)]

Other Threads:
  0x000000005631a000 VMThread [stack: 0x0000000057470000,0x0000000057570000] [id=2972]
  0x0000000057d44000 WatcherThread [stack: 0x00000000585b0000,0x00000000586b0000] [id=2456]

VM state:not at safepoint (normal execution)

VM Mutex/Monitor currently owned by a thread:  ([mutex/lock_event])
[0x00000000000fc080] CodeCache_lock - owner thread: 0x0000000057cc5800
[0x00000000000fd730] Compile_lock - owner thread: 0x0000000057cc5800
[0x00000000000fd830] MethodCompileQueue_lock - owner thread: 0x0000000057cc5800

heap address: 0x00000000a0000000, size: 1536 MB, Compressed Oops mode: 32-bit
Narrow klass base: 0x0000000000000000, Narrow klass shift: 0
Compressed class space size: 1073741824 Address: 0x0000000015990000

Heap:
 PSYoungGen      total 297984K, used 114316K [0x00000000e0000000, 0x00000000f8b80000, 0x0000000100000000)
  eden space 275968K, 34% used [0x00000000e0000000,0x00000000e5c220c0,0x00000000f0d80000)
  from space 22016K, 90% used [0x00000000f0d80000,0x00000000f2101000,0x00000000f2300000)
  to   space 24576K, 0% used [0x00000000f7380000,0x00000000f7380000,0x00000000f8b80000)
 ParOldGen       total 101888K, used 32431K [0x00000000a0000000, 0x00000000a6380000, 0x00000000e0000000)
  object space 101888K, 31% used [0x00000000a0000000,0x00000000a1fabc08,0x00000000a6380000)
 Metaspace       used 66506K, capacity 68518K, committed 68696K, reserved 1110016K
  class space    used 8626K, capacity 9066K, committed 9088K, reserved 1048576K

Card table byte_map: [0x0000000011b90000,0x0000000011ea0000] byte_map_base: 0x0000000011690000

Marking Bits: (ParMarkBitMap*) 0x000000006b089f30
 Begin Bits: [0x0000000012690000, 0x0000000013e90000)
 End Bits:   [0x0000000013e90000, 0x0000000015690000)

Polling page: 0x0000000000250000

CodeCache: size=245760Kb used=26294Kb max_used=26294Kb free=219465Kb
 bounds [0x00000000027d0000, 0x00000000041a0000, 0x00000000117d0000]
 total_blobs=9148 nmethods=8352 adapters=709
 compilation: enabled

Compilation events (10 events):
Event: 476.466 Thread 0x0000000057cc5800 nmethod 9480 0x0000000004192050 code [0x0000000004192300, 0x0000000004193728]
Event: 476.466 Thread 0x0000000057cc5800 9481       3       com.sun.org.apache.xerces.internal.parsers.AbstractSAXParser$AttributesProxy::<init> (5 bytes)
Event: 476.466 Thread 0x0000000057cc5800 nmethod 9481 0x00000000041853d0 code [0x0000000004185520, 0x00000000041856d0]
Event: 476.466 Thread 0x0000000057cc5800 9468       3       java.util.ServiceLoader$LazyIterator::hasNext (42 bytes)
Event: 476.466 Thread 0x0000000057cc5800 nmethod 9468 0x0000000004194390 code [0x0000000004194540, 0x0000000004194988]
Event: 476.466 Thread 0x0000000057cc5800 9488       3       java.util.ServiceLoader::reload (29 bytes)
Event: 476.467 Thread 0x0000000057cc5800 nmethod 9488 0x0000000004194b50 code [0x0000000004194ce0, 0x00000000041950b8]
Event: 476.467 Thread 0x0000000057cc5800 9492       3       java.util.ServiceLoader::<init> (65 bytes)
Event: 476.468 Thread 0x0000000057cc5800 nmethod 9492 0x0000000004195250 code [0x0000000004195520, 0x0000000004196998]
Event: 476.468 Thread 0x0000000057cc5800 9489       3       java.util.ServiceLoader$LazyIterator::<init> (8 bytes)

GC Heap History (10 events):
Event: 14.791 GC heap before
{Heap before GC invocations=10 (full 2):
 PSYoungGen      total 210944K, used 8901K [0x00000000e0000000, 0x00000000ee500000, 0x0000000100000000)
  eden space 196608K, 0% used [0x00000000e0000000,0x00000000e0000000,0x00000000ec000000)
  from space 14336K, 62% used [0x00000000ecd80000,0x00000000ed631638,0x00000000edb80000)
  to   space 13824K, 0% used [0x00000000ec000000,0x00000000ec000000,0x00000000ecd80000)
 ParOldGen       total 54784K, used 12024K [0x00000000a0000000, 0x00000000a3580000, 0x00000000e0000000)
  object space 54784K, 21% used [0x00000000a0000000,0x00000000a0bbe080,0x00000000a3580000)
 Metaspace       used 34565K, capacity 35284K, committed 35416K, reserved 1079296K
  class space    used 4751K, capacity 4941K, committed 4992K, reserved 1048576K
Event: 14.870 GC heap after
Heap after GC invocations=10 (full 2):
 PSYoungGen      total 210944K, used 0K [0x00000000e0000000, 0x00000000ee500000, 0x0000000100000000)
  eden space 196608K, 0% used [0x00000000e0000000,0x00000000e0000000,0x00000000ec000000)
  from space 14336K, 0% used [0x00000000ecd80000,0x00000000ecd80000,0x00000000edb80000)
  to   space 13824K, 0% used [0x00000000ec000000,0x00000000ec000000,0x00000000ecd80000)
 ParOldGen       total 69120K, used 15615K [0x00000000a0000000, 0x00000000a4380000, 0x00000000e0000000)
  object space 69120K, 22% used [0x00000000a0000000,0x00000000a0f3ffc8,0x00000000a4380000)
 Metaspace       used 34551K, capacity 35236K, committed 35416K, reserved 1079296K
  class space    used 4746K, capacity 4933K, committed 4992K, reserved 1048576K
}
Event: 20.898 GC heap before
{Heap before GC invocations=11 (full 2):
 PSYoungGen      total 210944K, used 196608K [0x00000000e0000000, 0x00000000ee500000, 0x0000000100000000)
  eden space 196608K, 100% used [0x00000000e0000000,0x00000000ec000000,0x00000000ec000000)
  from space 14336K, 0% used [0x00000000ecd80000,0x00000000ecd80000,0x00000000edb80000)
  to   space 13824K, 0% used [0x00000000ec000000,0x00000000ec000000,0x00000000ecd80000)
 ParOldGen       total 69120K, used 15615K [0x00000000a0000000, 0x00000000a4380000, 0x00000000e0000000)
  object space 69120K, 22% used [0x00000000a0000000,0x00000000a0f3ffc8,0x00000000a4380000)
 Metaspace       used 51970K, capacity 53308K, committed 53464K, reserved 1095680K
  class space    used 7026K, capacity 7395K, committed 7424K, reserved 1048576K
Event: 20.916 GC heap after
Heap after GC invocations=11 (full 2):
 PSYoungGen      total 210432K, used 13815K [0x00000000e0000000, 0x00000000f3680000, 0x0000000100000000)
  eden space 196608K, 0% used [0x00000000e0000000,0x00000000e0000000,0x00000000ec000000)
  from space 13824K, 99% used [0x00000000ec000000,0x00000000ecd7dca0,0x00000000ecd80000)
  to   space 19968K, 0% used [0x00000000f2300000,0x00000000f2300000,0x00000000f3680000)
 ParOldGen       total 69120K, used 25933K [0x00000000a0000000, 0x00000000a4380000, 0x00000000e0000000)
  object space 69120K, 37% used [0x00000000a0000000,0x00000000a1953788,0x00000000a4380000)
 Metaspace       used 51970K, capacity 53308K, committed 53464K, reserved 1095680K
  class space    used 7026K, capacity 7395K, committed 7424K, reserved 1048576K
}
Event: 23.798 GC heap before
{Heap before GC invocations=12 (full 2):
 PSYoungGen      total 210432K, used 90775K [0x00000000e0000000, 0x00000000f3680000, 0x0000000100000000)
  eden space 196608K, 39% used [0x00000000e0000000,0x00000000e4b282f8,0x00000000ec000000)
  from space 13824K, 99% used [0x00000000ec000000,0x00000000ecd7dca0,0x00000000ecd80000)
  to   space 19968K, 0% used [0x00000000f2300000,0x00000000f2300000,0x00000000f3680000)
 ParOldGen       total 69120K, used 25933K [0x00000000a0000000, 0x00000000a4380000, 0x00000000e0000000)
  object space 69120K, 37% used [0x00000000a0000000,0x00000000a1953788,0x00000000a4380000)
 Metaspace       used 57372K, capacity 58960K, committed 59028K, reserved 1099776K
  class space    used 7733K, capacity 8125K, committed 8192K, reserved 1048576K
Event: 23.908 GC heap after
Heap after GC invocations=12 (full 2):
 PSYoungGen      total 295936K, used 18054K [0x00000000e0000000, 0x00000000f3e80000, 0x0000000100000000)
  eden space 275968K, 0% used [0x00000000e0000000,0x00000000e0000000,0x00000000f0d80000)
  from space 19968K, 90% used [0x00000000f2300000,0x00000000f34a1808,0x00000000f3680000)
  to   space 22016K, 0% used [0x00000000f0d80000,0x00000000f0d80000,0x00000000f2300000)
 ParOldGen       total 69120K, used 25941K [0x00000000a0000000, 0x00000000a4380000, 0x00000000e0000000)
  object space 69120K, 37% used [0x00000000a0000000,0x00000000a1955788,0x00000000a4380000)
 Metaspace       used 57372K, capacity 58960K, committed 59028K, reserved 1099776K
  class space    used 7733K, capacity 8125K, committed 8192K, reserved 1048576K
}
Event: 23.908 GC heap before
{Heap before GC invocations=13 (full 3):
 PSYoungGen      total 295936K, used 18054K [0x00000000e0000000, 0x00000000f3e80000, 0x0000000100000000)
  eden space 275968K, 0% used [0x00000000e0000000,0x00000000e0000000,0x00000000f0d80000)
  from space 19968K, 90% used [0x00000000f2300000,0x00000000f34a1808,0x00000000f3680000)
  to   space 22016K, 0% used [0x00000000f0d80000,0x00000000f0d80000,0x00000000f2300000)
 ParOldGen       total 69120K, used 25941K [0x00000000a0000000, 0x00000000a4380000, 0x00000000e0000000)
  object space 69120K, 37% used [0x00000000a0000000,0x00000000a1955788,0x00000000a4380000)
 Metaspace       used 57372K, capacity 58960K, committed 59028K, reserved 1099776K
  class space    used 7733K, capacity 8125K, committed 8192K, reserved 1048576K
Event: 24.304 GC heap after
Heap after GC invocations=13 (full 3):
 PSYoungGen      total 295936K, used 0K [0x00000000e0000000, 0x00000000f3e80000, 0x0000000100000000)
  eden space 275968K, 0% used [0x00000000e0000000,0x00000000e0000000,0x00000000f0d80000)
  from space 19968K, 0% used [0x00000000f2300000,0x00000000f2300000,0x00000000f3680000)
  to   space 22016K, 0% used [0x00000000f0d80000,0x00000000f0d80000,0x00000000f2300000)
 ParOldGen       total 101888K, used 32423K [0x00000000a0000000, 0x00000000a6380000, 0x00000000e0000000)
  object space 101888K, 31% used [0x00000000a0000000,0x00000000a1fa9c08,0x00000000a6380000)
 Metaspace       used 57372K, capacity 58960K, committed 59028K, reserved 1099776K
  class space    used 7733K, capacity 8125K, committed 8192K, reserved 1048576K
}
Event: 465.710 GC heap before
{Heap before GC invocations=14 (full 3):
 PSYoungGen      total 295936K, used 275968K [0x00000000e0000000, 0x00000000f3e80000, 0x0000000100000000)
  eden space 275968K, 100% used [0x00000000e0000000,0x00000000f0d80000,0x00000000f0d80000)
  from space 19968K, 0% used [0x00000000f2300000,0x00000000f2300000,0x00000000f3680000)
  to   space 22016K, 0% used [0x00000000f0d80000,0x00000000f0d80000,0x00000000f2300000)
 ParOldGen       total 101888K, used 32423K [0x00000000a0000000, 0x00000000a6380000, 0x00000000e0000000)
  object space 101888K, 31% used [0x00000000a0000000,0x00000000a1fa9c08,0x00000000a6380000)
 Metaspace       used 65364K, capacity 67324K, committed 67544K, reserved 1107968K
  class space    used 8507K, capacity 8951K, committed 8960K, reserved 1048576K
Event: 465.737 GC heap after
Heap after GC invocations=14 (full 3):
 PSYoungGen      total 297984K, used 19972K [0x00000000e0000000, 0x00000000f8b80000, 0x0000000100000000)
  eden space 275968K, 0% used [0x00000000e0000000,0x00000000e0000000,0x00000000f0d80000)
  from space 22016K, 90% used [0x00000000f0d80000,0x00000000f2101000,0x00000000f2300000)
  to   space 24576K, 0% used [0x00000000f7380000,0x00000000f7380000,0x00000000f8b80000)
 ParOldGen       total 101888K, used 32431K [0x00000000a0000000, 0x00000000a6380000, 0x00000000e0000000)
  object space 101888K, 31% used [0x00000000a0000000,0x00000000a1fabc08,0x00000000a6380000)
 Metaspace       used 65364K, capacity 67324K, committed 67544K, reserved 1107968K
  class space    used 8507K, capacity 8951K, committed 8960K, reserved 1048576K
}

Deoptimization events (10 events):
Event: 475.796 Thread 0x000000005923d000 Uncommon trap: reason=unstable_if action=reinterpret pc=0x0000000003dbe38c method=sun.nio.fs.WindowsPathParser.isLetter(C)Z @ 3
Event: 475.981 Thread 0x000000005923d000 Uncommon trap: reason=unstable_if action=reinterpret pc=0x0000000002a37374 method=sun.nio.cs.UTF_8$Decoder.decode([BII[C)I @ 30
Event: 475.981 Thread 0x000000005923d000 Uncommon trap: reason=unstable_if action=reinterpret pc=0x00000000032d005c method=java.lang.StringCoding.safeTrim([CILjava/nio/charset/Charset;Z)[C @ 3
Event: 475.989 Thread 0x000000005923d000 Uncommon trap: reason=unstable_if action=reinterpret pc=0x00000000032d51a0 method=java.lang.StringCoding.safeTrim([CILjava/nio/charset/Charset;Z)[C @ 3
Event: 476.008 Thread 0x000000005923d000 Uncommon trap: reason=unstable_if action=reinterpret pc=0x00000000032d28cc method=java.lang.StringCoding.safeTrim([CILjava/nio/charset/Charset;Z)[C @ 3
Event: 476.269 Thread 0x000000005923d000 Uncommon trap: reason=unstable_if action=reinterpret pc=0x00000000039856c8 method=com.sun.org.apache.xerces.internal.util.SymbolTable.addSymbol([CII)Ljava/lang/String; @ 64
Event: 476.425 Thread 0x000000005923d000 Uncommon trap: reason=class_check action=maybe_recompile pc=0x000000000417cff4 method=com.sun.org.apache.xerces.internal.dom.NamedNodeMapImpl.findNamePoint(Ljava/lang/String;I)I @ 54
Event: 476.425 Thread 0x000000005923d000 Uncommon trap: reason=class_check action=maybe_recompile pc=0x000000000417cff4 method=com.sun.org.apache.xerces.internal.dom.NamedNodeMapImpl.findNamePoint(Ljava/lang/String;I)I @ 54
Event: 476.425 Thread 0x000000005923d000 Uncommon trap: reason=class_check action=maybe_recompile pc=0x000000000417cff4 method=com.sun.org.apache.xerces.internal.dom.NamedNodeMapImpl.findNamePoint(Ljava/lang/String;I)I @ 54
Event: 476.425 Thread 0x000000005923d000 Uncommon trap: reason=class_check action=maybe_recompile pc=0x000000000417cff4 method=com.sun.org.apache.xerces.internal.dom.NamedNodeMapImpl.findNamePoint(Ljava/lang/String;I)I @ 54

Classes redefined (0 events):
No events

Internal exceptions (10 events):
Event: 460.782 Thread 0x000000005923d000 Implicit null exception at 0x00000000031d83af to 0x00000000031d844d
Event: 460.782 Thread 0x000000005923d000 Implicit null exception at 0x00000000031ae22f to 0x00000000031ae2cd
Event: 460.784 Thread 0x000000005923d000 Implicit null exception at 0x000000000339e644 to 0x000000000339e835
Event: 460.784 Thread 0x000000005923d000 Implicit null exception at 0x0000000002dc692f to 0x0000000002dc69b2
Event: 463.160 Thread 0x000000005923d000 Exception <a 'java/lang/NoSuchMethodError': java.lang.Object.lambda$static$0(Ljava/util/Set;Ljava/util/Set;)Z> (0x00000000ea396780) thrown at [D:\src\AOSP-openjdk-cygwin\jdk8u\hotspot\src\share\vm\interpreter\linkResolver.cpp, line 620]
Event: 463.161 Thread 0x000000005923d000 Exception <a 'java/lang/NoSuchMethodError': java.lang.Object.lambda$static$1(Ljava/util/Set;Ljava/util/Set;)Z> (0x00000000ea3996f0) thrown at [D:\src\AOSP-openjdk-cygwin\jdk8u\hotspot\src\share\vm\interpreter\linkResolver.cpp, line 620]
Event: 463.161 Thread 0x000000005923d000 Exception <a 'java/lang/NoSuchMethodError': java.lang.Object.lambda$static$2(Ljava/util/Set;Ljava/util/Set;)Z> (0x00000000ea39c230) thrown at [D:\src\AOSP-openjdk-cygwin\jdk8u\hotspot\src\share\vm\interpreter\linkResolver.cpp, line 620]
Event: 463.161 Thread 0x000000005923d000 Exception <a 'java/lang/NoSuchMethodError': java.lang.Object.lambda$static$3(Ljava/util/Set;Ljava/util/Set;)Z> (0x00000000ea39ed70) thrown at [D:\src\AOSP-openjdk-cygwin\jdk8u\hotspot\src\share\vm\interpreter\linkResolver.cpp, line 620]
Event: 463.161 Thread 0x000000005923d000 Exception <a 'java/lang/NoSuchMethodError': java.lang.Object.lambda$static$4(Ljava/util/Set;Ljava/util/Set;)Z> (0x00000000ea3a18b0) thrown at [D:\src\AOSP-openjdk-cygwin\jdk8u\hotspot\src\share\vm\interpreter\linkResolver.cpp, line 620]
Event: 474.145 Thread 0x000000005923d000 Implicit null exception at 0x0000000003f2608a to 0x0000000003f26a45

Events (10 events):
Event: 476.425 Thread 0x000000005923d000 DEOPT UNPACKING pc=0x000000000281557b sp=0x000000005c088058 mode 2
Event: 476.425 Thread 0x000000005923d000 Uncommon trap: trap_request=0xffffffde fr.pc=0x000000000417cff4
Event: 476.425 Thread 0x000000005923d000 DEOPT PACKING pc=0x000000000417cff4 sp=0x000000005c0880a0
Event: 476.425 Thread 0x000000005923d000 DEOPT UNPACKING pc=0x000000000281557b sp=0x000000005c088058 mode 2
Event: 476.425 Thread 0x000000005923d000 Uncommon trap: trap_request=0xffffffde fr.pc=0x000000000417cff4
Event: 476.425 Thread 0x000000005923d000 DEOPT PACKING pc=0x000000000417cff4 sp=0x000000005c0880a0
Event: 476.425 Thread 0x000000005923d000 DEOPT UNPACKING pc=0x000000000281557b sp=0x000000005c088058 mode 2
Event: 476.425 Thread 0x000000005923d000 Uncommon trap: trap_request=0xffffffde fr.pc=0x000000000417cff4
Event: 476.425 Thread 0x000000005923d000 DEOPT PACKING pc=0x000000000417cff4 sp=0x000000005c0880a0
Event: 476.429 Thread 0x000000005923d000 DEOPT UNPACKING pc=0x000000000281557b sp=0x000000005c088058 mode 2


Dynamic libraries:
0x000000013f370000 - 0x000000013f3a1000 	C:\Program Files\Android\Android Studio\jre\bin\java.exe
0x0000000077180000 - 0x0000000077329000 	C:\Windows\SYSTEM32\ntdll.dll
0x0000000077060000 - 0x000000007717f000 	C:\Windows\system32\kernel32.dll
0x000007fefd2f0000 - 0x000007fefd35b000 	C:\Windows\system32\KERNELBASE.dll
0x000007feff310000 - 0x000007feff3eb000 	C:\Windows\system32\ADVAPI32.dll
0x000007fefed80000 - 0x000007fefee1f000 	C:\Windows\system32\msvcrt.dll
0x000007fefd4a0000 - 0x000007fefd4bf000 	C:\Windows\SYSTEM32\sechost.dll
0x000007feff190000 - 0x000007feff2bd000 	C:\Windows\system32\RPCRT4.dll
0x0000000076f60000 - 0x000000007705a000 	C:\Windows\system32\USER32.dll
0x000007fefdb90000 - 0x000007fefdbf7000 	C:\Windows\system32\GDI32.dll
0x000007fefd680000 - 0x000007fefd68e000 	C:\Windows\system32\LPK.dll
0x000007fefd9e0000 - 0x000007fefdaa9000 	C:\Windows\system32\USP10.dll
0x000007fefbb70000 - 0x000007fefbd64000 	C:\Windows\WinSxS\amd64_microsoft.windows.common-controls_6595b64144ccf1df_6.0.7601.17514_none_fa396087175ac9ac\COMCTL32.dll
0x000007fefdab0000 - 0x000007fefdb21000 	C:\Windows\system32\SHLWAPI.dll
0x000007fefd9b0000 - 0x000007fefd9de000 	C:\Windows\system32\IMM32.DLL
0x000007fefee20000 - 0x000007fefef29000 	C:\Windows\system32\MSCTF.dll
0x000000006d0f0000 - 0x000000006d1c2000 	C:\Program Files\Android\Android Studio\jre\jre\bin\msvcr100.dll
0x000000006a8c0000 - 0x000000006b106000 	C:\Program Files\Android\Android Studio\jre\jre\bin\server\jvm.dll
0x000007fefb120000 - 0x000007fefb129000 	C:\Windows\system32\WSOCK32.dll
0x000007feff2c0000 - 0x000007feff30d000 	C:\Windows\system32\WS2_32.dll
0x000007fefd670000 - 0x000007fefd678000 	C:\Windows\system32\NSI.dll
0x000007fef7740000 - 0x000007fef777b000 	C:\Windows\system32\WINMM.dll
0x000007fefc230000 - 0x000007fefc23c000 	C:\Windows\system32\VERSION.dll
0x0000000077340000 - 0x0000000077347000 	C:\Windows\system32\PSAPI.DLL
0x000007fefb890000 - 0x000007fefb89f000 	C:\Program Files\Android\Android Studio\jre\jre\bin\verify.dll
0x000007fefb0c0000 - 0x000007fefb0e9000 	C:\Program Files\Android\Android Studio\jre\jre\bin\java.dll
0x000007fefb100000 - 0x000007fefb116000 	C:\Program Files\Android\Android Studio\jre\jre\bin\zip.dll
0x000007fefdc00000 - 0x000007fefe988000 	C:\Windows\system32\SHELL32.dll
0x000007fefeb70000 - 0x000007fefed73000 	C:\Windows\system32\ole32.dll
0x000007fefd0d0000 - 0x000007fefd0df000 	C:\Windows\system32\profapi.dll
0x000007fefab00000 - 0x000007fefab1a000 	C:\Program Files\Android\Android Studio\jre\jre\bin\net.dll
0x000007fefc940000 - 0x000007fefc995000 	C:\Windows\system32\mswsock.dll
0x000007fefc930000 - 0x000007fefc937000 	C:\Windows\System32\wship6.dll
0x000007fefaae0000 - 0x000007fefaaf1000 	C:\Program Files\Android\Android Studio\jre\jre\bin\nio.dll
0x000007fef1d60000 - 0x000007fef1d86000 	C:\Users\Lab 1 Kom 64\.gradle\native\29\windows-amd64\native-platform.dll
0x000007fef2b10000 - 0x000007fef2b13000 	C:\Windows\system32\api-ms-win-core-synch-l1-2-0.DLL
0x000007fefb0b0000 - 0x000007fefb0bd000 	C:\Program Files\Android\Android Studio\jre\jre\bin\management.dll
0x000007fefc9a0000 - 0x000007fefc9b7000 	C:\Windows\system32\CRYPTSP.dll
0x000007fefc6a0000 - 0x000007fefc6e7000 	C:\Windows\system32\rsaenh.dll
0x000007fefc420000 - 0x000007fefc43e000 	C:\Windows\system32\USERENV.dll
0x000007fefd000000 - 0x000007fefd00f000 	C:\Windows\system32\CRYPTBASE.dll
0x000007fefa9c0000 - 0x000007fefa9e7000 	C:\Windows\system32\IPHLPAPI.DLL
0x000007fefa9b0000 - 0x000007fefa9bb000 	C:\Windows\system32\WINNSI.DLL
0x000007fef9140000 - 0x000007fef9151000 	C:\Windows\system32\dhcpcsvc6.DLL
0x000007fef9120000 - 0x000007fef9138000 	C:\Windows\system32\dhcpcsvc.DLL
0x000007fef1750000 - 0x000007fef1875000 	C:\Windows\system32\dbghelp.dll

VM Arguments:
jvm_args: -Xmx1536m -Dfile.encoding=windows-1252 -Duser.country=US -Duser.language=en -Duser.variant 
java_command: org.gradle.launcher.daemon.bootstrap.GradleDaemon 5.4.1
java_class_path (initial): C:\Users\Lab 1 Kom 64\.gradle\wrapper\dists\gradle-5.4.1-all\3221gyojl5jsh0helicew7rwx\gradle-5.4.1\lib\gradle-launcher-5.4.1.jar
Launcher Type: SUN_STANDARD

Environment Variables:
PATH=C:\ProgramData\Oracle\Java\javapath;C:\Program Files (x86)\Intel\iCLS Client\;C:\Program Files\Intel\iCLS Client\;C:\Windows\system32;C:\Windows;C:\Windows\System32\Wbem;C:\Windows\System32\WindowsPowerShell\v1.0\;C:\Program Files\Intel\Intel(R) Management Engine Components\DAL;C:\Program Files\Intel\Intel(R) Management Engine Components\IPT;C:\Program Files (x86)\Intel\Intel(R) Management Engine Components\DAL;C:\Program Files (x86)\Intel\Intel(R) Management Engine Components\IPT;c:\Program Files (x86)\Microsoft SQL Server\90\Tools\binn\;;C:\Users\Lab 1 Kom 64\AppData\Local\Programs\Microsoft VS Code\bin
USERNAME=Lab 1 Kom 64
OS=Windows_NT
PROCESSOR_IDENTIFIER=Intel64 Family 6 Model 42 Stepping 7, GenuineIntel



---------------  S Y S T E M  ---------------

OS: Windows 7 , 64 bit Build 7601 (6.1.7601.17514)

CPU:total 4 (initial active 4) (4 cores per cpu, 1 threads per core) family 6 model 42 stepping 7, cmov, cx8, fxsr, mmx, sse, sse2, sse3, ssse3, sse4.1, sse4.2, popcnt, avx, aes, clmul, tsc, tscinvbit

Memory: 4k page, physical 8081136k(4709620k free), swap 16160428k(12259924k free)

vm_info: OpenJDK 64-Bit Server VM (25.202-b03) for windows-amd64 JRE (1.8.0_202-release-1483-b03), built by "builder" with MS VC++ 10.0 (VS2010)

time: Sun Oct 13 09:18:23 2019
timezone: SE Asia Standard Time
elapsed time: 476 seconds (0d 0h 7m 56s)

