#
# A fatal error has been detected by the Java Runtime Environment:
#
#  EXCEPTION_ACCESS_VIOLATION (0xc0000005) at pc=0x0000000063fbf212, pid=3384, tid=0x00000000000005a0
#
# JRE version: OpenJDK Runtime Environment (8.0_202-b03) (build 1.8.0_202-release-1483-b03)
# Java VM: OpenJDK 64-Bit Server VM (25.202-b03 mixed mode windows-amd64 compressed oops)
# Problematic frame:
# V  [jvm.dll+0x1f212]
#
# Failed to write core dump. Minidumps are not enabled by default on client versions of Windows
#
# If you would like to submit a bug report, please visit:
#   http://bugreport.java.com/bugreport/crash.jsp
#

---------------  T H R E A D  ---------------

Current thread (0x000000005649e000):  JavaThread "C2 CompilerThread0" daemon [_thread_in_vm, id=1440, stack(0x0000000057bf0000,0x0000000057cf0000)]

siginfo: ExceptionCode=0xc0000005, reading address 0x0000000000000015

Registers:
RAX=0x000000005649e000, RBX=0x0000000000000015, RCX=0x000000000000000b, RDX=0x0000000000000015
RSP=0x0000000057ceded0, RBP=0x000000006afdc270, RSI=0x0000000000000015, RDI=0x0000000000000000
R8 =0x0000000000000001, R9 =0x0000000000000000, R10=0x000000006afdc4a0, R11=0x0000000061e0d470
R12=0x000000005649e000, R13=0x000000006afdc270, R14=0x000000005649eb70, R15=0x000000005649ec20
RIP=0x0000000063fbf212, EFLAGS=0x0000000000010202

Top of Stack: (sp=0x0000000057ceded0)
0x0000000057ceded0:   0000000015ae1c48 0000000015ae1c48
0x0000000057cedee0:   000000006afdc270 0000000064018f7d
0x0000000057cedef0:   000000005df1e090 000000006419021f
0x0000000057cedf00:   0000000000000000 0000000015ae1c48
0x0000000057cedf10:   0000000000000068 0000000063fbf5a9
0x0000000057cedf20:   0000000000000067 000000006afdc270
0x0000000057cedf30:   0000000000000000 000000005649ec30
0x0000000057cedf40:   00000000564aec60 000000005649ec20
0x0000000057cedf50:   0000000000000001 0000000063fbb280
0x0000000057cedf60:   000000005649ec30 0000000000000015
0x0000000057cedf70:   0000000000000018 0000000057e56c30
0x0000000057cedf80:   000000005649ec30 0000000063fbc1e1
0x0000000057cedf90:   0000000057cef848 0000000061e0e060
0x0000000057cedfa0:   000000005649ec20 00000000654545e8
0x0000000057cedfb0:   0000000000000000 0000000057ceecc0
0x0000000057cedfc0:   000000005620ce01 0000000057ceedb0 

Instructions: (pc=0x0000000063fbf212)
0x0000000063fbf1f2:   e9 8b 0d 3f 36 75 00 48 8b da ff 15 96 b1 58 00
0x0000000063fbf202:   44 0f b6 05 d2 68 78 00 4c 8b e0 45 84 c0 74 39
0x0000000063fbf212:   4c 8b 03 48 8b cb 41 ff 50 08 84 c0 74 2b 83 7b
0x0000000063fbf222:   08 00 7e 25 0f b6 83 fe 00 00 00 c0 e8 03 a8 01 


Register to memory mapping:

RAX=0x000000005649e000 is a thread
RBX=0x0000000000000015 is an unknown value
RCX=0x000000000000000b is an unknown value
RDX=0x0000000000000015 is an unknown value
RSP=0x0000000057ceded0 is pointing into the stack for thread: 0x000000005649e000
RBP=0x000000006afdc270 is an unknown value
RSI=0x0000000000000015 is an unknown value
RDI=0x0000000000000000 is an unknown value
R8 =0x0000000000000001 is an unknown value
R9 =0x0000000000000000 is an unknown value
R10=0x000000006afdc4a0 is an unknown value
R11=0x0000000061e0d470 is an unknown value
R12=0x000000005649e000 is a thread
R13=0x000000006afdc270 is an unknown value
R14=0x000000005649eb70 is an unknown value
R15=0x000000005649ec20 is an unknown value


Stack: [0x0000000057bf0000,0x0000000057cf0000],  sp=0x0000000057ceded0,  free space=1015k
Native frames: (J=compiled Java code, j=interpreted, Vv=VM code, C=native code)
V  [jvm.dll+0x1f212]
V  [jvm.dll+0x1f5a9]
V  [jvm.dll+0x1b280]
V  [jvm.dll+0x1c1e1]
V  [jvm.dll+0x16c73]
V  [jvm.dll+0x16d89]
V  [jvm.dll+0x443ba6]
V  [jvm.dll+0x4273d2]
V  [jvm.dll+0x8215f]
V  [jvm.dll+0x82abf]
V  [jvm.dll+0x21db7f]
V  [jvm.dll+0x26f5ba]
C  [msvcr100.dll+0x21d9f]
C  [msvcr100.dll+0x21e3b]
C  [kernel32.dll+0x1652d]
C  [ntdll.dll+0x2c521]


Current CompileTask:
C2: 538374 22574       4       org.gradle.internal.event.DefaultListenerManager$EventBroadcast::takeOwnership (45 bytes)


---------------  P R O C E S S  ---------------

Java Threads: ( => current thread )
  0x0000000058add800 JavaThread "stdout" [_thread_in_native, id=4400, stack(0x000000006d020000,0x000000006d120000)]
  0x0000000057f76000 JavaThread "stderr" [_thread_in_native, id=3244, stack(0x000000006d120000,0x000000006d220000)]
  0x0000000057f77800 JavaThread "stdout" [_thread_in_native, id=3208, stack(0x0000000063570000,0x0000000063670000)]
  0x0000000057f78800 JavaThread "stderr" [_thread_in_native, id=1744, stack(0x000000006cc10000,0x000000006cd10000)]
  0x0000000057f73000 JavaThread "stdout" [_thread_in_native, id=3488, stack(0x000000006ca60000,0x000000006cb60000)]
  0x0000000057f77000 JavaThread "stderr" [_thread_in_native, id=4144, stack(0x0000000067320000,0x0000000067420000)]
  0x000000005da82800 JavaThread "stdout" [_thread_in_native, id=1388, stack(0x000000006c960000,0x000000006ca60000)]
  0x000000005da84000 JavaThread "stderr" [_thread_blocked, id=4228, stack(0x0000000068ed0000,0x0000000068fd0000)]
  0x000000005da85800 JavaThread "pool-14-thread-1" [_thread_blocked, id=688, stack(0x0000000068da0000,0x0000000068ea0000)]
  0x000000005da82000 JavaThread "WorkerExecutor Queue Thread 4" [_thread_blocked, id=5040, stack(0x00000000685f0000,0x00000000686f0000)]
  0x000000005da80800 JavaThread "WorkerExecutor Queue Thread 3" [_thread_blocked, id=956, stack(0x0000000068380000,0x0000000068480000)]
  0x0000000060eef800 JavaThread "WorkerExecutor Queue Thread 2" [_thread_blocked, id=3256, stack(0x0000000068260000,0x0000000068360000)]
  0x0000000060ef1000 JavaThread "WorkerExecutor Queue" [_thread_blocked, id=3172, stack(0x0000000067420000,0x0000000067520000)]
  0x0000000060eee000 JavaThread "Cache worker for execution history cache (C:\Users\Lab 1 Kom 64\SMKCoding\.gradle\5.4.1\executionHistory)" [_thread_blocked, id=1464, stack(0x00000000671c0000,0x00000000672c0000)]
  0x0000000060eee800 JavaThread "Execution worker for ':' Thread 3" [_thread_blocked, id=2880, stack(0x0000000067060000,0x0000000067160000)]
  0x0000000060eeb000 JavaThread "Execution worker for ':' Thread 2" [_thread_blocked, id=2688, stack(0x00000000663f0000,0x00000000664f0000)]
  0x0000000060eed000 JavaThread "Execution worker for ':'" [_thread_blocked, id=2180, stack(0x0000000066f60000,0x0000000067060000)]
  0x0000000060ef0000 JavaThread "Cache worker for file content cache (C:\Users\Lab 1 Kom 64\SMKCoding\.gradle\5.4.1\fileContent)" [_thread_blocked, id=4948, stack(0x00000000669f0000,0x0000000066af0000)]
  0x0000000060ef1800 JavaThread "Cache worker for Build Output Cleanup Cache (C:\Users\Lab 1 Kom 64\SMKCoding\.gradle\buildOutputCleanup)" [_thread_blocked, id=1164, stack(0x000000005b600000,0x000000005b700000)]
  0x0000000058cc0000 JavaThread "Build operations Thread 4" [_thread_blocked, id=2480, stack(0x0000000065fa0000,0x00000000660a0000)]
  0x0000000058cba000 JavaThread "Build operations Thread 3" [_thread_blocked, id=4084, stack(0x00000000662d0000,0x00000000663d0000)]
  0x0000000058cbd000 JavaThread "Build operations Thread 2" [_thread_blocked, id=4448, stack(0x00000000620a0000,0x00000000621a0000)]
  0x0000000058cb2800 JavaThread "Build operations" [_thread_blocked, id=124, stack(0x0000000060380000,0x0000000060480000)]
  0x0000000058cb8000 JavaThread "Cache worker for cache directory md-rule (C:\Users\Lab 1 Kom 64\.gradle\caches\5.4.1\md-rule)" [_thread_blocked, id=5080, stack(0x0000000063870000,0x0000000063970000)]
  0x0000000058cbb800 JavaThread "Cache worker for cache directory md-supplier (C:\Users\Lab 1 Kom 64\.gradle\caches\5.4.1\md-supplier)" [_thread_blocked, id=4104, stack(0x0000000065980000,0x0000000065a80000)]
  0x0000000058cb7000 JavaThread "Cache worker for file hash cache (C:\Users\Lab 1 Kom 64\SMKCoding\.gradle\5.4.1\fileHashes)" [_thread_blocked, id=4164, stack(0x0000000061f30000,0x0000000062030000)]
  0x000000005fbe8800 JavaThread "Thread-167" [_thread_blocked, id=2632, stack(0x00000000608b0000,0x00000000609b0000)]
  0x000000005fbe5800 JavaThread "Stdin handler" [_thread_blocked, id=4864, stack(0x0000000060d40000,0x0000000060e40000)]
  0x000000005fbe6800 JavaThread "Asynchronous log dispatcher for DefaultDaemonConnection: socket connection from /127.0.0.1:49265 to /127.0.0.1:49506" [_thread_in_native, id=1048, stack(0x000000005b920000,0x000000005ba20000)]
  0x000000005fbea000 JavaThread "Cancel handler" [_thread_blocked, id=3484, stack(0x000000005e7a0000,0x000000005e8a0000)]
  0x000000005fbe4000 JavaThread "Handler for socket connection from /127.0.0.1:49265 to /127.0.0.1:49506" [_thread_in_native, id=4120, stack(0x000000005bc40000,0x000000005bd40000)]
  0x000000005fbe9800 JavaThread "Daemon worker Thread 3" [_thread_blocked, id=4524, stack(0x000000005e8b0000,0x000000005e9b0000)]
  0x000000005fbe5000 JavaThread "Daemon Thread 3" [_thread_blocked, id=4696, stack(0x000000005b4f0000,0x000000005b5f0000)]
  0x0000000057f7a000 JavaThread "RMI RenewClean-[127.0.0.1:17246,org.jetbrains.kotlin.daemon.common.LoopbackNetworkInterface$ClientLoopbackSocketFactory@dccc42b]" daemon [_thread_blocked, id=4408, stack(0x000000005c1c0000,0x000000005c2c0000)]
  0x0000000057f75800 JavaThread "RMI RenewClean-[127.0.0.1:17058,org.jetbrains.kotlin.daemon.common.LoopbackNetworkInterface$ClientLoopbackSocketFactory@12aae964]" daemon [_thread_blocked, id=3216, stack(0x00000000680d0000,0x00000000681d0000)]
  0x000000005da81000 JavaThread "Cache worker for Java compile cache (C:\Users\Lab 1 Kom 64\.gradle\caches\5.4.1\javaCompile)" [_thread_blocked, id=4444, stack(0x00000000684f0000,0x00000000685f0000)]
  0x000000005da7f800 JavaThread "RMI Reaper" [_thread_blocked, id=3828, stack(0x0000000067e90000,0x0000000067f90000)]
  0x000000005da7f000 JavaThread "RMI TCP Accept-0" daemon [_thread_in_native, id=316, stack(0x0000000067cb0000,0x0000000067db0000)]
  0x0000000058ade800 JavaThread "GC Daemon" daemon [_thread_blocked, id=4300, stack(0x0000000066dd0000,0x0000000066ed0000)]
  0x000000005fbe8000 JavaThread "RMI Scheduler(0)" daemon [_thread_blocked, id=1864, stack(0x0000000066150000,0x0000000066250000)]
  0x0000000057f74800 JavaThread "MarlinRenderer Disposer" daemon [_thread_blocked, id=3028, stack(0x0000000066810000,0x0000000066910000)]
  0x0000000057f74000 JavaThread "Java2D Disposer" daemon [_thread_blocked, id=1172, stack(0x0000000063e80000,0x0000000063f80000)]
  0x0000000058cbf800 JavaThread "Cache worker for file content cache (C:\Users\Lab 1 Kom 64\.gradle\caches\5.4.1\fileContent)" [_thread_blocked, id=1128, stack(0x00000000609d0000,0x0000000060ad0000)]
  0x0000000058cbe800 JavaThread "Memory manager" [_thread_blocked, id=4140, stack(0x0000000065020000,0x0000000065120000)]
  0x0000000058cb8800 JavaThread "Cache worker for execution history cache (C:\Users\Lab 1 Kom 64\.gradle\caches\5.4.1\executionHistory)" [_thread_blocked, id=2452, stack(0x0000000060260000,0x0000000060360000)]
  0x0000000058cb2000 JavaThread "Cache worker for journal cache (C:\Users\Lab 1 Kom 64\.gradle\caches\journal-1)" [_thread_blocked, id=3608, stack(0x000000005c2c0000,0x000000005c3c0000)]
  0x0000000058cb1000 JavaThread "File lock request listener" [_thread_in_native, id=700, stack(0x000000005c0a0000,0x000000005c1a0000)]
  0x0000000059fd1800 JavaThread "Cache worker for file hash cache (C:\Users\Lab 1 Kom 64\.gradle\caches\5.4.1\fileHashes)" [_thread_blocked, id=4876, stack(0x000000005baa0000,0x000000005bba0000)]
  0x000000005a045800 JavaThread "Daemon periodic checks" [_thread_blocked, id=388, stack(0x000000005b250000,0x000000005b350000)]
  0x000000005943e800 JavaThread "Incoming local TCP Connector on port 49265" [_thread_in_native, id=4608, stack(0x000000005b370000,0x000000005b470000)]
  0x0000000057f2e000 JavaThread "Daemon health stats" [_thread_blocked, id=3612, stack(0x000000005aef0000,0x000000005aff0000)]
  0x0000000057e90000 JavaThread "Service Thread" daemon [_thread_blocked, id=2644, stack(0x0000000057ab0000,0x0000000057bb0000)]
  0x0000000057e17000 JavaThread "C1 CompilerThread2" daemon [_thread_blocked, id=4168, stack(0x0000000058220000,0x0000000058320000)]
  0x00000000564a4800 JavaThread "C2 CompilerThread1" daemon [_thread_blocked, id=4364, stack(0x0000000057d10000,0x0000000057e10000)]
=>0x000000005649e000 JavaThread "C2 CompilerThread0" daemon [_thread_in_vm, id=1440, stack(0x0000000057bf0000,0x0000000057cf0000)]
  0x00000000564ad800 JavaThread "Attach Listener" daemon [_thread_blocked, id=3052, stack(0x0000000057990000,0x0000000057a90000)]
  0x00000000564ac800 JavaThread "Signal Dispatcher" daemon [_thread_blocked, id=3820, stack(0x00000000572e0000,0x00000000573e0000)]
  0x0000000056488800 JavaThread "Finalizer" daemon [_thread_blocked, id=3204, stack(0x0000000057840000,0x0000000057940000)]
  0x0000000056481800 JavaThread "Reference Handler" daemon [_thread_blocked, id=3188, stack(0x0000000057640000,0x0000000057740000)]
  0x000000000225e800 JavaThread "main" [_thread_blocked, id=1208, stack(0x00000000024e0000,0x00000000025e0000)]

Other Threads:
  0x000000005643a000 VMThread [stack: 0x0000000057420000,0x0000000057520000] [id=4316]
  0x0000000057e90800 WatcherThread [stack: 0x00000000583e0000,0x00000000584e0000] [id=2276]

VM state:synchronizing (normal execution)

VM Mutex/Monitor currently owned by a thread:  ([mutex/lock_event])
[0x000000000225cd30] Threads_lock - owner thread: 0x000000005643a000

heap address: 0x00000000a0000000, size: 1536 MB, Compressed Oops mode: 32-bit
Narrow klass base: 0x0000000000000000, Narrow klass shift: 0
Compressed class space size: 1073741824 Address: 0x0000000015ab0000

Heap:
 PSYoungGen      total 477184K, used 19823K [0x00000000e0000000, 0x00000000ffd80000, 0x0000000100000000)
  eden space 432128K, 2% used [0x00000000e0000000,0x00000000e0894ec0,0x00000000fa600000)
  from space 45056K, 24% used [0x00000000fd180000,0x00000000fdc46e28,0x00000000ffd80000)
  to   space 44544K, 0% used [0x00000000fa600000,0x00000000fa600000,0x00000000fd180000)
 ParOldGen       total 227840K, used 83191K [0x00000000a0000000, 0x00000000ade80000, 0x00000000e0000000)
  object space 227840K, 36% used [0x00000000a0000000,0x00000000a513df80,0x00000000ade80000)
 Metaspace       used 96971K, capacity 101442K, committed 101592K, reserved 1138688K
  class space    used 12357K, capacity 13214K, committed 13312K, reserved 1048576K

Card table byte_map: [0x0000000011c70000,0x0000000011f80000] byte_map_base: 0x0000000011770000

Marking Bits: (ParMarkBitMap*) 0x0000000064769f30
 Begin Bits: [0x00000000127b0000, 0x0000000013fb0000)
 End Bits:   [0x0000000013fb0000, 0x00000000157b0000)

Polling page: 0x0000000000430000

CodeCache: size=245760Kb used=58839Kb max_used=58846Kb free=186920Kb
 bounds [0x00000000028b0000, 0x00000000062b0000, 0x00000000118b0000]
 total_blobs=18477 nmethods=17479 adapters=908
 compilation: enabled

Compilation events (10 events):
Event: 535.910 Thread 0x00000000564a4800 22573       4       org.gradle.execution.plan.DefaultPlanExecutor$ExecutorWorker$2::transform (9 bytes)
Event: 535.921 Thread 0x00000000564a4800 nmethod 22573 0x000000000628fa50 code [0x000000000628fc00, 0x0000000006290528]
Event: 535.925 Thread 0x000000005649e000 22574       4       org.gradle.internal.event.DefaultListenerManager$EventBroadcast::takeOwnership (45 bytes)
Event: 535.931 Thread 0x0000000057e17000 22575       3       java.lang.Exception::<init> (6 bytes)
Event: 535.932 Thread 0x0000000057e17000 nmethod 22575 0x0000000002e24a90 code [0x0000000002e24c00, 0x0000000002e24d88]
Event: 535.932 Thread 0x0000000057e17000 22576       3       java.lang.Throwable::<init> (50 bytes)
Event: 535.932 Thread 0x0000000057e17000 nmethod 22576 0x00000000030f5410 code [0x00000000030f55a0, 0x00000000030f59b8]
Event: 535.933 Thread 0x0000000057e17000 22577       3       java.lang.Throwable::toString (45 bytes)
Event: 535.934 Thread 0x0000000057e17000 nmethod 22577 0x0000000003d11bd0 code [0x0000000003d11de0, 0x0000000003d129f8]
Event: 535.935 Thread 0x0000000057e17000 22578       3       org.gradle.api.internal.tasks.execution.DefaultTaskFingerprinter::fingerprintTaskFiles (103 bytes)

GC Heap History (10 events):
Event: 64.880 GC heap before
{Heap before GC invocations=24 (full 4):
 PSYoungGen      total 419840K, used 17073K [0x00000000e0000000, 0x00000000ff700000, 0x0000000100000000)
  eden space 365568K, 0% used [0x00000000e0000000,0x00000000e00b0560,0x00000000f6500000)
  from space 54272K, 30% used [0x00000000f6500000,0x00000000f74fbee0,0x00000000f9a00000)
  to   space 51712K, 0% used [0x00000000fc480000,0x00000000fc480000,0x00000000ff700000)
 ParOldGen       total 227840K, used 74285K [0x00000000a0000000, 0x00000000ade80000, 0x00000000e0000000)
  object space 227840K, 32% used [0x00000000a0000000,0x00000000a488b560,0x00000000ade80000)
 Metaspace       used 90321K, capacity 93986K, committed 94296K, reserved 1130496K
  class space    used 11873K, capacity 12594K, committed 12672K, reserved 1048576K
Event: 64.897 GC heap after
Heap after GC invocations=24 (full 4):
 PSYoungGen      total 465408K, used 16369K [0x00000000e0000000, 0x00000000ff980000, 0x0000000100000000)
  eden space 413696K, 0% used [0x00000000e0000000,0x00000000e0000000,0x00000000f9400000)
  from space 51712K, 31% used [0x00000000fc480000,0x00000000fd47c520,0x00000000ff700000)
  to   space 49664K, 0% used [0x00000000f9400000,0x00000000f9400000,0x00000000fc480000)
 ParOldGen       total 227840K, used 74293K [0x00000000a0000000, 0x00000000ade80000, 0x00000000e0000000)
  object space 227840K, 32% used [0x00000000a0000000,0x00000000a488d560,0x00000000ade80000)
 Metaspace       used 90321K, capacity 93986K, committed 94296K, reserved 1130496K
  class space    used 11873K, capacity 12594K, committed 12672K, reserved 1048576K
}
Event: 116.680 GC heap before
{Heap before GC invocations=25 (full 4):
 PSYoungGen      total 465408K, used 430065K [0x00000000e0000000, 0x00000000ff980000, 0x0000000100000000)
  eden space 413696K, 100% used [0x00000000e0000000,0x00000000f9400000,0x00000000f9400000)
  from space 51712K, 31% used [0x00000000fc480000,0x00000000fd47c520,0x00000000ff700000)
  to   space 49664K, 0% used [0x00000000f9400000,0x00000000f9400000,0x00000000fc480000)
 ParOldGen       total 227840K, used 74293K [0x00000000a0000000, 0x00000000ade80000, 0x00000000e0000000)
  object space 227840K, 32% used [0x00000000a0000000,0x00000000a488d560,0x00000000ade80000)
 Metaspace       used 94559K, capacity 98320K, committed 98392K, reserved 1134592K
  class space    used 12179K, capacity 12917K, committed 12928K, reserved 1048576K
Event: 116.722 GC heap after
Heap after GC invocations=25 (full 4):
 PSYoungGen      total 463360K, used 18465K [0x00000000e0000000, 0x00000000ff900000, 0x0000000100000000)
  eden space 413696K, 0% used [0x00000000e0000000,0x00000000e0000000,0x00000000f9400000)
  from space 49664K, 37% used [0x00000000f9400000,0x00000000fa6084d8,0x00000000fc480000)
  to   space 47104K, 0% used [0x00000000fcb00000,0x00000000fcb00000,0x00000000ff900000)
 ParOldGen       total 227840K, used 77934K [0x00000000a0000000, 0x00000000ade80000, 0x00000000e0000000)
  object space 227840K, 34% used [0x00000000a0000000,0x00000000a4c1b930,0x00000000ade80000)
 Metaspace       used 94559K, capacity 98320K, committed 98392K, reserved 1134592K
  class space    used 12179K, capacity 12917K, committed 12928K, reserved 1048576K
}
Event: 250.654 GC heap before
{Heap before GC invocations=26 (full 4):
 PSYoungGen      total 463360K, used 432161K [0x00000000e0000000, 0x00000000ff900000, 0x0000000100000000)
  eden space 413696K, 100% used [0x00000000e0000000,0x00000000f9400000,0x00000000f9400000)
  from space 49664K, 37% used [0x00000000f9400000,0x00000000fa6084d8,0x00000000fc480000)
  to   space 47104K, 0% used [0x00000000fcb00000,0x00000000fcb00000,0x00000000ff900000)
 ParOldGen       total 227840K, used 77934K [0x00000000a0000000, 0x00000000ade80000, 0x00000000e0000000)
  object space 227840K, 34% used [0x00000000a0000000,0x00000000a4c1b930,0x00000000ade80000)
 Metaspace       used 95810K, capacity 99792K, committed 99928K, reserved 1136640K
  class space    used 12274K, capacity 13069K, committed 13184K, reserved 1048576K
Event: 250.687 GC heap after
Heap after GC invocations=26 (full 4):
 PSYoungGen      total 471040K, used 25109K [0x00000000e0000000, 0x00000000ffb80000, 0x0000000100000000)
  eden space 423936K, 0% used [0x00000000e0000000,0x00000000e0000000,0x00000000f9e00000)
  from space 47104K, 53% used [0x00000000fcb00000,0x00000000fe385698,0x00000000ff900000)
  to   space 46080K, 0% used [0x00000000f9e00000,0x00000000f9e00000,0x00000000fcb00000)
 ParOldGen       total 227840K, used 79159K [0x00000000a0000000, 0x00000000ade80000, 0x00000000e0000000)
  object space 227840K, 34% used [0x00000000a0000000,0x00000000a4d4dc90,0x00000000ade80000)
 Metaspace       used 95810K, capacity 99792K, committed 99928K, reserved 1136640K
  class space    used 12274K, capacity 13069K, committed 13184K, reserved 1048576K
}
Event: 340.618 GC heap before
{Heap before GC invocations=27 (full 4):
 PSYoungGen      total 471040K, used 449045K [0x00000000e0000000, 0x00000000ffb80000, 0x0000000100000000)
  eden space 423936K, 100% used [0x00000000e0000000,0x00000000f9e00000,0x00000000f9e00000)
  from space 47104K, 53% used [0x00000000fcb00000,0x00000000fe385698,0x00000000ff900000)
  to   space 46080K, 0% used [0x00000000f9e00000,0x00000000f9e00000,0x00000000fcb00000)
 ParOldGen       total 227840K, used 79159K [0x00000000a0000000, 0x00000000ade80000, 0x00000000e0000000)
  object space 227840K, 34% used [0x00000000a0000000,0x00000000a4d4dc90,0x00000000ade80000)
 Metaspace       used 96457K, capacity 100590K, committed 100696K, reserved 1136640K
  class space    used 12307K, capacity 13126K, committed 13184K, reserved 1048576K
Event: 340.630 GC heap after
Heap after GC invocations=27 (full 4):
 PSYoungGen      total 470016K, used 9388K [0x00000000e0000000, 0x00000000ffe00000, 0x0000000100000000)
  eden space 423936K, 0% used [0x00000000e0000000,0x00000000e0000000,0x00000000f9e00000)
  from space 46080K, 20% used [0x00000000f9e00000,0x00000000fa72b360,0x00000000fcb00000)
  to   space 45568K, 0% used [0x00000000fd180000,0x00000000fd180000,0x00000000ffe00000)
 ParOldGen       total 227840K, used 79839K [0x00000000a0000000, 0x00000000ade80000, 0x00000000e0000000)
  object space 227840K, 35% used [0x00000000a0000000,0x00000000a4df7cb0,0x00000000ade80000)
 Metaspace       used 96457K, capacity 100590K, committed 100696K, reserved 1136640K
  class space    used 12307K, capacity 13126K, committed 13184K, reserved 1048576K
}
Event: 535.879 GC heap before
{Heap before GC invocations=28 (full 4):
 PSYoungGen      total 470016K, used 433324K [0x00000000e0000000, 0x00000000ffe00000, 0x0000000100000000)
  eden space 423936K, 100% used [0x00000000e0000000,0x00000000f9e00000,0x00000000f9e00000)
  from space 46080K, 20% used [0x00000000f9e00000,0x00000000fa72b360,0x00000000fcb00000)
  to   space 45568K, 0% used [0x00000000fd180000,0x00000000fd180000,0x00000000ffe00000)
 ParOldGen       total 227840K, used 79839K [0x00000000a0000000, 0x00000000ade80000, 0x00000000e0000000)
  object space 227840K, 35% used [0x00000000a0000000,0x00000000a4df7cb0,0x00000000ade80000)
 Metaspace       used 96966K, capacity 101442K, committed 101592K, reserved 1138688K
  class space    used 12356K, capacity 13214K, committed 13312K, reserved 1048576K
Event: 535.893 GC heap after
Heap after GC invocations=28 (full 4):
 PSYoungGen      total 477184K, used 11035K [0x00000000e0000000, 0x00000000ffd80000, 0x0000000100000000)
  eden space 432128K, 0% used [0x00000000e0000000,0x00000000e0000000,0x00000000fa600000)
  from space 45056K, 24% used [0x00000000fd180000,0x00000000fdc46e28,0x00000000ffd80000)
  to   space 44544K, 0% used [0x00000000fa600000,0x00000000fa600000,0x00000000fd180000)
 ParOldGen       total 227840K, used 83191K [0x00000000a0000000, 0x00000000ade80000, 0x00000000e0000000)
  object space 227840K, 36% used [0x00000000a0000000,0x00000000a513df80,0x00000000ade80000)
 Metaspace       used 96966K, capacity 101442K, committed 101592K, reserved 1138688K
  class space    used 12356K, capacity 13214K, committed 13312K, reserved 1048576K
}

Deoptimization events (10 events):
Event: 535.899 Thread 0x0000000060eee800 Uncommon trap: reason=unloaded action=reinterpret pc=0x000000000584c7bc method=com.google.common.cache.LocalCache$Segment.get(Ljava/lang/Object;ILcom/google/common/cache/CacheLoader;)Ljava/lang/Object; @ 188
Event: 535.899 Thread 0x0000000060eee800 Uncommon trap: reason=class_check action=maybe_recompile pc=0x0000000005823f00 method=org.gradle.internal.Try$Success.flatMap(Ljava/util/function/Function;)Lorg/gradle/internal/Try; @ 10
Event: 535.900 Thread 0x0000000060eee800 Uncommon trap: reason=null_check action=maybe_recompile pc=0x0000000004c18514 method=java.util.concurrent.locks.ReentrantLock.isHeldByCurrentThread()Z @ 4
Event: 535.900 Thread 0x0000000060eee800 Uncommon trap: reason=unloaded action=reinterpret pc=0x0000000004bae790 method=org.gradle.internal.event.AbstractBroadcastDispatch.dispatch(Lorg/gradle/internal/dispatch/MethodInvocation;Ljava/util/Iterator;)V @ 118
Event: 535.900 Thread 0x0000000060eee800 Uncommon trap: reason=unstable_if action=reinterpret pc=0x0000000005f7cc68 method=com.google.common.util.concurrent.AbstractFuture.getDoneValue(Ljava/lang/Object;)Ljava/lang/Object; @ 24
Event: 535.900 Thread 0x0000000060eee800 Uncommon trap: reason=class_check action=maybe_recompile pc=0x0000000005823f00 method=org.gradle.internal.Try$Success.flatMap(Ljava/util/function/Function;)Lorg/gradle/internal/Try; @ 10
Event: 535.901 Thread 0x0000000060eee800 Uncommon trap: reason=null_check action=maybe_recompile pc=0x0000000004c18514 method=java.util.concurrent.locks.ReentrantLock.isHeldByCurrentThread()Z @ 4
Event: 535.901 Thread 0x0000000060eee800 Uncommon trap: reason=unstable_if action=reinterpret pc=0x0000000005f993fc method=com.google.common.util.concurrent.AbstractFuture.getDoneValue(Ljava/lang/Object;)Ljava/lang/Object; @ 24
Event: 535.901 Thread 0x0000000060eee800 Uncommon trap: reason=class_check action=maybe_recompile pc=0x0000000005823f00 method=org.gradle.internal.Try$Success.flatMap(Ljava/util/function/Function;)Lorg/gradle/internal/Try; @ 10
Event: 535.905 Thread 0x0000000060eee800 Uncommon trap: reason=class_check action=maybe_recompile pc=0x0000000005823f00 method=org.gradle.internal.Try$Success.flatMap(Ljava/util/function/Function;)Lorg/gradle/internal/Try; @ 10

Classes redefined (0 events):
No events

Internal exceptions (10 events):
Event: 445.192 Thread 0x000000005fbe5000 Exception <a 'java/net/ConnectException': Connection refused: connect> (0x00000000e52d1468) thrown at [D:\src\AOSP-openjdk-cygwin\jdk8u\hotspot\src\share\vm\prims\jni.cpp, line 736]
Event: 446.202 Thread 0x000000005fbe5000 Exception <a 'java/net/ConnectException': Connection refused: connect> (0x00000000e52d1d60) thrown at [D:\src\AOSP-openjdk-cygwin\jdk8u\hotspot\src\share\vm\prims\jni.cpp, line 736]
Event: 522.435 Thread 0x000000005fbe9800 Exception <a 'sun/nio/fs/WindowsException'> (0x00000000e943e6c0) thrown at [D:\src\AOSP-openjdk-cygwin\jdk8u\hotspot\src\share\vm\prims\jni.cpp, line 710]
Event: 524.663 Thread 0x0000000057f75800 Exception <a 'java/net/ConnectException': Connection refused: connect> (0x00000000e0390a20) thrown at [D:\src\AOSP-openjdk-cygwin\jdk8u\hotspot\src\share\vm\prims\jni.cpp, line 736]
Event: 525.673 Thread 0x0000000057f75800 Exception <a 'java/net/ConnectException': Connection refused: connect> (0x00000000e0391318) thrown at [D:\src\AOSP-openjdk-cygwin\jdk8u\hotspot\src\share\vm\prims\jni.cpp, line 736]
Event: 526.683 Thread 0x0000000057f75800 Exception <a 'java/net/ConnectException': Connection refused: connect> (0x00000000e0391c10) thrown at [D:\src\AOSP-openjdk-cygwin\jdk8u\hotspot\src\share\vm\prims\jni.cpp, line 736]
Event: 530.949 Thread 0x0000000060eeb000 Exception <a 'sun/nio/fs/WindowsException'> (0x00000000ef0ce550) thrown at [D:\src\AOSP-openjdk-cygwin\jdk8u\hotspot\src\share\vm\prims\jni.cpp, line 710]
Event: 535.895 Thread 0x0000000060eee800 Implicit null exception at 0x0000000004c27498 to 0x0000000004c28469
Event: 535.899 Thread 0x0000000060eee800 Implicit null exception at 0x0000000004c183a7 to 0x0000000004c18509
Event: 535.901 Thread 0x0000000060eee800 Implicit null exception at 0x0000000004c183a7 to 0x0000000004c18509

Events (10 events):
Event: 535.901 Thread 0x0000000060eee800 Uncommon trap: trap_request=0xffffff65 fr.pc=0x0000000005f993fc
Event: 535.901 Thread 0x0000000060eee800 DEOPT PACKING pc=0x0000000005f993fc sp=0x000000006715dfd0
Event: 535.901 Thread 0x0000000060eee800 DEOPT UNPACKING pc=0x00000000028f557b sp=0x000000006715dec0 mode 2
Event: 535.901 Thread 0x0000000060eee800 Uncommon trap: trap_request=0xffffffde fr.pc=0x0000000005823f00
Event: 535.901 Thread 0x0000000060eee800 DEOPT PACKING pc=0x0000000005823f00 sp=0x000000006715e590
Event: 535.901 Thread 0x0000000060eee800 DEOPT UNPACKING pc=0x00000000028f557b sp=0x000000006715e510 mode 2
Event: 535.905 Thread 0x0000000060eee800 Uncommon trap: trap_request=0xffffffde fr.pc=0x0000000005823f00
Event: 535.905 Thread 0x0000000060eee800 DEOPT PACKING pc=0x0000000005823f00 sp=0x000000006715e590
Event: 535.905 Thread 0x0000000060eee800 DEOPT UNPACKING pc=0x00000000028f557b sp=0x000000006715e510 mode 2
Event: 535.935 Executing VM operation: RevokeBias


Dynamic libraries:
0x000000013fae0000 - 0x000000013fb11000 	C:\Program Files\Android\Android Studio\jre\bin\java.exe
0x0000000077130000 - 0x00000000772d9000 	C:\Windows\SYSTEM32\ntdll.dll
0x0000000077010000 - 0x000000007712f000 	C:\Windows\system32\kernel32.dll
0x000007fefd1d0000 - 0x000007fefd23b000 	C:\Windows\system32\KERNELBASE.dll
0x000007fefee00000 - 0x000007fefeedb000 	C:\Windows\system32\ADVAPI32.dll
0x000007fefe810000 - 0x000007fefe8af000 	C:\Windows\system32\msvcrt.dll
0x000007feff420000 - 0x000007feff43f000 	C:\Windows\SYSTEM32\sechost.dll
0x000007fefef80000 - 0x000007feff0ad000 	C:\Windows\system32\RPCRT4.dll
0x0000000076f10000 - 0x000000007700a000 	C:\Windows\system32\USER32.dll
0x000007fefed90000 - 0x000007fefedf7000 	C:\Windows\system32\GDI32.dll
0x000007fefebc0000 - 0x000007fefebce000 	C:\Windows\system32\LPK.dll
0x000007fefea90000 - 0x000007fefeb59000 	C:\Windows\system32\USP10.dll
0x000007fefb530000 - 0x000007fefb724000 	C:\Windows\WinSxS\amd64_microsoft.windows.common-controls_6595b64144ccf1df_6.0.7601.17514_none_fa396087175ac9ac\COMCTL32.dll
0x000007fefebd0000 - 0x000007fefec41000 	C:\Windows\system32\SHLWAPI.dll
0x000007feff3f0000 - 0x000007feff41e000 	C:\Windows\system32\IMM32.DLL
0x000007fefd450000 - 0x000007fefd559000 	C:\Windows\system32\MSCTF.dll
0x0000000063b90000 - 0x0000000063c62000 	C:\Program Files\Android\Android Studio\jre\jre\bin\msvcr100.dll
0x0000000063fa0000 - 0x00000000647e6000 	C:\Program Files\Android\Android Studio\jre\jre\bin\server\jvm.dll
0x000007fefa830000 - 0x000007fefa839000 	C:\Windows\system32\WSOCK32.dll
0x000007fefe7c0000 - 0x000007fefe80d000 	C:\Windows\system32\WS2_32.dll
0x000007fefe2f0000 - 0x000007fefe2f8000 	C:\Windows\system32\NSI.dll
0x000007fef9f90000 - 0x000007fef9fcb000 	C:\Windows\system32\WINMM.dll
0x000007fefc1e0000 - 0x000007fefc1ec000 	C:\Windows\system32\VERSION.dll
0x00000000772f0000 - 0x00000000772f7000 	C:\Windows\system32\PSAPI.DLL
0x000007fefa840000 - 0x000007fefa84f000 	C:\Program Files\Android\Android Studio\jre\jre\bin\verify.dll
0x000007fefa7d0000 - 0x000007fefa7f9000 	C:\Program Files\Android\Android Studio\jre\jre\bin\java.dll
0x000007fefa810000 - 0x000007fefa826000 	C:\Program Files\Android\Android Studio\jre\jre\bin\zip.dll
0x000007fefd560000 - 0x000007fefe2e8000 	C:\Windows\system32\SHELL32.dll
0x000007fefe430000 - 0x000007fefe633000 	C:\Windows\system32\ole32.dll
0x000007fefd080000 - 0x000007fefd08f000 	C:\Windows\system32\profapi.dll
0x000007fefa7b0000 - 0x000007fefa7ca000 	C:\Program Files\Android\Android Studio\jre\jre\bin\net.dll
0x000007fefc8b0000 - 0x000007fefc905000 	C:\Windows\system32\mswsock.dll
0x000007fefc8a0000 - 0x000007fefc8a7000 	C:\Windows\System32\wship6.dll
0x000007fef2ca0000 - 0x000007fef2cb1000 	C:\Program Files\Android\Android Studio\jre\jre\bin\nio.dll
0x000007feecc90000 - 0x000007feeccb6000 	C:\Users\Lab 1 Kom 64\.gradle\native\29\windows-amd64\native-platform.dll
0x000007fef2660000 - 0x000007fef2663000 	C:\Windows\system32\api-ms-win-core-synch-l1-2-0.DLL
0x000007fefa800000 - 0x000007fefa80d000 	C:\Program Files\Android\Android Studio\jre\jre\bin\management.dll
0x000007fefc910000 - 0x000007fefc927000 	C:\Windows\system32\CRYPTSP.dll
0x000007fefc610000 - 0x000007fefc657000 	C:\Windows\system32\rsaenh.dll
0x000007fefc3d0000 - 0x000007fefc3ee000 	C:\Windows\system32\USERENV.dll
0x000007fefcfb0000 - 0x000007fefcfbf000 	C:\Windows\system32\CRYPTBASE.dll
0x000007fefac30000 - 0x000007fefac57000 	C:\Windows\system32\IPHLPAPI.DLL
0x000007fefac10000 - 0x000007fefac1b000 	C:\Windows\system32\WINNSI.DLL
0x000007fefaa80000 - 0x000007fefaa91000 	C:\Windows\system32\dhcpcsvc6.DLL
0x000007fefaaa0000 - 0x000007fefaab8000 	C:\Windows\system32\dhcpcsvc.DLL
0x000007feefb00000 - 0x000007feefc9c000 	C:\Program Files\Android\Android Studio\jre\jre\bin\awt.dll
0x000007fefb010000 - 0x000007fefb028000 	C:\Windows\system32\dwmapi.dll
0x000007feff310000 - 0x000007feff3e7000 	C:\Windows\system32\OLEAUT32.dll
0x000007feefd50000 - 0x000007feefe32000 	C:\Windows\system32\d2d1.dll
0x000007fefcf50000 - 0x000007fefcfa7000 	C:\Windows\system32\apphelp.dll
0x000007fef2590000 - 0x000007fef25ae000 	C:\Users\Lab 1 Kom 64\AppData\Local\Temp\native-platform7140478422399482364dir\native-platform.dll
0x000007fef1f50000 - 0x000007fef2075000 	C:\Windows\system32\dbghelp.dll

VM Arguments:
jvm_args: -Xmx1536m -Dfile.encoding=windows-1252 -Duser.country=US -Duser.language=en -Duser.variant 
java_command: org.gradle.launcher.daemon.bootstrap.GradleDaemon 5.4.1
java_class_path (initial): C:\Users\Lab 1 Kom 64\.gradle\wrapper\dists\gradle-5.4.1-all\3221gyojl5jsh0helicew7rwx\gradle-5.4.1\lib\gradle-launcher-5.4.1.jar
Launcher Type: SUN_STANDARD

Environment Variables:
PATH=C:\ProgramData\Oracle\Java\javapath;C:\Program Files (x86)\Intel\iCLS Client\;C:\Program Files\Intel\iCLS Client\;C:\Windows\system32;C:\Windows;C:\Windows\System32\Wbem;C:\Windows\System32\WindowsPowerShell\v1.0\;C:\Program Files\Intel\Intel(R) Management Engine Components\DAL;C:\Program Files\Intel\Intel(R) Management Engine Components\IPT;C:\Program Files (x86)\Intel\Intel(R) Management Engine Components\DAL;C:\Program Files (x86)\Intel\Intel(R) Management Engine Components\IPT;c:\Program Files (x86)\Microsoft SQL Server\90\Tools\binn\;;C:\Users\Lab 1 Kom 64\AppData\Local\Programs\Microsoft VS Code\bin
USERNAME=Lab 1 Kom 64
OS=Windows_NT
PROCESSOR_IDENTIFIER=Intel64 Family 6 Model 42 Stepping 7, GenuineIntel



---------------  S Y S T E M  ---------------

OS: Windows 7 , 64 bit Build 7601 (6.1.7601.17514)

CPU:total 4 (initial active 4) (4 cores per cpu, 1 threads per core) family 6 model 42 stepping 7, cmov, cx8, fxsr, mmx, sse, sse2, sse3, ssse3, sse4.1, sse4.2, popcnt, avx, aes, clmul, tsc, tscinvbit

Memory: 4k page, physical 8081136k(3343168k free), swap 16160428k(11149972k free)

vm_info: OpenJDK 64-Bit Server VM (25.202-b03) for windows-amd64 JRE (1.8.0_202-release-1483-b03), built by "builder" with MS VC++ 10.0 (VS2010)

time: Sun Oct 13 08:58:17 2019
timezone: SE Asia Standard Time
elapsed time: 538 seconds (0d 0h 8m 58s)

