#
# A fatal error has been detected by the Java Runtime Environment:
#
#  EXCEPTION_ACCESS_VIOLATION (0xc0000005) at pc=0x0000000063fec45a, pid=4552, tid=0x00000000000010b0
#
# JRE version: OpenJDK Runtime Environment (8.0_202-b03) (build 1.8.0_202-release-1483-b03)
# Java VM: OpenJDK 64-Bit Server VM (25.202-b03 mixed mode windows-amd64 compressed oops)
# Problematic frame:
# V  [jvm.dll+0x4c45a]
#
# Failed to write core dump. Minidumps are not enabled by default on client versions of Windows
#
# If you would like to submit a bug report, please visit:
#   http://bugreport.java.com/bugreport/crash.jsp
#

---------------  T H R E A D  ---------------

Current thread (0x000000005909a800):  JavaThread "Daemon worker" [_thread_in_vm, id=4272, stack(0x000000005b460000,0x000000005b560000)]

siginfo: ExceptionCode=0xc0000005, reading address 0x00007e00630991d8

Registers:
RAX=0x0000000063099498, RBX=0x00000000630994f8, RCX=0x00007e0063099198, RDX=0x00000000e84645b8
RSP=0x000000005b559580, RBP=0x000000005b559660, RSI=0x000000005909a800, RDI=0x00000000630994f8
R8 =0x0000000000000001, R9 =0x000000005909a800, R10=0x0000000000000010, R11=0x000000000000000c
R12=0x0000000000000011, R13=0x00000000598a8090, R14=0x0000000000000000, R15=0x0000000057588e70
RIP=0x0000000063fec45a, EFLAGS=0x0000000000010202

Top of Stack: (sp=0x000000005b559580)
0x000000005b559580:   000000005b5596e0 000000005b5596b0
0x000000005b559590:   00000000026180b6 00000000598a8090
0x000000005b5595a0:   0000000000000000 0000000063fed844
0x000000005b5595b0:   00000000e8464590 0000000000000011
0x000000005b5595c0:   000000005b5596b0 000000005909a800
0x000000005b5595d0:   000000005b010101 0000000002f4aa90
0x000000005b5595e0:   0000001300000400 0000000057589258
0x000000005b5595f0:   00000000000003d8 0000000057588e80
0x000000005b559600:   000000005b55b7f8 00000000026180b6
0x000000005b559610:   0000000002615410 0000000000000000
0x000000005b559620:   000000005b55b840 000000005b55b7f8
0x000000005b559630:   000000005909a800 0000000002f4ac40
0x000000005b559640:   0000000000000009 0000000002f4aa90
0x000000005b559650:   0000000000000000 000000005b559d40
0x000000005b559660:   0000000058e76d48 00000000e8464590
0x000000005b559670:   00000000e84645b8 00000000e8464608 

Instructions: (pc=0x0000000063fec45a)
0x0000000063fec43a:   48 63 45 30 48 83 e1 f8 48 c1 e9 03 48 63 c9 48
0x0000000063fec44a:   8d 0c 88 66 44 89 04 4a 48 8b 43 08 48 8b 48 08
0x0000000063fec45a:   44 8b 49 40 41 81 f9 ff ff 00 00 7f 05 45 85 c9
0x0000000063fec46a:   79 06 41 b9 ff ff 00 00 80 3d f8 39 77 00 00 4c 


Register to memory mapping:

RAX=0x0000000063099498 is pointing into metadata
RBX={method} {0x0000000063099500} 
[error occurred during error reporting (printing register info), id 0xc0000005]

Stack: [0x000000005b460000,0x000000005b560000],  sp=0x000000005b559580,  free space=997k
Native frames: (J=compiled Java code, j=interpreted, Vv=VM code, C=native code)
V  [jvm.dll+0x4c45a]
V  [jvm.dll+0x4d844]
V  [jvm.dll+0x4d9b4]
V  [jvm.dll+0x1613b9]
C  [java.dll+0x7fae]
C  0x00000000027eebfd

Java frames: (J=compiled Java code, j=interpreted, Vv=VM code)
J 362  java.lang.Throwable.fillInStackTrace(I)Ljava/lang/Throwable; (0 bytes) @ 0x00000000027eeb7b [0x00000000027eeb40+0x3b]
J 1833 C2 java.lang.ReflectiveOperationException.<init>(Ljava/lang/String;Ljava/lang/Throwable;)V (7 bytes) @ 0x0000000002c1f70c [0x0000000002c1f660+0xac]
J 1391 C2 java.net.URLClassLoader.findClass(Ljava/lang/String;)Ljava/lang/Class; (47 bytes) @ 0x0000000002ac6814 [0x0000000002ac6720+0xf4]
J 2434 C2 java.lang.ClassLoader.loadClass(Ljava/lang/String;Z)Ljava/lang/Class; (122 bytes) @ 0x0000000002f85434 [0x0000000002f85040+0x3f4]
J 3339 C1 org.gradle.internal.classloader.FilteringClassLoader.loadClass(Ljava/lang/String;Z)Ljava/lang/Class; (62 bytes) @ 0x0000000003194f9c [0x0000000003194dc0+0x1dc]
J 2434 C2 java.lang.ClassLoader.loadClass(Ljava/lang/String;Z)Ljava/lang/Class; (122 bytes) @ 0x0000000002f85330 [0x0000000002f85040+0x2f0]
J 3333 C1 org.gradle.internal.classloader.CachingClassLoader.loadClass(Ljava/lang/String;Z)Ljava/lang/Class; (85 bytes) @ 0x000000000319110c [0x0000000003190e60+0x2ac]
J 2434 C2 java.lang.ClassLoader.loadClass(Ljava/lang/String;Z)Ljava/lang/Class; (122 bytes) @ 0x0000000002f85330 [0x0000000002f85040+0x2f0]
J 2423 C2 java.lang.ClassLoader.loadClass(Ljava/lang/String;)Ljava/lang/Class; (7 bytes) @ 0x0000000002f4abf0 [0x0000000002f4abc0+0x30]
v  ~StubRoutines::call_stub
j  com.android.build.gradle.internal.tasks.PrepareLintJar$CreationAction.preConfigure(Ljava/lang/String;)V+13
j  com.android.build.gradle.internal.tasks.factory.TaskAction.doPreConfig(Ljava/lang/String;)V+12
j  com.android.build.gradle.internal.tasks.factory.TaskAction.postRegisterHook(Lorg/gradle/api/tasks/TaskProvider;)V+19
j  com.android.build.gradle.internal.tasks.factory.TaskFactoryUtils.registerTask(Lorg/gradle/api/tasks/TaskContainer;Lcom/android/build/gradle/internal/tasks/factory/TaskCreationAction;Lcom/android/build/gradle/internal/tasks/factory/PreConfigAction;Lcom/android/build/gradle/internal/tasks/factory/TaskConfigAction;Lcom/android/build/gradle/internal/tasks/factory/TaskProviderCallback;)Lorg/gradle/api/tasks/TaskProvider;+70
j  com.android.build.gradle.internal.tasks.factory.TaskFactoryImpl.register(Lcom/android/build/gradle/internal/tasks/factory/TaskCreationAction;)Lorg/gradle/api/tasks/TaskProvider;+14
j  com.android.build.gradle.internal.TaskManager.configureCustomLintChecks()V+15
j  com.android.build.gradle.BasePlugin.createAndroidTasks()V+187
j  com.android.build.gradle.BasePlugin$$Lambda$94.call()V+4
j  com.android.builder.profile.ThreadRecorder.record(Lcom/google/wireless/android/sdk/stats/GradleBuildProfileSpan$ExecutionType;Ljava/lang/String;Ljava/lang/String;Lcom/android/builder/profile/Recorder$VoidBlock;)V+17
j  com.android.build.gradle.BasePlugin.lambda$createTasks$5(Lorg/gradle/api/Project;)V+30
j  com.android.build.gradle.BasePlugin$$Lambda$93.accept(Ljava/lang/Object;)V+8
j  com.android.build.gradle.internal.crash.CrashReporting$afterEvaluate$1.execute(Lorg/gradle/api/Project;)V+12
j  com.android.build.gradle.internal.crash.CrashReporting$afterEvaluate$1.execute(Ljava/lang/Object;)V+5

[error occurred during error reporting (printing Java stack), id 0xc0000005]


---------------  P R O C E S S  ---------------

Java Threads: ( => current thread )
  0x000000005824c800 JavaThread "Cache worker for Build Output Cleanup Cache (C:\Users\Lab 1 Kom 64\SMKCoding\.gradle\buildOutputCleanup)" [_thread_blocked, id=3756, stack(0x0000000062c20000,0x0000000062d20000)]
  0x000000005824b800 JavaThread "Build operations Thread 4" [_thread_blocked, id=2216, stack(0x0000000061f90000,0x0000000062090000)]
  0x000000005824b000 JavaThread "Build operations Thread 3" [_thread_blocked, id=2180, stack(0x0000000060b60000,0x0000000060c60000)]
  0x000000005824a000 JavaThread "Build operations Thread 2" [_thread_blocked, id=2184, stack(0x0000000061e40000,0x0000000061f40000)]
  0x0000000058249800 JavaThread "Build operations" [_thread_blocked, id=4160, stack(0x0000000061d30000,0x0000000061e30000)]
  0x0000000058248800 JavaThread "Cache worker for execution history cache (C:\Users\Lab 1 Kom 64\.gradle\caches\5.4.1\executionHistory)" [_thread_blocked, id=3560, stack(0x00000000604f0000,0x00000000605f0000)]
  0x0000000058248000 JavaThread "Cache worker for cache directory md-rule (C:\Users\Lab 1 Kom 64\.gradle\caches\5.4.1\md-rule)" [_thread_blocked, id=440, stack(0x000000005e640000,0x000000005e740000)]
  0x0000000058247000 JavaThread "Cache worker for cache directory md-supplier (C:\Users\Lab 1 Kom 64\.gradle\caches\5.4.1\md-supplier)" [_thread_blocked, id=3880, stack(0x00000000600f0000,0x00000000601f0000)]
  0x0000000058242000 JavaThread "Cache worker for file hash cache (C:\Users\Lab 1 Kom 64\SMKCoding\.gradle\5.4.1\fileHashes)" [_thread_blocked, id=4628, stack(0x000000005e750000,0x000000005e850000)]
  0x0000000058241000 JavaThread "Cache worker for journal cache (C:\Users\Lab 1 Kom 64\.gradle\caches\journal-1)" [_thread_blocked, id=4456, stack(0x000000005c0f0000,0x000000005c1f0000)]
  0x0000000058240800 JavaThread "File lock request listener" [_thread_in_native, id=4196, stack(0x000000005bf70000,0x000000005c070000)]
  0x000000005825c800 JavaThread "Cache worker for file hash cache (C:\Users\Lab 1 Kom 64\.gradle\caches\5.4.1\fileHashes)" [_thread_blocked, id=4852, stack(0x000000005b980000,0x000000005ba80000)]
  0x0000000059a06000 JavaThread "Thread-9" [_thread_blocked, id=3160, stack(0x000000005be10000,0x000000005bf10000)]
  0x00000000599f9800 JavaThread "Stdin handler" [_thread_blocked, id=4624, stack(0x000000005bc10000,0x000000005bd10000)]
  0x00000000599fd800 JavaThread "Asynchronous log dispatcher for DefaultDaemonConnection: socket connection from /127.0.0.1:49255 to /127.0.0.1:49256" [_thread_blocked, id=2816, stack(0x000000005bac0000,0x000000005bbc0000)]
=>0x000000005909a800 JavaThread "Daemon worker" [_thread_in_vm, id=4272, stack(0x000000005b460000,0x000000005b560000)]
  0x00000000590a2800 JavaThread "Cancel handler" [_thread_blocked, id=2176, stack(0x000000005b250000,0x000000005b350000)]
  0x00000000583d5800 JavaThread "Handler for socket connection from /127.0.0.1:49255 to /127.0.0.1:49256" [_thread_in_native, id=2304, stack(0x000000005b5f0000,0x000000005b6f0000)]
  0x00000000577cd000 JavaThread "Daemon" [_thread_blocked, id=4988, stack(0x000000005b360000,0x000000005b460000)]
  0x0000000058faa800 JavaThread "Daemon periodic checks" [_thread_blocked, id=4280, stack(0x000000005af80000,0x000000005b080000)]
  0x00000000583da000 JavaThread "Incoming local TCP Connector on port 49255" [_thread_in_native, id=4924, stack(0x000000005b150000,0x000000005b250000)]
  0x000000005767b800 JavaThread "Daemon health stats" [_thread_blocked, id=4748, stack(0x000000005ab50000,0x000000005ac50000)]
  0x00000000575e5800 JavaThread "Service Thread" daemon [_thread_blocked, id=5112, stack(0x0000000058120000,0x0000000058220000)]
  0x00000000561fb000 JavaThread "C1 CompilerThread2" daemon [_thread_blocked, id=3528, stack(0x0000000057980000,0x0000000057a80000)]
  0x00000000561f8000 JavaThread "C2 CompilerThread1" daemon [_thread_blocked, id=676, stack(0x0000000057ff0000,0x00000000580f0000)]
  0x0000000057564800 JavaThread "C2 CompilerThread0" daemon [_thread_blocked, id=4308, stack(0x0000000057e60000,0x0000000057f60000)]
  0x0000000057560800 JavaThread "Attach Listener" daemon [_thread_blocked, id=988, stack(0x0000000057bf0000,0x0000000057cf0000)]
  0x00000000561f5000 JavaThread "Signal Dispatcher" daemon [_thread_blocked, id=3844, stack(0x0000000057aa0000,0x0000000057ba0000)]
  0x00000000561dc000 JavaThread "Finalizer" daemon [_thread_blocked, id=4792, stack(0x0000000057200000,0x0000000057300000)]
  0x00000000561d5000 JavaThread "Reference Handler" daemon [_thread_blocked, id=124, stack(0x0000000057460000,0x0000000057560000)]
  0x000000000212e800 JavaThread "main" [_thread_blocked, id=3864, stack(0x0000000002240000,0x0000000002340000)]

Other Threads:
  0x000000005618a000 VMThread [stack: 0x0000000057310000,0x0000000057410000] [id=4276]
  0x00000000575e6800 WatcherThread [stack: 0x0000000057d50000,0x0000000057e50000] [id=4328]

VM state:not at safepoint (normal execution)

VM Mutex/Monitor currently owned by a thread: None

heap address: 0x00000000a0000000, size: 1536 MB, Compressed Oops mode: 32-bit
Narrow klass base: 0x0000000000000000, Narrow klass shift: 0
Compressed class space size: 1073741824 Address: 0x0000000015800000

Heap:
 PSYoungGen      total 232448K, used 136217K [0x00000000e0000000, 0x00000000ef300000, 0x0000000100000000)
  eden space 216064K, 63% used [0x00000000e0000000,0x00000000e8506580,0x00000000ed300000)
  from space 16384K, 0% used [0x00000000ee300000,0x00000000ee300000,0x00000000ef300000)
  to   space 16384K, 0% used [0x00000000ed300000,0x00000000ed300000,0x00000000ee300000)
 ParOldGen       total 89088K, used 17962K [0x00000000a0000000, 0x00000000a5700000, 0x00000000e0000000)
  object space 89088K, 20% used [0x00000000a0000000,0x00000000a118a8c0,0x00000000a5700000)
 Metaspace       used 46059K, capacity 47062K, committed 47448K, reserved 1089536K
  class space    used 6188K, capacity 6456K, committed 6528K, reserved 1048576K

Card table byte_map: [0x00000000119d0000,0x0000000011ce0000] byte_map_base: 0x00000000114d0000

Marking Bits: (ParMarkBitMap*) 0x0000000064769f30
 Begin Bits: [0x0000000012500000, 0x0000000013d00000)
 End Bits:   [0x0000000013d00000, 0x0000000015500000)

Polling page: 0x0000000000430000

CodeCache: size=245760Kb used=14241Kb max_used=14252Kb free=231518Kb
 bounds [0x0000000002610000, 0x0000000003410000, 0x0000000011610000]
 total_blobs=4856 nmethods=4101 adapters=668
 compilation: enabled

Compilation events (10 events):
Event: 5.355 Thread 0x00000000561f8000 nmethod 4063 0x00000000033fd2d0 code [0x00000000033fd620, 0x00000000034002b8]
Event: 5.357 Thread 0x0000000057564800 nmethod 4108 0x00000000033e93d0 code [0x00000000033e9520, 0x00000000033e96f8]
Event: 5.360 Thread 0x00000000561fb000 4109       3       jdk.internal.org.objectweb.asm.ClassWriter::<init> (122 bytes)
Event: 5.361 Thread 0x00000000561fb000 nmethod 4109 0x00000000033f3550 code [0x00000000033f3760, 0x00000000033f4168]
Event: 5.361 Thread 0x00000000561fb000 4111       3       jdk.internal.org.objectweb.asm.ClassWriter::visit (121 bytes)
Event: 5.361 Thread 0x00000000561fb000 nmethod 4111 0x00000000033f69d0 code [0x00000000033f6ba0, 0x00000000033f7298]
Event: 5.361 Thread 0x00000000561fb000 4110       3       jdk.internal.org.objectweb.asm.ClassVisitor::<init> (7 bytes)
Event: 5.361 Thread 0x00000000561fb000 nmethod 4110 0x00000000033f6390 code [0x00000000033f6520, 0x00000000033f6868]
Event: 5.391 Thread 0x00000000561fb000 4112       3       java.util.concurrent.locks.AbstractQueuedSynchronizer$ConditionObject::unlinkCancelledWaiters (67 bytes)
Event: 5.392 Thread 0x00000000561fb000 nmethod 4112 0x00000000033e8e10 code [0x00000000033e8f80, 0x00000000033e92d0]

GC Heap History (10 events):
Event: 2.007 GC heap before
{Heap before GC invocations=4 (full 0):
 PSYoungGen      total 68608K, used 61449K [0x00000000e0000000, 0x00000000e8600000, 0x0000000100000000)
  eden space 63488K, 88% used [0x00000000e0000000,0x00000000e3707ea8,0x00000000e3e00000)
  from space 5120K, 99% used [0x00000000e3e00000,0x00000000e42fa820,0x00000000e4300000)
  to   space 5120K, 0% used [0x00000000e8100000,0x00000000e8100000,0x00000000e8600000)
 ParOldGen       total 84992K, used 4434K [0x00000000a0000000, 0x00000000a5300000, 0x00000000e0000000)
  object space 84992K, 5% used [0x00000000a0000000,0x00000000a0454838,0x00000000a5300000)
 Metaspace       used 20745K, capacity 21104K, committed 21248K, reserved 1067008K
  class space    used 2918K, capacity 3062K, committed 3072K, reserved 1048576K
Event: 2.031 GC heap after
Heap after GC invocations=4 (full 0):
 PSYoungGen      total 132096K, used 5109K [0x00000000e0000000, 0x00000000e8600000, 0x0000000100000000)
  eden space 126976K, 0% used [0x00000000e0000000,0x00000000e0000000,0x00000000e7c00000)
  from space 5120K, 99% used [0x00000000e8100000,0x00000000e85fd5c0,0x00000000e8600000)
  to   space 5120K, 0% used [0x00000000e7c00000,0x00000000e7c00000,0x00000000e8100000)
 ParOldGen       total 84992K, used 11255K [0x00000000a0000000, 0x00000000a5300000, 0x00000000e0000000)
  object space 84992K, 13% used [0x00000000a0000000,0x00000000a0afdc20,0x00000000a5300000)
 Metaspace       used 20745K, capacity 21104K, committed 21248K, reserved 1067008K
  class space    used 2918K, capacity 3062K, committed 3072K, reserved 1048576K
}
Event: 2.031 GC heap before
{Heap before GC invocations=5 (full 1):
 PSYoungGen      total 132096K, used 5109K [0x00000000e0000000, 0x00000000e8600000, 0x0000000100000000)
  eden space 126976K, 0% used [0x00000000e0000000,0x00000000e0000000,0x00000000e7c00000)
  from space 5120K, 99% used [0x00000000e8100000,0x00000000e85fd5c0,0x00000000e8600000)
  to   space 5120K, 0% used [0x00000000e7c00000,0x00000000e7c00000,0x00000000e8100000)
 ParOldGen       total 84992K, used 11255K [0x00000000a0000000, 0x00000000a5300000, 0x00000000e0000000)
  object space 84992K, 13% used [0x00000000a0000000,0x00000000a0afdc20,0x00000000a5300000)
 Metaspace       used 20745K, capacity 21104K, committed 21248K, reserved 1067008K
  class space    used 2918K, capacity 3062K, committed 3072K, reserved 1048576K
Event: 2.070 GC heap after
Heap after GC invocations=5 (full 1):
 PSYoungGen      total 132096K, used 0K [0x00000000e0000000, 0x00000000e8600000, 0x0000000100000000)
  eden space 126976K, 0% used [0x00000000e0000000,0x00000000e0000000,0x00000000e7c00000)
  from space 5120K, 0% used [0x00000000e8100000,0x00000000e8100000,0x00000000e8600000)
  to   space 5120K, 0% used [0x00000000e7c00000,0x00000000e7c00000,0x00000000e8100000)
 ParOldGen       total 62464K, used 11571K [0x00000000a0000000, 0x00000000a3d00000, 0x00000000e0000000)
  object space 62464K, 18% used [0x00000000a0000000,0x00000000a0b4cec0,0x00000000a3d00000)
 Metaspace       used 20745K, capacity 21104K, committed 21248K, reserved 1067008K
  class space    used 2918K, capacity 3062K, committed 3072K, reserved 1048576K
}
Event: 3.230 GC heap before
{Heap before GC invocations=6 (full 1):
 PSYoungGen      total 132096K, used 126976K [0x00000000e0000000, 0x00000000e8600000, 0x0000000100000000)
  eden space 126976K, 100% used [0x00000000e0000000,0x00000000e7c00000,0x00000000e7c00000)
  from space 5120K, 0% used [0x00000000e8100000,0x00000000e8100000,0x00000000e8600000)
  to   space 5120K, 0% used [0x00000000e7c00000,0x00000000e7c00000,0x00000000e8100000)
 ParOldGen       total 62464K, used 11571K [0x00000000a0000000, 0x00000000a3d00000, 0x00000000e0000000)
  object space 62464K, 18% used [0x00000000a0000000,0x00000000a0b4cec0,0x00000000a3d00000)
 Metaspace       used 31227K, capacity 31720K, committed 32128K, reserved 1077248K
  class space    used 4293K, capacity 4435K, committed 4480K, reserved 1048576K
Event: 3.305 GC heap after
Heap after GC invocations=6 (full 1):
 PSYoungGen      total 132096K, used 5120K [0x00000000e0000000, 0x00000000ef300000, 0x0000000100000000)
  eden space 126976K, 0% used [0x00000000e0000000,0x00000000e0000000,0x00000000e7c00000)
  from space 5120K, 100% used [0x00000000e7c00000,0x00000000e8100000,0x00000000e8100000)
  to   space 16384K, 0% used [0x00000000ee300000,0x00000000ee300000,0x00000000ef300000)
 ParOldGen       total 62464K, used 18891K [0x00000000a0000000, 0x00000000a3d00000, 0x00000000e0000000)
  object space 62464K, 30% used [0x00000000a0000000,0x00000000a1272dc8,0x00000000a3d00000)
 Metaspace       used 31227K, capacity 31720K, committed 32128K, reserved 1077248K
  class space    used 4293K, capacity 4435K, committed 4480K, reserved 1048576K
}
Event: 3.932 GC heap before
{Heap before GC invocations=7 (full 1):
 PSYoungGen      total 132096K, used 71858K [0x00000000e0000000, 0x00000000ef300000, 0x0000000100000000)
  eden space 126976K, 52% used [0x00000000e0000000,0x00000000e412c8a8,0x00000000e7c00000)
  from space 5120K, 100% used [0x00000000e7c00000,0x00000000e8100000,0x00000000e8100000)
  to   space 16384K, 0% used [0x00000000ee300000,0x00000000ee300000,0x00000000ef300000)
 ParOldGen       total 62464K, used 18891K [0x00000000a0000000, 0x00000000a3d00000, 0x00000000e0000000)
  object space 62464K, 30% used [0x00000000a0000000,0x00000000a1272dc8,0x00000000a3d00000)
 Metaspace       used 34548K, capacity 35256K, committed 35416K, reserved 1079296K
  class space    used 4742K, capacity 4935K, committed 4992K, reserved 1048576K
Event: 3.961 GC heap after
Heap after GC invocations=7 (full 1):
 PSYoungGen      total 232448K, used 10782K [0x00000000e0000000, 0x00000000ef300000, 0x0000000100000000)
  eden space 216064K, 0% used [0x00000000e0000000,0x00000000e0000000,0x00000000ed300000)
  from space 16384K, 65% used [0x00000000ee300000,0x00000000eed87880,0x00000000ef300000)
  to   space 16384K, 0% used [0x00000000ed300000,0x00000000ed300000,0x00000000ee300000)
 ParOldGen       total 62464K, used 18899K [0x00000000a0000000, 0x00000000a3d00000, 0x00000000e0000000)
  object space 62464K, 30% used [0x00000000a0000000,0x00000000a1274dc8,0x00000000a3d00000)
 Metaspace       used 34548K, capacity 35256K, committed 35416K, reserved 1079296K
  class space    used 4742K, capacity 4935K, committed 4992K, reserved 1048576K
}
Event: 3.961 GC heap before
{Heap before GC invocations=8 (full 2):
 PSYoungGen      total 232448K, used 10782K [0x00000000e0000000, 0x00000000ef300000, 0x0000000100000000)
  eden space 216064K, 0% used [0x00000000e0000000,0x00000000e0000000,0x00000000ed300000)
  from space 16384K, 65% used [0x00000000ee300000,0x00000000eed87880,0x00000000ef300000)
  to   space 16384K, 0% used [0x00000000ed300000,0x00000000ed300000,0x00000000ee300000)
 ParOldGen       total 62464K, used 18899K [0x00000000a0000000, 0x00000000a3d00000, 0x00000000e0000000)
  object space 62464K, 30% used [0x00000000a0000000,0x00000000a1274dc8,0x00000000a3d00000)
 Metaspace       used 34548K, capacity 35256K, committed 35416K, reserved 1079296K
  class space    used 4742K, capacity 4935K, committed 4992K, reserved 1048576K
Event: 4.051 GC heap after
Heap after GC invocations=8 (full 2):
 PSYoungGen      total 232448K, used 0K [0x00000000e0000000, 0x00000000ef300000, 0x0000000100000000)
  eden space 216064K, 0% used [0x00000000e0000000,0x00000000e0000000,0x00000000ed300000)
  from space 16384K, 0% used [0x00000000ee300000,0x00000000ee300000,0x00000000ef300000)
  to   space 16384K, 0% used [0x00000000ed300000,0x00000000ed300000,0x00000000ee300000)
 ParOldGen       total 89088K, used 17962K [0x00000000a0000000, 0x00000000a5700000, 0x00000000e0000000)
  object space 89088K, 20% used [0x00000000a0000000,0x00000000a118a8c0,0x00000000a5700000)
 Metaspace       used 34544K, capacity 35244K, committed 35416K, reserved 1079296K
  class space    used 4741K, capacity 4933K, committed 4992K, reserved 1048576K
}

Deoptimization events (10 events):
Event: 4.674 Thread 0x000000005909a800 Uncommon trap: reason=unstable_if action=reinterpret pc=0x0000000002aca9ec method=java.lang.CharacterDataLatin1.isWhitespace(I)Z @ 14
Event: 4.704 Thread 0x000000005909a800 Uncommon trap: reason=unstable_if action=reinterpret pc=0x0000000002fda90c method=java.util.jar.JarFile.maybeInstantiateVerifier()V @ 4
Event: 4.706 Thread 0x000000005909a800 Uncommon trap: reason=unstable_if action=reinterpret pc=0x0000000002ad0620 method=java.util.jar.JarFile.maybeInstantiateVerifier()V @ 4
Event: 4.706 Thread 0x000000005909a800 Uncommon trap: reason=unstable_if action=reinterpret pc=0x0000000002ef291c method=java.security.CodeSource.getCertificates()[Ljava/security/cert/Certificate; @ 22
Event: 4.792 Thread 0x000000005909a800 Uncommon trap: reason=unstable_if action=reinterpret pc=0x0000000002f25d94 method=org.objectweb.asm.ByteVector.putUTF8(Ljava/lang/String;)Lorg/objectweb/asm/ByteVector; @ 93
Event: 4.875 Thread 0x000000005909a800 Uncommon trap: reason=unstable_if action=reinterpret pc=0x0000000002e9c1a0 method=org.objectweb.asm.ByteVector.putUTF8(Ljava/lang/String;)Lorg/objectweb/asm/ByteVector; @ 93
Event: 5.085 Thread 0x000000005909a800 Uncommon trap: reason=unstable_if action=reinterpret pc=0x0000000002eff850 method=org.gradle.internal.reflect.PropertyAccessorType.of(Ljava/lang/reflect/Method;)Lorg/gradle/internal/reflect/PropertyAccessorType; @ 56
Event: 5.198 Thread 0x000000005909a800 Uncommon trap: reason=unstable_if action=reinterpret pc=0x0000000002bec2e4 method=java.lang.String.lastIndexOf([CII[CIII)I @ 17
Event: 5.198 Thread 0x000000005909a800 Uncommon trap: reason=unstable_if action=reinterpret pc=0x0000000002f5ed00 method=sun.net.www.protocol.jar.Handler.parseURL(Ljava/net/URL;Ljava/lang/String;II)V @ 94
Event: 5.209 Thread 0x000000005909a800 Uncommon trap: reason=unstable_if action=reinterpret pc=0x0000000002b6d70c method=java.util.concurrent.ConcurrentHashMap.putVal(Ljava/lang/Object;Ljava/lang/Object;Z)Ljava/lang/Object; @ 195

Classes redefined (0 events):
No events

Internal exceptions (10 events):
Event: 5.342 Thread 0x000000005909a800 Exception <a 'java/lang/ClassNotFoundException': org/gradle/api/plugins/BasePluginConventionCustomizer> (0x00000000e80331a8) thrown at [D:\src\AOSP-openjdk-cygwin\jdk8u\hotspot\src\share\vm\classfile\systemDictionary.cpp, line 210]
Event: 5.344 Thread 0x000000005909a800 Exception <a 'java/lang/ClassNotFoundException': org/gradle/api/plugins/internal/DefaultBasePluginConventionCustomizer> (0x00000000e8098058) thrown at [D:\src\AOSP-openjdk-cygwin\jdk8u\hotspot\src\share\vm\classfile\systemDictionary.cpp, line 210]
Event: 5.347 Thread 0x000000005909a800 Exception <a 'java/lang/ClassNotFoundException': org/gradle/api/plugins/internal/DefaultJavaPluginConventionBeanInfo> (0x00000000e8135bd8) thrown at [D:\src\AOSP-openjdk-cygwin\jdk8u\hotspot\src\share\vm\classfile\systemDictionary.cpp, line 210]
Event: 5.348 Thread 0x000000005909a800 Exception <a 'java/lang/ClassNotFoundException': org/gradle/api/plugins/JavaPluginConventionBeanInfo> (0x00000000e817a4e0) thrown at [D:\src\AOSP-openjdk-cygwin\jdk8u\hotspot\src\share\vm\classfile\systemDictionary.cpp, line 210]
Event: 5.349 Thread 0x000000005909a800 Exception <a 'java/lang/ClassNotFoundException': org/gradle/api/plugins/JavaPluginConventionCustomizer> (0x00000000e81c0030) thrown at [D:\src\AOSP-openjdk-cygwin\jdk8u\hotspot\src\share\vm\classfile\systemDictionary.cpp, line 210]
Event: 5.350 Thread 0x000000005909a800 Exception <a 'java/lang/ClassNotFoundException': org/gradle/api/plugins/internal/DefaultJavaPluginConventionCustomizer> (0x00000000e8230ec0) thrown at [D:\src\AOSP-openjdk-cygwin\jdk8u\hotspot\src\share\vm\classfile\systemDictionary.cpp, line 210]
Event: 5.356 Thread 0x000000005909a800 Exception <a 'java/lang/ClassNotFoundException': org/jetbrains/kotlin/gradle/internal/AndroidExtensionsExtension_DecoratedBeanInfo> (0x00000000e82d54b8) thrown at [D:\src\AOSP-openjdk-cygwin\jdk8u\hotspot\src\share\vm\classfile\systemDictionary.cpp, line 
Event: 5.356 Thread 0x000000005909a800 Exception <a 'java/lang/ClassNotFoundException': org/jetbrains/kotlin/gradle/internal/AndroidExtensionsExtensionBeanInfo> (0x00000000e82f68d0) thrown at [D:\src\AOSP-openjdk-cygwin\jdk8u\hotspot\src\share\vm\classfile\systemDictionary.cpp, line 210]
Event: 5.357 Thread 0x000000005909a800 Exception <a 'java/lang/ClassNotFoundException': org/jetbrains/kotlin/gradle/internal/AndroidExtensionsExtensionCustomizer> (0x00000000e8318180) thrown at [D:\src\AOSP-openjdk-cygwin\jdk8u\hotspot\src\share\vm\classfile\systemDictionary.cpp, line 210]
Event: 5.357 Thread 0x000000005909a800 Exception <a 'java/lang/ClassNotFoundException': org/jetbrains/kotlin/gradle/internal/AndroidExtensionsExtension_DecoratedCustomizer> (0x00000000e8348b18) thrown at [D:\src\AOSP-openjdk-cygwin\jdk8u\hotspot\src\share\vm\classfile\systemDictionary.cpp, lin

Events (10 events):
Event: 5.366 loading class com/android/build/gradle/internal/SdkLocator$SdkLocationSource$SYS_ANDROID_HOME
Event: 5.366 loading class com/android/build/gradle/internal/SdkLocator$SdkLocationSource$SYS_ANDROID_HOME done
Event: 5.366 loading class com/android/build/gradle/internal/SdkType
Event: 5.366 loading class com/android/build/gradle/internal/SdkType done
Event: 5.366 loading class com/android/build/gradle/internal/SdkLocation
Event: 5.366 loading class com/android/build/gradle/internal/SdkLocation done
Event: 5.367 loading class com/android/build/gradle/internal/tasks/PrepareLintJar
Event: 5.367 loading class com/android/build/gradle/internal/tasks/PrepareLintJar done
Event: 5.367 loading class com/android/build/gradle/internal/scope/InternalArtifactType
Event: 5.367 loading class com/android/build/gradle/internal/scope/InternalArtifactType done


Dynamic libraries:
0x000000013fa00000 - 0x000000013fa31000 	C:\Program Files\Android\Android Studio\jre\bin\java.exe
0x0000000077130000 - 0x00000000772d9000 	C:\Windows\SYSTEM32\ntdll.dll
0x0000000077010000 - 0x000000007712f000 	C:\Windows\system32\kernel32.dll
0x000007fefd1d0000 - 0x000007fefd23b000 	C:\Windows\system32\KERNELBASE.dll
0x000007fefee00000 - 0x000007fefeedb000 	C:\Windows\system32\ADVAPI32.dll
0x000007fefe810000 - 0x000007fefe8af000 	C:\Windows\system32\msvcrt.dll
0x000007feff420000 - 0x000007feff43f000 	C:\Windows\SYSTEM32\sechost.dll
0x000007fefef80000 - 0x000007feff0ad000 	C:\Windows\system32\RPCRT4.dll
0x0000000076f10000 - 0x000000007700a000 	C:\Windows\system32\USER32.dll
0x000007fefed90000 - 0x000007fefedf7000 	C:\Windows\system32\GDI32.dll
0x000007fefebc0000 - 0x000007fefebce000 	C:\Windows\system32\LPK.dll
0x000007fefea90000 - 0x000007fefeb59000 	C:\Windows\system32\USP10.dll
0x000007fefb530000 - 0x000007fefb724000 	C:\Windows\WinSxS\amd64_microsoft.windows.common-controls_6595b64144ccf1df_6.0.7601.17514_none_fa396087175ac9ac\COMCTL32.dll
0x000007fefebd0000 - 0x000007fefec41000 	C:\Windows\system32\SHLWAPI.dll
0x000007feff3f0000 - 0x000007feff41e000 	C:\Windows\system32\IMM32.DLL
0x000007fefd450000 - 0x000007fefd559000 	C:\Windows\system32\MSCTF.dll
0x0000000063b90000 - 0x0000000063c62000 	C:\Program Files\Android\Android Studio\jre\jre\bin\msvcr100.dll
0x0000000063fa0000 - 0x00000000647e6000 	C:\Program Files\Android\Android Studio\jre\jre\bin\server\jvm.dll
0x000007fefa830000 - 0x000007fefa839000 	C:\Windows\system32\WSOCK32.dll
0x000007fefe7c0000 - 0x000007fefe80d000 	C:\Windows\system32\WS2_32.dll
0x000007fefe2f0000 - 0x000007fefe2f8000 	C:\Windows\system32\NSI.dll
0x000007fef9f90000 - 0x000007fef9fcb000 	C:\Windows\system32\WINMM.dll
0x000007fefc1e0000 - 0x000007fefc1ec000 	C:\Windows\system32\VERSION.dll
0x00000000772f0000 - 0x00000000772f7000 	C:\Windows\system32\PSAPI.DLL
0x000007fefa840000 - 0x000007fefa84f000 	C:\Program Files\Android\Android Studio\jre\jre\bin\verify.dll
0x000007fefa7d0000 - 0x000007fefa7f9000 	C:\Program Files\Android\Android Studio\jre\jre\bin\java.dll
0x000007fefa810000 - 0x000007fefa826000 	C:\Program Files\Android\Android Studio\jre\jre\bin\zip.dll
0x000007fefd560000 - 0x000007fefe2e8000 	C:\Windows\system32\SHELL32.dll
0x000007fefe430000 - 0x000007fefe633000 	C:\Windows\system32\ole32.dll
0x000007fefd080000 - 0x000007fefd08f000 	C:\Windows\system32\profapi.dll
0x000007fefa7b0000 - 0x000007fefa7ca000 	C:\Program Files\Android\Android Studio\jre\jre\bin\net.dll
0x000007fefc8b0000 - 0x000007fefc905000 	C:\Windows\system32\mswsock.dll
0x000007fefc8a0000 - 0x000007fefc8a7000 	C:\Windows\System32\wship6.dll
0x000007fef2ca0000 - 0x000007fef2cb1000 	C:\Program Files\Android\Android Studio\jre\jre\bin\nio.dll
0x000007feecc90000 - 0x000007feeccb6000 	C:\Users\Lab 1 Kom 64\.gradle\native\29\windows-amd64\native-platform.dll
0x000007fef2660000 - 0x000007fef2663000 	C:\Windows\system32\api-ms-win-core-synch-l1-2-0.DLL
0x000007fefa800000 - 0x000007fefa80d000 	C:\Program Files\Android\Android Studio\jre\jre\bin\management.dll
0x000007fefc910000 - 0x000007fefc927000 	C:\Windows\system32\CRYPTSP.dll
0x000007fefc610000 - 0x000007fefc657000 	C:\Windows\system32\rsaenh.dll
0x000007fefc3d0000 - 0x000007fefc3ee000 	C:\Windows\system32\USERENV.dll
0x000007fefcfb0000 - 0x000007fefcfbf000 	C:\Windows\system32\CRYPTBASE.dll
0x000007fefac30000 - 0x000007fefac57000 	C:\Windows\system32\IPHLPAPI.DLL
0x000007fefac10000 - 0x000007fefac1b000 	C:\Windows\system32\WINNSI.DLL
0x000007fefaa80000 - 0x000007fefaa91000 	C:\Windows\system32\dhcpcsvc6.DLL
0x000007fefaaa0000 - 0x000007fefaab8000 	C:\Windows\system32\dhcpcsvc.DLL
0x000007fef1f50000 - 0x000007fef2075000 	C:\Windows\system32\dbghelp.dll

VM Arguments:
jvm_args: -Xmx1536m -Dfile.encoding=windows-1252 -Duser.country=US -Duser.language=en -Duser.variant 
java_command: org.gradle.launcher.daemon.bootstrap.GradleDaemon 5.4.1
java_class_path (initial): C:\Users\Lab 1 Kom 64\.gradle\wrapper\dists\gradle-5.4.1-all\3221gyojl5jsh0helicew7rwx\gradle-5.4.1\lib\gradle-launcher-5.4.1.jar
Launcher Type: SUN_STANDARD

Environment Variables:
PATH=C:\ProgramData\Oracle\Java\javapath;C:\Program Files (x86)\Intel\iCLS Client\;C:\Program Files\Intel\iCLS Client\;C:\Windows\system32;C:\Windows;C:\Windows\System32\Wbem;C:\Windows\System32\WindowsPowerShell\v1.0\;C:\Program Files\Intel\Intel(R) Management Engine Components\DAL;C:\Program Files\Intel\Intel(R) Management Engine Components\IPT;C:\Program Files (x86)\Intel\Intel(R) Management Engine Components\DAL;C:\Program Files (x86)\Intel\Intel(R) Management Engine Components\IPT;c:\Program Files (x86)\Microsoft SQL Server\90\Tools\binn\;;C:\Users\Lab 1 Kom 64\AppData\Local\Programs\Microsoft VS Code\bin
USERNAME=Lab 1 Kom 64
OS=Windows_NT
PROCESSOR_IDENTIFIER=Intel64 Family 6 Model 42 Stepping 7, GenuineIntel



---------------  S Y S T E M  ---------------

OS: Windows 7 , 64 bit Build 7601 (6.1.7601.17514)

CPU:total 4 (initial active 4) (4 cores per cpu, 1 threads per core) family 6 model 42 stepping 7, cmov, cx8, fxsr, mmx, sse, sse2, sse3, ssse3, sse4.1, sse4.2, popcnt, avx, aes, clmul, tsc, tscinvbit

Memory: 4k page, physical 8081136k(4696432k free), swap 16160428k(12323008k free)

vm_info: OpenJDK 64-Bit Server VM (25.202-b03) for windows-amd64 JRE (1.8.0_202-release-1483-b03), built by "builder" with MS VC++ 10.0 (VS2010)

time: Sun Oct 13 08:48:46 2019
timezone: SE Asia Standard Time
elapsed time: 5 seconds (0d 0h 0m 5s)

